<!DOCTYPE html PUBLIC "-//W3C//DTD XHTML 1.1//EN" "https://www.w3.org/TR/xhtml11/DTD/xhtml11.dtd">
<html xmlns="https://www.w3.org/1999/xhtml">
<head>
<meta http-equiv="content-type" content="text/html; charset=UTF-8"/>
<title>TestNG Report</title>
<style type="text/css">table {margin-bottom:10px;border-collapse:collapse;empty-cells:show}th,td {border:1px solid #009;padding:.25em .5em}th {vertical-align:bottom}td {vertical-align:top}table a {font-weight:bold}.stripe td {background-color: #E6EBF9}.num {text-align:right}.passedodd td {background-color: #3F3}.passedeven td {background-color: #0A0}.skippedodd td {background-color: #DDD}.skippedeven td {background-color: #CCC}.failedodd td,.attn {background-color: #F33}.failedeven td,.stripe .attn {background-color: #D00}.stacktrace {white-space:pre;font-family:monospace}.totop {font-size:85%;text-align:center;border-bottom:2px solid #000}.invisible {display:none}</style>
</head>
<body>
<table>
<tr><th>Test</th><th># Passed</th><th># Skipped</th><th># Retried</th><th># Failed</th><th>Time (ms)</th><th>Included Groups</th><th>Excluded Groups</th></tr>
<tr><th colspan="8">Default suite</th></tr>
<tr><td><a href="#t0">ContactUs Test</a></td><td class="num">4</td><td class="num">0</td><td class="num">0</td><td class="num">0</td><td class="num">78,204</td><td></td><td></td></tr>
<tr class="stripe"><td><a href="#t1">PartnerWithUs Test</a></td><td class="num">5</td><td class="num">0</td><td class="num">0</td><td class="num attn">1</td><td class="num">104,222</td><td></td><td></td></tr>
<tr><td><a href="#t2">MerchantRegistration Test</a></td><td class="num">11</td><td class="num">0</td><td class="num">0</td><td class="num attn">1</td><td class="num">225,823</td><td></td><td></td></tr>
<tr class="stripe"><td><a href="#t3">Login Test</a></td><td class="num">7</td><td class="num">0</td><td class="num">0</td><td class="num">0</td><td class="num">199,804</td><td></td><td></td></tr>
<tr><td><a href="#t4">Forgot_Password Test</a></td><td class="num">6</td><td class="num">0</td><td class="num attn">3</td><td class="num attn">1</td><td class="num">183,887</td><td></td><td></td></tr>
<tr class="stripe"><td><a href="#t5">Forgot_Username Test</a></td><td class="num">4</td><td class="num">0</td><td class="num">0</td><td class="num">0</td><td class="num">128,672</td><td></td><td></td></tr>
<tr><td><a href="#t6">Change_Profile_Info Test</a></td><td class="num">5</td><td class="num">0</td><td class="num">0</td><td class="num">0</td><td class="num">120,784</td><td></td><td></td></tr>
<tr class="stripe"><td><a href="#t7">Change_Email Test</a></td><td class="num">5</td><td class="num">0</td><td class="num">0</td><td class="num">0</td><td class="num">129,099</td><td></td><td></td></tr>
<tr><td><a href="#t8">Change_Password Test</a></td><td class="num">9</td><td class="num">0</td><td class="num">0</td><td class="num">0</td><td class="num">227,241</td><td></td><td></td></tr>
<tr class="stripe"><td><a href="#t9">Profile_Change_Mobile_Number Test</a></td><td class="num">9</td><td class="num">0</td><td class="num">0</td><td class="num">0</td><td class="num">207,260</td><td></td><td></td></tr>
<tr><td><a href="#t10">Change_Profile_Picture Test</a></td><td class="num">3</td><td class="num">0</td><td class="num attn">1</td><td class="num">0</td><td class="num">117,153</td><td></td><td></td></tr>
<tr class="stripe"><td><a href="#t11">Goto_Productdetailview Test</a></td><td class="num">1</td><td class="num">0</td><td class="num attn">9</td><td class="num attn">3</td><td class="num">325,527</td><td></td><td></td></tr>
<tr><td><a href="#t12">My_Order Test</a></td><td class="num">0</td><td class="num">0</td><td class="num">0</td><td class="num attn">2</td><td class="num">62,196</td><td></td><td></td></tr>
<tr class="stripe"><td><a href="#t13">Product_Listview_Left_Nav Test</a></td><td class="num">0</td><td class="num">0</td><td class="num attn">6</td><td class="num attn">2</td><td class="num">42,945</td><td></td><td></td></tr>
<tr><td><a href="#t14">Search_Goto_Detailview Test</a></td><td class="num">3</td><td class="num">0</td><td class="num">0</td><td class="num">0</td><td class="num">93,559</td><td></td><td></td></tr>
<tr class="stripe"><td><a href="#t15">Top_Category Test</a></td><td class="num">2</td><td class="num">0</td><td class="num">0</td><td class="num">0</td><td class="num">52,924</td><td></td><td></td></tr>
<tr><td><a href="#t16">Address Test</a></td><td class="num">9</td><td class="num">0</td><td class="num attn">1</td><td class="num">0</td><td class="num">420,785</td><td></td><td></td></tr>
<tr class="stripe"><td><a href="#t17">Resend_Email_Verification_Link Test</a></td><td class="num">5</td><td class="num">0</td><td class="num">0</td><td class="num">0</td><td class="num">118,808</td><td></td><td></td></tr>
<tr><td><a href="#t18">add_multiple_merchant_product_into_cart_from_login</a></td><td class="num">2</td><td class="num">0</td><td class="num">0</td><td class="num">0</td><td class="num">185,568</td><td></td><td></td></tr>
<tr class="stripe"><td><a href="#t19">Add_multiple_merchant_products_into_cart_guest</a></td><td class="num">2</td><td class="num">0</td><td class="num">0</td><td class="num">0</td><td class="num">119,252</td><td></td><td></td></tr>
<tr><td><a href="#t20">Add_to_fav_login</a></td><td class="num">0</td><td class="num">0</td><td class="num attn">6</td><td class="num attn">2</td><td class="num">92,089</td><td></td><td></td></tr>
<tr class="stripe"><td><a href="#t21">Addtofav_guest</a></td><td class="num">1</td><td class="num">0</td><td class="num attn">3</td><td class="num attn">1</td><td class="num">178,749</td><td></td><td></td></tr>
<tr><td><a href="#t22">Blog_post</a></td><td class="num">1</td><td class="num">0</td><td class="num">0</td><td class="num">0</td><td class="num">41,576</td><td></td><td></td></tr>
<tr class="stripe"><td><a href="#t23">featured_segment</a></td><td class="num">1</td><td class="num">0</td><td class="num">0</td><td class="num">0</td><td class="num">45,286</td><td></td><td></td></tr>
<tr><td><a href="#t24">Filters</a></td><td class="num">0</td><td class="num">0</td><td class="num attn">3</td><td class="num attn">1</td><td class="num">63,084</td><td></td><td></td></tr>
<tr class="stripe"><td><a href="#t25">Goto_artisans_and_producers_page_goto_shrujan_detail_view_from_here</a></td><td class="num">1</td><td class="num">0</td><td class="num">0</td><td class="num">0</td><td class="num">61,546</td><td></td><td></td></tr>
<tr><td><a href="#t26">place_order_login_withcondition</a></td><td class="num">0</td><td class="num">0</td><td class="num">0</td><td class="num attn">1</td><td class="num">124,570</td><td></td><td></td></tr>
<tr class="stripe"><td><a href="#t27">product_review_thumb_login </a></td><td class="num">1</td><td class="num">0</td><td class="num attn">3</td><td class="num attn">1</td><td class="num">212,247</td><td></td><td></td></tr>
<tr><td><a href="#t28">product_reviewt_thumb_guest</a></td><td class="num">0</td><td class="num">0</td><td class="num">0</td><td class="num attn">1</td><td class="num">61,094</td><td></td><td></td></tr>
<tr class="stripe"><td><a href="#t29">Quick_view_guest</a></td><td class="num">1</td><td class="num">0</td><td class="num">0</td><td class="num">0</td><td class="num">39,868</td><td></td><td></td></tr>
<tr><td><a href="#t30">Quick_view_login</a></td><td class="num">1</td><td class="num">0</td><td class="num">0</td><td class="num">0</td><td class="num">90,265</td><td></td><td></td></tr>
<tr class="stripe"><td><a href="#t31">Registration</a></td><td class="num">0</td><td class="num">0</td><td class="num attn">3</td><td class="num attn">1</td><td class="num">227,776</td><td></td><td></td></tr>
<tr><th>Total</th><th class="num">99</th><th class="num">0</th><th class="num attn">38</th><th class="num attn">18</th><th class="num">4,381,863</th><th colspan="2"></th></tr>
</table>
<table id='summary'><thead><tr><th>Class</th><th>Method</th><th>Start</th><th>Time (ms)</th></tr></thead><tbody><tr><th colspan="4">Default suite</th></tr></tbody><tbody id="t0"><tr><th colspan="4">ContactUs Test &#8212; passed</th></tr><tr class="passedeven"><td rowspan="4">megastores.ContactUs</td><td><a href="#m0">InvalidEmail</a></td><td rowspan="1">1591955599505</td><td rowspan="1">11981</td></tr><tr class="passedeven"><td><a href="#m1">InvaliduserName</a></td><td rowspan="1">1591955587222</td><td rowspan="1">12283</td></tr><tr class="passedeven"><td><a href="#m2">openUrl</a></td><td rowspan="1">1591955546038</td><td rowspan="1">41176</td></tr><tr class="passedeven"><td><a href="#m3">validData</a></td><td rowspan="1">1591955611486</td><td rowspan="1">11893</td></tr></tbody>
<tbody id="t1"><tr><th colspan="4">PartnerWithUs Test &#8212; failed</th></tr><tr class="failedeven"><td rowspan="1">megastores.PartnerWithUs</td><td><a href="#m4">InvalidShopName</a></td><td rowspan="1">1591955657750</td><td rowspan="1">100</td></tr><tr><th colspan="4">PartnerWithUs Test &#8212; passed</th></tr><tr class="passedeven"><td rowspan="5">megastores.PartnerWithUs</td><td><a href="#m5">InvalidEmail</a></td><td rowspan="1">1591955693528</td><td rowspan="1">17092</td></tr><tr class="passedeven"><td><a href="#m6">InvalidName</a></td><td rowspan="1">1591955657856</td><td rowspan="1">18424</td></tr><tr class="passedeven"><td><a href="#m7">InvalidNumber</a></td><td rowspan="1">1591955676280</td><td rowspan="1">17248</td></tr><tr class="passedeven"><td><a href="#m8">openUrl</a></td><td rowspan="1">1591955624225</td><td rowspan="1">33521</td></tr><tr class="passedeven"><td><a href="#m9">validData</a></td><td rowspan="1">1591955710620</td><td rowspan="1">17122</td></tr></tbody>
<tbody id="t2"><tr><th colspan="4">MerchantRegistration Test &#8212; failed</th></tr><tr class="failedeven"><td rowspan="1">megastores.MerchantRegistration</td><td><a href="#m10">EmptyFields</a></td><td rowspan="1">1591955744013</td><td rowspan="1">25610</td></tr><tr><th colspan="4">MerchantRegistration Test &#8212; passed</th></tr><tr class="passedeven"><td rowspan="11">megastores.MerchantRegistration</td><td><a href="#m11">inValidNumericShopName</a></td><td rowspan="1">1591955778240</td><td rowspan="1">12083</td></tr><tr class="passedeven"><td><a href="#m12">inValidNumericUsername</a></td><td rowspan="1">1591955774926</td><td rowspan="1">3312</td></tr><tr class="passedeven"><td><a href="#m13">inValidPasswordCombination</a></td><td rowspan="1">1591955804531</td><td rowspan="1">14326</td></tr><tr class="passedeven"><td><a href="#m14">inValidPasswordlength</a></td><td rowspan="1">1591955790326</td><td rowspan="1">14202</td></tr><tr class="passedeven"><td><a href="#m15">inValidUsernameLength</a></td><td rowspan="1">1591955769625</td><td rowspan="1">5297</td></tr><tr class="passedeven"><td><a href="#m16">invalidEmail</a></td><td rowspan="1">1591955835284</td><td rowspan="1">20542</td></tr><tr class="passedeven"><td><a href="#m17">invalidMobile</a></td><td rowspan="1">1591955855828</td><td rowspan="1">23104</td></tr><tr class="passedeven"><td><a href="#m18">invalidPincode</a></td><td rowspan="1">1591955878934</td><td rowspan="1">29552</td></tr><tr class="passedeven"><td><a href="#m19">openUrl</a></td><td rowspan="1">1591955728505</td><td rowspan="1">15498</td></tr><tr class="passedeven"><td><a href="#m20">retypePasswordNoMatch</a></td><td rowspan="1">1591955818859</td><td rowspan="1">16422</td></tr><tr class="passedeven"><td><a href="#m21">validData</a></td><td rowspan="1">1591955908488</td><td rowspan="1">45147</td></tr></tbody>
<tbody id="t3"><tr><th colspan="4">Login Test &#8212; passed</th></tr><tr class="passedeven"><td rowspan="7">megastores.Login</td><td><a href="#m22">empusername_emppassword</a></td><td rowspan="1">1591956091431</td><td rowspan="1">20936</td></tr><tr class="passedeven"><td><a href="#m23">empusername_valpassword</a></td><td rowspan="1">1591956112367</td><td rowspan="1">20394</td></tr><tr class="passedeven"><td><a href="#m24">invusername_invpassword</a></td><td rowspan="1">1591956068618</td><td rowspan="1">22813</td></tr><tr class="passedeven"><td><a href="#m25">login_invusername_validpass</a></td><td rowspan="1">1591956022286</td><td rowspan="1">22840</td></tr><tr class="passedeven"><td><a href="#m26">login_valid_username_password</a></td><td rowspan="1">1591955982690</td><td rowspan="1">39595</td></tr><tr class="passedeven"><td><a href="#m27">valusername_emppassword</a></td><td rowspan="1">1591956132761</td><td rowspan="1">20557</td></tr><tr class="passedeven"><td><a href="#m28">valusername_invpass</a></td><td rowspan="1">1591956045127</td><td rowspan="1">23491</td></tr></tbody>
<tbody id="t4"><tr><th colspan="4">Forgot_Password Test &#8212; failed</th></tr><tr class="failedeven"><td rowspan="1">megastores.Forgot_Password</td><td><a href="#m29">existing_email_id</a></td><td rowspan="1">1591956201979</td><td rowspan="1">12</td></tr><tr><th colspan="4">Forgot_Password Test &#8212; retried</th></tr><tr class="retriedeven"><td rowspan="3">megastores.Forgot_Password</td><td><a href="#m30">existing_email_id</a></td><td rowspan="3">1591956201960</td><td rowspan="3">7</td></tr><tr class="retriedeven"><td><a href="#m31">existing_email_id</a></td></tr><tr class="retriedeven"><td><a href="#m32">existing_email_id</a></td></tr><tr><th colspan="4">Forgot_Password Test &#8212; passed</th></tr><tr class="passedeven"><td rowspan="6">megastores.Forgot_Password</td><td><a href="#m33">empty_field</a></td><td rowspan="1">1591956321323</td><td rowspan="1">16027</td></tr><tr class="passedeven"><td><a href="#m34">existing_phone_number</a></td><td rowspan="1">1591956221318</td><td rowspan="1">32690</td></tr><tr class="passedeven"><td><a href="#m35">existing_user_name</a></td><td rowspan="1">1591956274288</td><td rowspan="1">28657</td></tr><tr class="passedeven"><td><a href="#m36">non_existing_email_id</a></td><td rowspan="1">1591956201993</td><td rowspan="1">19323</td></tr><tr class="passedeven"><td><a href="#m37">non_existing_phone_number</a></td><td rowspan="1">1591956254009</td><td rowspan="1">20278</td></tr><tr class="passedeven"><td><a href="#m38">non_existing_username</a></td><td rowspan="1">1591956302946</td><td rowspan="1">18376</td></tr></tbody>
<tbody id="t5"><tr><th colspan="4">Forgot_Username Test &#8212; passed</th></tr><tr class="passedeven"><td rowspan="4">megastores.Forgot_Username</td><td><a href="#m39">fgt_user_non_existing_username</a></td><td rowspan="1">1591956385567</td><td rowspan="1">26630</td></tr><tr class="passedeven"><td><a href="#m40">fgt_usr_empty_email</a></td><td rowspan="1">1591956412198</td><td rowspan="1">27177</td></tr><tr class="passedeven"><td><a href="#m41">fgt_usr_existing_username</a></td><td rowspan="1">1591956359184</td><td rowspan="1">26381</td></tr><tr class="passedeven"><td><a href="#m42">fgt_usr_invalid_email</a></td><td rowspan="1">1591956439377</td><td rowspan="1">26666</td></tr></tbody>
<tbody id="t6"><tr><th colspan="4">Change_Profile_Info Test &#8212; passed</th></tr><tr class="passedeven"><td rowspan="5">megastores.Change_Profile_Info</td><td><a href="#m43">Go_to_profile</a></td><td rowspan="1">1591956489167</td><td rowspan="1">33755</td></tr><tr class="passedeven"><td><a href="#m44">all_filled_details</a></td><td rowspan="1">1591956566758</td><td rowspan="1">20122</td></tr><tr class="passedeven"><td><a href="#m45">empty_fname</a></td><td rowspan="1">1591956539648</td><td rowspan="1">13552</td></tr><tr class="passedeven"><td><a href="#m46">empty_fname_lname</a></td><td rowspan="1">1591956522924</td><td rowspan="1">16723</td></tr><tr class="passedeven"><td><a href="#m47">lname_empty</a></td><td rowspan="1">1591956553202</td><td rowspan="1">13554</td></tr></tbody>
<tbody id="t7"><tr><th colspan="4">Change_Email Test &#8212; passed</th></tr><tr class="passedeven"><td rowspan="5">megastores.Change_Email</td><td><a href="#m48">Go_to_change_email</a></td><td rowspan="1">1591956608230</td><td rowspan="1">37026</td></tr><tr class="passedeven"><td><a href="#m49">change_email_existing_id</a></td><td rowspan="1">1591956682276</td><td rowspan="1">13763</td></tr><tr class="passedeven"><td><a href="#m50">change_email_invalid_email</a></td><td rowspan="1">1591956657609</td><td rowspan="1">24665</td></tr><tr class="passedeven"><td><a href="#m51">change_email_valid_id</a></td><td rowspan="1">1591956696041</td><td rowspan="1">19959</td></tr><tr class="passedeven"><td><a href="#m52">chng_email_empty_mail_id</a></td><td rowspan="1">1591956645257</td><td rowspan="1">12351</td></tr></tbody>
<tbody id="t8"><tr><th colspan="4">Change_Password Test &#8212; passed</th></tr><tr class="passedeven"><td rowspan="9">megastores.Change_Password</td><td><a href="#m53">change_pass_all_empty</a></td><td rowspan="1">1591956774696</td><td rowspan="1">15633</td></tr><tr class="passedeven"><td><a href="#m54">change_pass_all_validdata</a></td><td rowspan="1">1591956895819</td><td rowspan="1">23953</td></tr><tr class="passedeven"><td><a href="#m55">change_pass_format_check</a></td><td rowspan="1">1591956826865</td><td rowspan="1">21018</td></tr><tr class="passedeven"><td><a href="#m56">change_pass_min_length_check</a></td><td rowspan="1">1591956805891</td><td rowspan="1">20972</td></tr><tr class="passedeven"><td><a href="#m57">change_pass_new_confirm_dont_match</a></td><td rowspan="1">1591956847885</td><td rowspan="1">21087</td></tr><tr class="passedeven"><td><a href="#m58">change_pass_old_empty</a></td><td rowspan="1">1591956790333</td><td rowspan="1">15555</td></tr><tr class="passedeven"><td><a href="#m59">change_pass_old_pass_dont_match</a></td><td rowspan="1">1591956868973</td><td rowspan="1">26844</td></tr><tr class="passedeven"><td><a href="#m60">go_to_change_pass</a></td><td rowspan="1">1591956738245</td><td rowspan="1">36449</td></tr><tr class="passedeven"><td><a href="#m61">reset_password</a></td><td rowspan="1">1591956919774</td><td rowspan="1">23455</td></tr></tbody>
<tbody id="t9"><tr><th colspan="4">Profile_Change_Mobile_Number Test &#8212; passed</th></tr><tr class="passedeven"><td rowspan="9">megastores.Profile_Change_Mobile_Number</td><td><a href="#m62">Go_to_Change_mobile_number</a></td><td rowspan="1">1591956966603</td><td rowspan="1">35765</td></tr><tr class="passedeven"><td><a href="#m63">empty_field</a></td><td rowspan="1">1591957002368</td><td rowspan="1">6551</td></tr><tr class="passedeven"><td><a href="#m64">fifteen_numbers</a></td><td rowspan="1">1591957101538</td><td rowspan="1">48874</td></tr><tr class="passedeven"><td><a href="#m65">four_alphabets</a></td><td rowspan="1">1591957016402</td><td rowspan="1">9573</td></tr><tr class="passedeven"><td><a href="#m66">four_numbers</a></td><td rowspan="1">1591957038592</td><td rowspan="1">12566</td></tr><tr class="passedeven"><td><a href="#m67">phone_number_exist</a></td><td rowspan="1">1591957008919</td><td rowspan="1">7483</td></tr><tr class="passedeven"><td><a href="#m68">sixteen_numbers</a></td><td rowspan="1">1591957051160</td><td rowspan="1">12666</td></tr><tr class="passedeven"><td><a href="#m69">ten_alphabets</a></td><td rowspan="1">1591957025975</td><td rowspan="1">12617</td></tr><tr class="passedeven"><td><a href="#m70">ten_numbers</a></td><td rowspan="1">1591957063826</td><td rowspan="1">37711</td></tr></tbody>
<tbody id="t10"><tr><th colspan="4">Change_Profile_Picture Test &#8212; retried</th></tr><tr class="retriedeven"><td rowspan="1">megastores.Change_Profile_Picture</td><td><a href="#m71">edit_invalid_profile_pic</a></td><td rowspan="1">1591957242759</td><td rowspan="1">11995</td></tr><tr><th colspan="4">Change_Profile_Picture Test &#8212; passed</th></tr><tr class="passedeven"><td rowspan="3">megastores.Change_Profile_Picture</td><td><a href="#m72">Go_to_profile</a></td><td rowspan="1">1591957174858</td><td rowspan="1">35489</td></tr><tr class="passedeven"><td><a href="#m73">edit_invalid_profile_pic</a></td><td rowspan="1">1591957254755</td><td rowspan="1">12932</td></tr><tr class="passedeven"><td><a href="#m74">edit_valid_profile_pic</a></td><td rowspan="1">1591957210349</td><td rowspan="1">32407</td></tr></tbody>
<tbody id="t11"><tr><th colspan="4">Goto_Productdetailview Test &#8212; failed</th></tr><tr class="failedeven"><td rowspan="3">megastores.Goto_productdetailveiw</td><td><a href="#m75">go_to_detailview_shopby</a></td><td rowspan="1">1591957463558</td><td rowspan="1">14387</td></tr><tr class="failedeven"><td><a href="#m76">goto_detailview_Dashboard</a></td><td rowspan="1">1591957359327</td><td rowspan="1">17372</td></tr><tr class="failedeven"><td><a href="#m77">goto_detailview_cart</a></td><td rowspan="1">1591957564032</td><td rowspan="1">29137</td></tr><tr><th colspan="4">Goto_Productdetailview Test &#8212; retried</th></tr><tr class="retriedeven"><td rowspan="9">megastores.Goto_productdetailveiw</td><td><a href="#m78">go_to_detailview_shopby</a></td><td rowspan="3">1591957434807</td><td rowspan="3">14229</td></tr><tr class="retriedeven"><td><a href="#m79">go_to_detailview_shopby</a></td></tr><tr class="retriedeven"><td><a href="#m80">go_to_detailview_shopby</a></td></tr><tr class="retriedeven"><td><a href="#m81">goto_detailview_Dashboard</a></td><td rowspan="3">1591957299773</td><td rowspan="3">23637</td></tr><tr class="retriedeven"><td><a href="#m82">goto_detailview_Dashboard</a></td></tr><tr class="retriedeven"><td><a href="#m83">goto_detailview_Dashboard</a></td></tr><tr class="retriedeven"><td><a href="#m84">goto_detailview_cart</a></td><td rowspan="3">1591957477946</td><td rowspan="3">35523</td></tr><tr class="retriedeven"><td><a href="#m85">goto_detailview_cart</a></td></tr><tr class="retriedeven"><td><a href="#m86">goto_detailview_cart</a></td></tr><tr><th colspan="4">Goto_Productdetailview Test &#8212; passed</th></tr><tr class="passedeven"><td rowspan="1">megastores.Goto_productdetailveiw</td><td><a href="#m87">goto_detailview_solar</a></td><td rowspan="1">1591957376702</td><td rowspan="1">43627</td></tr></tbody>
<tbody id="t12"><tr><th colspan="4">My_Order Test &#8212; failed</th></tr><tr class="failedeven"><td rowspan="2">megastores.My_Order</td><td><a href="#m88">place_order</a></td><td rowspan="1">1591957614334</td><td rowspan="1">35991</td></tr><tr class="failedeven"><td><a href="#m89">view_latest_order</a></td><td rowspan="1">1591957650327</td><td rowspan="1">5154</td></tr></tbody>
<tbody id="t13"><tr><th colspan="4">Product_Listview_Left_Nav Test &#8212; failed</th></tr><tr class="failedeven"><td rowspan="2">megastores.Product_Listview_Left_Nav</td><td><a href="#m90">click_load_more</a></td><td rowspan="1">1591957698057</td><td rowspan="1">388</td></tr><tr class="failedeven"><td><a href="#m91">go_to_listview</a></td><td rowspan="1">1591957695260</td><td rowspan="1">2587</td></tr><tr><th colspan="4">Product_Listview_Left_Nav Test &#8212; retried</th></tr><tr class="retriedeven"><td rowspan="6">megastores.Product_Listview_Left_Nav</td><td><a href="#m92">click_load_more</a></td><td rowspan="3">1591957697947</td><td rowspan="3">83</td></tr><tr class="retriedeven"><td><a href="#m93">click_load_more</a></td></tr><tr class="retriedeven"><td><a href="#m94">click_load_more</a></td></tr><tr class="retriedeven"><td><a href="#m95">go_to_listview</a></td><td rowspan="3">1591957679322</td><td rowspan="3">9316</td></tr><tr class="retriedeven"><td><a href="#m96">go_to_listview</a></td></tr><tr class="retriedeven"><td><a href="#m97">go_to_listview</a></td></tr></tbody>
<tbody id="t14"><tr><th colspan="4">Search_Goto_Detailview Test &#8212; passed</th></tr><tr class="passedeven"><td rowspan="3">megastores.Search_Goto_Detailview</td><td><a href="#m98">goto_detailview_mohmed_khatri</a></td><td rowspan="1">1591957765521</td><td rowspan="1">26490</td></tr><tr class="passedeven"><td><a href="#m99">goto_detailview_vrdi</a></td><td rowspan="1">1591957742451</td><td rowspan="1">23069</td></tr><tr class="passedeven"><td><a href="#m100">search_Goto_detailview_shrujan</a></td><td rowspan="1">1591957715686</td><td rowspan="1">26763</td></tr></tbody>
<tbody id="t15"><tr><th colspan="4">Top_Category Test &#8212; passed</th></tr><tr class="passedeven"><td rowspan="2">megastores.Top_Category</td><td><a href="#m101">click_bag</a></td><td rowspan="1">1591957818779</td><td rowspan="1">12697</td></tr><tr class="passedeven"><td><a href="#m102">click_load_more</a></td><td rowspan="1">1591957831477</td><td rowspan="1">13573</td></tr></tbody>
<tbody id="t16"><tr><th colspan="4">Address Test &#8212; retried</th></tr><tr class="retriedeven"><td rowspan="1">megastores.Address</td><td><a href="#m103">valid_add_address_default</a></td><td rowspan="1">1591958057016</td><td rowspan="1">68350</td></tr><tr><th colspan="4">Address Test &#8212; passed</th></tr><tr class="passedeven"><td rowspan="9">megastores.Address</td><td><a href="#m104">delete_added_address_default</a></td><td rowspan="1">1591958261892</td><td rowspan="1">3934</td></tr><tr class="passedeven"><td><a href="#m105">delete_added_address_no_default</a></td><td rowspan="1">1591958243498</td><td rowspan="1">18393</td></tr><tr class="passedeven"><td><a href="#m106">delete_address</a></td><td rowspan="1">1591958219721</td><td rowspan="1">23776</td></tr><tr class="passedeven"><td><a href="#m107">edit_details</a></td><td rowspan="1">1591958185398</td><td rowspan="1">34321</td></tr><tr class="passedeven"><td><a href="#m108">empty_address</a></td><td rowspan="1">1591957913858</td><td rowspan="1">40660</td></tr><tr class="passedeven"><td><a href="#m109">existing_address_title</a></td><td rowspan="1">1591957954519</td><td rowspan="1">49569</td></tr><tr class="passedeven"><td><a href="#m110">goto_address</a></td><td rowspan="1">1591957871751</td><td rowspan="1">42105</td></tr><tr class="passedeven"><td><a href="#m111">valid_add_address</a></td><td rowspan="1">1591958004089</td><td rowspan="1">52926</td></tr><tr class="passedeven"><td><a href="#m112">valid_add_address_default</a></td><td rowspan="1">1591958125367</td><td rowspan="1">60029</td></tr></tbody>
<tbody id="t17"><tr><th colspan="4">Resend_Email_Verification_Link Test &#8212; passed</th></tr><tr class="passedeven"><td rowspan="5">megastores.Resend_Email_Verification_Link</td><td><a href="#m113">Go_to_My_Account</a></td><td rowspan="1">1591958284356</td><td rowspan="1">38145</td></tr><tr class="passedeven"><td><a href="#m114">empty_email</a></td><td rowspan="1">1591958322501</td><td rowspan="1">9585</td></tr><tr class="passedeven"><td><a href="#m115">existing_mail</a></td><td rowspan="1">1591958357174</td><td rowspan="1">11003</td></tr><tr class="passedeven"><td><a href="#m116">invalid_email</a></td><td rowspan="1">1591958332086</td><td rowspan="1">25088</td></tr><tr class="passedeven"><td><a href="#m117">valid_email</a></td><td rowspan="1">1591958368178</td><td rowspan="1">16421</td></tr></tbody>
<tbody id="t18"><tr><th colspan="4">add_multiple_merchant_product_into_cart_from_login &#8212; passed</th></tr><tr class="passedeven"><td rowspan="2">megastores.add_multiple_merchant_product_into_cart_from_login</td><td><a href="#m118">add_product_diff_merchant_guest</a></td><td rowspan="1">1591958468738</td><td rowspan="1">101480</td></tr><tr class="passedeven"><td><a href="#m119">goto_product_listview</a></td><td rowspan="1">1591958401734</td><td rowspan="1">67002</td></tr></tbody>
<tbody id="t19"><tr><th colspan="4">Add_multiple_merchant_products_into_cart_guest &#8212; passed</th></tr><tr class="passedeven"><td rowspan="2">megastores.Add_multiple_merchant_products_into_cart_guest</td><td><a href="#m120">add_product_diff_merchant_guest</a></td><td rowspan="1">1591958611042</td><td rowspan="1">78452</td></tr><tr class="passedeven"><td><a href="#m121">add_product_multiple_merchant_guest</a></td><td rowspan="1">1591958595011</td><td rowspan="1">16029</td></tr></tbody>
<tbody id="t20"><tr><th colspan="4">Add_to_fav_login &#8212; failed</th></tr><tr class="failedeven"><td rowspan="2">megastores.Add_to_fav_login</td><td><a href="#m122">Goto_productdetailview</a></td><td rowspan="1">1591958761196</td><td rowspan="1">10398</td></tr><tr class="failedeven"><td><a href="#m123">add_prod_fav_login</a></td><td rowspan="1">1591958781832</td><td rowspan="1">2</td></tr><tr><th colspan="4">Add_to_fav_login &#8212; retried</th></tr><tr class="retriedeven"><td rowspan="6">megastores.Add_to_fav_login</td><td><a href="#m124">Goto_productdetailview</a></td><td rowspan="3">1591958750821</td><td rowspan="3">10373</td></tr><tr class="retriedeven"><td><a href="#m125">Goto_productdetailview</a></td></tr><tr class="retriedeven"><td><a href="#m126">Goto_productdetailview</a></td></tr><tr class="retriedeven"><td><a href="#m127">add_prod_fav_login</a></td><td rowspan="3">1591958771596</td><td rowspan="3">10226</td></tr><tr class="retriedeven"><td><a href="#m128">add_prod_fav_login</a></td></tr><tr class="retriedeven"><td><a href="#m129">add_prod_fav_login</a></td></tr></tbody>
<tbody id="t21"><tr><th colspan="4">Addtofav_guest &#8212; failed</th></tr><tr class="failedeven"><td rowspan="1">megastores.Addtofav_guest</td><td><a href="#m130">favlogin</a></td><td rowspan="1">1591958937912</td><td rowspan="1">22532</td></tr><tr><th colspan="4">Addtofav_guest &#8212; retried</th></tr><tr class="retriedeven"><td rowspan="3">megastores.Addtofav_guest</td><td><a href="#m131">favlogin</a></td><td rowspan="3">1591958870381</td><td rowspan="3">22513</td></tr><tr class="retriedeven"><td><a href="#m132">favlogin</a></td></tr><tr class="retriedeven"><td><a href="#m133">favlogin</a></td></tr><tr><th colspan="4">Addtofav_guest &#8212; passed</th></tr><tr class="passedeven"><td rowspan="1">megastores.Addtofav_guest</td><td><a href="#m134">clickonfav_and_login</a></td><td rowspan="1">1591958801641</td><td rowspan="1">68739</td></tr></tbody>
<tbody id="t22"><tr><th colspan="4">Blog_post &#8212; passed</th></tr><tr class="passedeven"><td rowspan="1">megastores.Blog_post</td><td><a href="#m135">blog_post</a></td><td rowspan="1">1591958976695</td><td rowspan="1">25417</td></tr></tbody>
<tbody id="t23"><tr><th colspan="4">featured_segment &#8212; passed</th></tr><tr class="passedeven"><td rowspan="1">megastores.featured_segment</td><td><a href="#m136">featured_segment</a></td><td rowspan="1">1591959021261</td><td rowspan="1">26152</td></tr></tbody>
<tbody id="t24"><tr><th colspan="4">Filters &#8212; failed</th></tr><tr class="failedeven"><td rowspan="1">megastores.Filters</td><td><a href="#m137">filter</a></td><td rowspan="1">1591959100304</td><td rowspan="1">10213</td></tr><tr><th colspan="4">Filters &#8212; retried</th></tr><tr class="retriedeven"><td rowspan="3">megastores.Filters</td><td><a href="#m138">filter</a></td><td rowspan="3">1591959090064</td><td rowspan="3">10238</td></tr><tr class="retriedeven"><td><a href="#m139">filter</a></td></tr><tr class="retriedeven"><td><a href="#m140">filter</a></td></tr></tbody>
<tbody id="t25"><tr><th colspan="4">Goto_artisans_and_producers_page_goto_shrujan_detail_view_from_here &#8212; passed</th></tr><tr class="passedeven"><td rowspan="1">megastores.Goto_artisans_and_producers_page_goto_shrujan_detail_view_from_here</td><td><a href="#m141">goto_artisans_producers</a></td><td rowspan="1">1591959132774</td><td rowspan="1">39293</td></tr></tbody>
<tbody id="t26"><tr><th colspan="4">place_order_login_withcondition &#8212; failed</th></tr><tr class="failedeven"><td rowspan="1">megastores.place_order_login_withcondition</td><td><a href="#m142">place_order_login</a></td><td rowspan="1">1591959196067</td><td rowspan="1">100574</td></tr></tbody>
<tbody id="t27"><tr><th colspan="4">product_review_thumb_login  &#8212; failed</th></tr><tr class="failedeven"><td rowspan="1">megastores.product_review_thumb_login</td><td><a href="#m143">vote_review</a></td><td rowspan="1">1591959475490</td><td rowspan="1">33379</td></tr><tr><th colspan="4">product_review_thumb_login  &#8212; retried</th></tr><tr class="retriedeven"><td rowspan="3">megastores.product_review_thumb_login</td><td><a href="#m144">vote_review</a></td><td rowspan="3">1591959442614</td><td rowspan="3">32875</td></tr><tr class="retriedeven"><td><a href="#m145">vote_review</a></td></tr><tr class="retriedeven"><td><a href="#m146">vote_review</a></td></tr><tr><th colspan="4">product_review_thumb_login  &#8212; passed</th></tr><tr class="passedeven"><td rowspan="1">megastores.product_review_thumb_login</td><td><a href="#m147">goto_login</a></td><td rowspan="1">1591959315629</td><td rowspan="1">37509</td></tr></tbody>
<tbody id="t28"><tr><th colspan="4">product_reviewt_thumb_guest &#8212; failed</th></tr><tr class="failedeven"><td rowspan="1">megastores.product_reviewt_thumb_guest</td><td><a href="#m148">vote_review_guest</a></td><td rowspan="1">1591959509664</td><td rowspan="1">60325</td></tr></tbody>
<tbody id="t29"><tr><th colspan="4">Quick_view_guest &#8212; passed</th></tr><tr class="passedeven"><td rowspan="1">megastores.Quick_view_guest</td><td><a href="#m149">quickview_guest</a></td><td rowspan="1">1591959588698</td><td rowspan="1">21254</td></tr></tbody>
<tbody id="t30"><tr><th colspan="4">Quick_view_login &#8212; passed</th></tr><tr class="passedeven"><td rowspan="1">megastores.Quick_view_login</td><td><a href="#m150">quickview_login</a></td><td rowspan="1">1591959625814</td><td rowspan="1">74379</td></tr></tbody>
<tbody id="t31"><tr><th colspan="4">Registration &#8212; failed</th></tr><tr class="failedeven"><td rowspan="1">megastores.Registration</td><td><a href="#m151">register</a></td><td rowspan="1">1591959875181</td><td rowspan="1">52799</td></tr><tr><th colspan="4">Registration &#8212; retried</th></tr><tr class="retriedeven"><td rowspan="3">megastores.Registration</td><td><a href="#m152">register</a></td><td rowspan="3">1591959717950</td><td rowspan="3">52144</td></tr><tr class="retriedeven"><td><a href="#m153">register</a></td></tr><tr class="retriedeven"><td><a href="#m154">register</a></td></tr></tbody>
</table>
<h2>ContactUs Test</h2><h3 id="m0">megastores.ContactUs#InvalidEmail</h3><table class="result"><tr><th class="invisible"/></tr></table><p class="totop"><a href="#summary">back to summary</a></p>
<h3 id="m1">megastores.ContactUs#InvaliduserName</h3><table class="result"><tr><th class="invisible"/></tr></table><p class="totop"><a href="#summary">back to summary</a></p>
<h3 id="m2">megastores.ContactUs#openUrl</h3><table class="result"><tr><th>Messages</th></tr><tr><td><div class="messages">Browser launched !!<br/>Contact us page opened !!</div></td></tr></table><p class="totop"><a href="#summary">back to summary</a></p>
<h3 id="m3">megastores.ContactUs#validData</h3><table class="result"><tr><th class="invisible"/></tr></table><p class="totop"><a href="#summary">back to summary</a></p>
<h2>PartnerWithUs Test</h2><h3 id="m4">megastores.PartnerWithUs#InvalidShopName</h3><table class="result"><tr><th>Messages</th></tr><tr><td><div class="messages">Test failed for invalid shop name</div></td></tr><tr><th>Exception</th></tr><tr><td><div class="stacktrace">java.lang.AssertionError: null
	at org.testng.Assert.fail(Assert.java:97)
	at org.testng.Assert.fail(Assert.java:102)
	at megastores.PartnerWithUs.InvalidShopName(PartnerWithUs.java:106)
	at sun.reflect.NativeMethodAccessorImpl.invoke0(Native Method)
	at sun.reflect.NativeMethodAccessorImpl.invoke(NativeMethodAccessorImpl.java:62)
	at sun.reflect.DelegatingMethodAccessorImpl.invoke(DelegatingMethodAccessorImpl.java:43)
	at java.lang.reflect.Method.invoke(Method.java:498)
	at org.testng.internal.MethodInvocationHelper.invokeMethod(MethodInvocationHelper.java:135)
	at org.testng.internal.TestInvoker.invokeMethod(TestInvoker.java:598)
	at org.testng.internal.TestInvoker.invokeTestMethod(TestInvoker.java:174)
	at org.testng.internal.MethodRunner.runInSequence(MethodRunner.java:46)
	at org.testng.internal.TestInvoker$MethodInvocationAgent.invoke(TestInvoker.java:821)
	at org.testng.internal.TestInvoker.invokeTestMethods(TestInvoker.java:147)
	at org.testng.internal.TestMethodWorker.invokeTestMethods(TestMethodWorker.java:146)
	at org.testng.internal.TestMethodWorker.run(TestMethodWorker.java:128)
	at java.util.ArrayList.forEach(ArrayList.java:1257)
	at org.testng.TestRunner.privateRun(TestRunner.java:767)
	at org.testng.TestRunner.run(TestRunner.java:588)
	at org.testng.SuiteRunner.runTest(SuiteRunner.java:384)
	at org.testng.SuiteRunner.runSequentially(SuiteRunner.java:378)
	at org.testng.SuiteRunner.privateRun(SuiteRunner.java:337)
	at org.testng.SuiteRunner.run(SuiteRunner.java:286)
	at org.testng.SuiteRunnerWorker.runSuite(SuiteRunnerWorker.java:53)
	at org.testng.SuiteRunnerWorker.run(SuiteRunnerWorker.java:96)
	at org.testng.TestNG.runSuitesSequentially(TestNG.java:1214)
	at org.testng.TestNG.runSuitesLocally(TestNG.java:1136)
	at org.testng.TestNG.runSuites(TestNG.java:1066)
	at org.testng.TestNG.run(TestNG.java:1034)
	at org.testng.remote.AbstractRemoteTestNG.run(AbstractRemoteTestNG.java:115)
	at org.testng.remote.RemoteTestNG.initAndRun(RemoteTestNG.java:251)
	at org.testng.remote.RemoteTestNG.main(RemoteTestNG.java:77)
</div></td></tr></table><p class="totop"><a href="#summary">back to summary</a></p>
<h3 id="m5">megastores.PartnerWithUs#InvalidEmail</h3><table class="result"><tr><th>Messages</th></tr><tr><td><div class="messages">Test passed for invalid Email : The email must be a valid email address.</div></td></tr></table><p class="totop"><a href="#summary">back to summary</a></p>
<h3 id="m6">megastores.PartnerWithUs#InvalidName</h3><table class="result"><tr><th>Messages</th></tr><tr><td><div class="messages">Test passed for invalid Name : The contact person format is invalid.</div></td></tr></table><p class="totop"><a href="#summary">back to summary</a></p>
<h3 id="m7">megastores.PartnerWithUs#InvalidNumber</h3><table class="result"><tr><th>Messages</th></tr><tr><td><div class="messages">Test passed for invalid Mobile No. : The contact number must be a number.</div></td></tr></table><p class="totop"><a href="#summary">back to summary</a></p>
<h3 id="m8">megastores.PartnerWithUs#openUrl</h3><table class="result"><tr><th>Messages</th></tr><tr><td><div class="messages">Browser launched !!<br/>Partner with us page opened !!</div></td></tr></table><p class="totop"><a href="#summary">back to summary</a></p>
<h3 id="m9">megastores.PartnerWithUs#validData</h3><table class="result"><tr><th>Messages</th></tr><tr><td><div class="messages">Test passed for valid data : Request submitted successfully</div></td></tr></table><p class="totop"><a href="#summary">back to summary</a></p>
<h2>MerchantRegistration Test</h2><h3 id="m10">megastores.MerchantRegistration#EmptyFields</h3><table class="result"><tr><th>Messages</th></tr><tr><td><div class="messages">Test failed for empty fields</div></td></tr><tr><th>Exception</th></tr><tr><td><div class="stacktrace">java.lang.AssertionError: null
	at org.testng.Assert.fail(Assert.java:97)
	at org.testng.Assert.fail(Assert.java:102)
	at megastores.MerchantRegistration.EmptyFields(MerchantRegistration.java:119)
	at sun.reflect.NativeMethodAccessorImpl.invoke0(Native Method)
	at sun.reflect.NativeMethodAccessorImpl.invoke(NativeMethodAccessorImpl.java:62)
	at sun.reflect.DelegatingMethodAccessorImpl.invoke(DelegatingMethodAccessorImpl.java:43)
	at java.lang.reflect.Method.invoke(Method.java:498)
	at org.testng.internal.MethodInvocationHelper.invokeMethod(MethodInvocationHelper.java:135)
	at org.testng.internal.TestInvoker.invokeMethod(TestInvoker.java:598)
	at org.testng.internal.TestInvoker.invokeTestMethod(TestInvoker.java:174)
	at org.testng.internal.MethodRunner.runInSequence(MethodRunner.java:46)
	at org.testng.internal.TestInvoker$MethodInvocationAgent.invoke(TestInvoker.java:821)
	at org.testng.internal.TestInvoker.invokeTestMethods(TestInvoker.java:147)
	at org.testng.internal.TestMethodWorker.invokeTestMethods(TestMethodWorker.java:146)
	at org.testng.internal.TestMethodWorker.run(TestMethodWorker.java:128)
	at java.util.ArrayList.forEach(ArrayList.java:1257)
	at org.testng.TestRunner.privateRun(TestRunner.java:767)
	at org.testng.TestRunner.run(TestRunner.java:588)
	at org.testng.SuiteRunner.runTest(SuiteRunner.java:384)
	at org.testng.SuiteRunner.runSequentially(SuiteRunner.java:378)
	at org.testng.SuiteRunner.privateRun(SuiteRunner.java:337)
	at org.testng.SuiteRunner.run(SuiteRunner.java:286)
	at org.testng.SuiteRunnerWorker.runSuite(SuiteRunnerWorker.java:53)
	at org.testng.SuiteRunnerWorker.run(SuiteRunnerWorker.java:96)
	at org.testng.TestNG.runSuitesSequentially(TestNG.java:1214)
	at org.testng.TestNG.runSuitesLocally(TestNG.java:1136)
	at org.testng.TestNG.runSuites(TestNG.java:1066)
	at org.testng.TestNG.run(TestNG.java:1034)
	at org.testng.remote.AbstractRemoteTestNG.run(AbstractRemoteTestNG.java:115)
	at org.testng.remote.RemoteTestNG.initAndRun(RemoteTestNG.java:251)
	at org.testng.remote.RemoteTestNG.main(RemoteTestNG.java:77)
</div></td></tr></table><p class="totop"><a href="#summary">back to summary</a></p>
<h3 id="m11">megastores.MerchantRegistration#inValidNumericShopName</h3><table class="result"><tr><th>Messages</th></tr><tr><td><div class="messages">Test passed for invalid numeric shop name : Only Number not allowed.</div></td></tr></table><p class="totop"><a href="#summary">back to summary</a></p>
<h3 id="m12">megastores.MerchantRegistration#inValidNumericUsername</h3><table class="result"><tr><th>Messages</th></tr><tr><td><div class="messages">Test passed for invalid numeric username : Only Number not allowed.</div></td></tr></table><p class="totop"><a href="#summary">back to summary</a></p>
<h3 id="m13">megastores.MerchantRegistration#inValidPasswordCombination</h3><table class="result"><tr><th>Messages</th></tr><tr><td><div class="messages">Test passed for invalid Password Combination : Minimum 6 characters are mandatory, containing at least 1 lower case letter, 1 digit, and 1 symbol.</div></td></tr></table><p class="totop"><a href="#summary">back to summary</a></p>
<h3 id="m14">megastores.MerchantRegistration#inValidPasswordlength</h3><table class="result"><tr><th>Messages</th></tr><tr><td><div class="messages">Test passed for invalid Password length : Minimum 6 character are required</div></td></tr></table><p class="totop"><a href="#summary">back to summary</a></p>
<h3 id="m15">megastores.MerchantRegistration#inValidUsernameLength</h3><table class="result"><tr><th>Messages</th></tr><tr><td><div class="messages">Test passed for invalid username length : Please enter at least 5 characters.</div></td></tr></table><p class="totop"><a href="#summary">back to summary</a></p>
<h3 id="m16">megastores.MerchantRegistration#invalidEmail</h3><table class="result"><tr><th>Messages</th></tr><tr><td><div class="messages">Test passed for Invalid Email : Please enter valid email.</div></td></tr></table><p class="totop"><a href="#summary">back to summary</a></p>
<h3 id="m17">megastores.MerchantRegistration#invalidMobile</h3><table class="result"><tr><th>Messages</th></tr><tr><td><div class="messages">Test passed for Invalid Phone No. : Enter 10 digit mobile number</div></td></tr></table><p class="totop"><a href="#summary">back to summary</a></p>
<h3 id="m18">megastores.MerchantRegistration#invalidPincode</h3><table class="result"><tr><th>Messages</th></tr><tr><td><div class="messages">Test passed for Invalid Pincode : Enter valid pincode</div></td></tr></table><p class="totop"><a href="#summary">back to summary</a></p>
<h3 id="m19">megastores.MerchantRegistration#openUrl</h3><table class="result"><tr><th>Messages</th></tr><tr><td><div class="messages">Browser launched !!</div></td></tr></table><p class="totop"><a href="#summary">back to summary</a></p>
<h3 id="m20">megastores.MerchantRegistration#retypePasswordNoMatch</h3><table class="result"><tr><th>Messages</th></tr><tr><td><div class="messages">Test passed for Retype password didn't match : Password doesn't matched</div></td></tr></table><p class="totop"><a href="#summary">back to summary</a></p>
<h3 id="m21">megastores.MerchantRegistration#validData</h3><table class="result"><tr><th>Messages</th></tr><tr><td><div class="messages">Test passed for valid data : OTP has been sent to your registered number</div></td></tr></table><p class="totop"><a href="#summary">back to summary</a></p>
<h2>Login Test</h2><h3 id="m22">megastores.Login#empusername_emppassword</h3><table class="result"><tr><th>Messages</th></tr><tr><td><div class="messages">Login clicked<br/>Username added<br/>Password added<br/>Submit clicked<br/>Test Passed: Giving error message</div></td></tr></table><p class="totop"><a href="#summary">back to summary</a></p>
<h3 id="m23">megastores.Login#empusername_valpassword</h3><table class="result"><tr><th>Messages</th></tr><tr><td><div class="messages">Login clicked<br/>Username added<br/>Password added<br/>Submit clicked<br/>Test Passed: Giving error message</div></td></tr></table><p class="totop"><a href="#summary">back to summary</a></p>
<h3 id="m24">megastores.Login#invusername_invpassword</h3><table class="result"><tr><th>Messages</th></tr><tr><td><div class="messages">Login clicked<br/>Username added<br/>Password added<br/>Submit clicked<br/>Test Passed: Not able to login using invalid username and invalid password</div></td></tr></table><p class="totop"><a href="#summary">back to summary</a></p>
<h3 id="m25">megastores.Login#login_invusername_validpass</h3><table class="result"><tr><th>Messages</th></tr><tr><td><div class="messages">Login clicked<br/>Username added<br/>Password added<br/>Submit clicked<br/>Test Passed: Not able to login using invalid username and valid password</div></td></tr></table><p class="totop"><a href="#summary">back to summary</a></p>
<h3 id="m26">megastores.Login#login_valid_username_password</h3><table class="result"><tr><th>Messages</th></tr><tr><td><div class="messages">Login clicked<br/>Username added<br/>Password added<br/>Submit clicked<br/>Login successfull<br/>Logout Successfull</div></td></tr></table><p class="totop"><a href="#summary">back to summary</a></p>
<h3 id="m27">megastores.Login#valusername_emppassword</h3><table class="result"><tr><th>Messages</th></tr><tr><td><div class="messages">Login clicked<br/>Username added<br/>Password added<br/>Submit clicked<br/>Test Passed: Giving error message</div></td></tr></table><p class="totop"><a href="#summary">back to summary</a></p>
<h3 id="m28">megastores.Login#valusername_invpass</h3><table class="result"><tr><th>Messages</th></tr><tr><td><div class="messages">Login clicked<br/>Username added<br/>Password added<br/>Submit clicked<br/>Test Passed: Not able to login using valid username and Invalid password</div></td></tr></table><p class="totop"><a href="#summary">back to summary</a></p>
<h2>Forgot_Password Test</h2><h3 id="m29">megastores.Forgot_Password#existing_email_id</h3><table class="result"><tr><th>Exception</th></tr><tr><td><div class="stacktrace">java.lang.AssertionError: expected [http://54.147.24.85/megastores/forgot-password] but found [http://54.147.24.85/megastores/]
	at org.testng.Assert.fail(Assert.java:97)
	at org.testng.Assert.assertEqualsImpl(Assert.java:136)
	at org.testng.Assert.assertEquals(Assert.java:118)
	at org.testng.Assert.assertEquals(Assert.java:575)
	at org.testng.Assert.assertEquals(Assert.java:585)
	at megastores.Forgot_Password.existing_email_id(Forgot_Password.java:52)
	at sun.reflect.NativeMethodAccessorImpl.invoke0(Native Method)
	at sun.reflect.NativeMethodAccessorImpl.invoke(NativeMethodAccessorImpl.java:62)
	at sun.reflect.DelegatingMethodAccessorImpl.invoke(DelegatingMethodAccessorImpl.java:43)
	at java.lang.reflect.Method.invoke(Method.java:498)
	at org.testng.internal.MethodInvocationHelper.invokeMethod(MethodInvocationHelper.java:135)
	at org.testng.internal.TestInvoker.invokeMethod(TestInvoker.java:598)
	at org.testng.internal.TestInvoker.retryFailed(TestInvoker.java:214)
	at org.testng.internal.MethodRunner.runInSequence(MethodRunner.java:58)
	at org.testng.internal.TestInvoker$MethodInvocationAgent.invoke(TestInvoker.java:821)
	at org.testng.internal.TestInvoker.invokeTestMethods(TestInvoker.java:147)
	at org.testng.internal.TestMethodWorker.invokeTestMethods(TestMethodWorker.java:146)
	at org.testng.internal.TestMethodWorker.run(TestMethodWorker.java:128)
	at java.util.ArrayList.forEach(ArrayList.java:1257)
	at org.testng.TestRunner.privateRun(TestRunner.java:767)
	at org.testng.TestRunner.run(TestRunner.java:588)
	at org.testng.SuiteRunner.runTest(SuiteRunner.java:384)
	at org.testng.SuiteRunner.runSequentially(SuiteRunner.java:378)
	at org.testng.SuiteRunner.privateRun(SuiteRunner.java:337)
	at org.testng.SuiteRunner.run(SuiteRunner.java:286)
	at org.testng.SuiteRunnerWorker.runSuite(SuiteRunnerWorker.java:53)
	at org.testng.SuiteRunnerWorker.run(SuiteRunnerWorker.java:96)
	at org.testng.TestNG.runSuitesSequentially(TestNG.java:1214)
	at org.testng.TestNG.runSuitesLocally(TestNG.java:1136)
	at org.testng.TestNG.runSuites(TestNG.java:1066)
	at org.testng.TestNG.run(TestNG.java:1034)
	at org.testng.remote.AbstractRemoteTestNG.run(AbstractRemoteTestNG.java:115)
	at org.testng.remote.RemoteTestNG.initAndRun(RemoteTestNG.java:251)
	at org.testng.remote.RemoteTestNG.main(RemoteTestNG.java:77)
</div></td></tr></table><p class="totop"><a href="#summary">back to summary</a></p>
<h3 id="m30">megastores.Forgot_Password#existing_email_id</h3><table class="result"><tr><th>Exception</th></tr><tr><td><div class="stacktrace">java.lang.AssertionError: expected [http://54.147.24.85/megastores/forgot-password] but found [http://54.147.24.85/megastores/]
	at org.testng.Assert.fail(Assert.java:97)
	at org.testng.Assert.assertEqualsImpl(Assert.java:136)
	at org.testng.Assert.assertEquals(Assert.java:118)
	at org.testng.Assert.assertEquals(Assert.java:575)
	at org.testng.Assert.assertEquals(Assert.java:585)
	at megastores.Forgot_Password.existing_email_id(Forgot_Password.java:52)
	at sun.reflect.NativeMethodAccessorImpl.invoke0(Native Method)
	at sun.reflect.NativeMethodAccessorImpl.invoke(NativeMethodAccessorImpl.java:62)
	at sun.reflect.DelegatingMethodAccessorImpl.invoke(DelegatingMethodAccessorImpl.java:43)
	at java.lang.reflect.Method.invoke(Method.java:498)
	at org.testng.internal.MethodInvocationHelper.invokeMethod(MethodInvocationHelper.java:135)
	at org.testng.internal.TestInvoker.invokeMethod(TestInvoker.java:598)
	at org.testng.internal.TestInvoker.retryFailed(TestInvoker.java:214)
	at org.testng.internal.MethodRunner.runInSequence(MethodRunner.java:58)
	at org.testng.internal.TestInvoker$MethodInvocationAgent.invoke(TestInvoker.java:821)
	at org.testng.internal.TestInvoker.invokeTestMethods(TestInvoker.java:147)
	at org.testng.internal.TestMethodWorker.invokeTestMethods(TestMethodWorker.java:146)
	at org.testng.internal.TestMethodWorker.run(TestMethodWorker.java:128)
	at java.util.ArrayList.forEach(ArrayList.java:1257)
	at org.testng.TestRunner.privateRun(TestRunner.java:767)
	at org.testng.TestRunner.run(TestRunner.java:588)
	at org.testng.SuiteRunner.runTest(SuiteRunner.java:384)
	at org.testng.SuiteRunner.runSequentially(SuiteRunner.java:378)
	at org.testng.SuiteRunner.privateRun(SuiteRunner.java:337)
	at org.testng.SuiteRunner.run(SuiteRunner.java:286)
	at org.testng.SuiteRunnerWorker.runSuite(SuiteRunnerWorker.java:53)
	at org.testng.SuiteRunnerWorker.run(SuiteRunnerWorker.java:96)
	at org.testng.TestNG.runSuitesSequentially(TestNG.java:1214)
	at org.testng.TestNG.runSuitesLocally(TestNG.java:1136)
	at org.testng.TestNG.runSuites(TestNG.java:1066)
	at org.testng.TestNG.run(TestNG.java:1034)
	at org.testng.remote.AbstractRemoteTestNG.run(AbstractRemoteTestNG.java:115)
	at org.testng.remote.RemoteTestNG.initAndRun(RemoteTestNG.java:251)
	at org.testng.remote.RemoteTestNG.main(RemoteTestNG.java:77)
</div></td></tr></table><p class="totop"><a href="#summary">back to summary</a></p>
<h3 id="m31">megastores.Forgot_Password#existing_email_id</h3><table class="result"><tr><th>Messages</th></tr><tr><td><div class="messages">Existing Email: Login clicked successfully<br/>Existing Email: Forgot Password Link clicked successfully<br/>Existing Email: Navigated to OTP screen successfully<br/>Test failed: The screen does not consist of title OTP</div></td></tr><tr><th>Exception</th></tr><tr><td><div class="stacktrace">java.lang.AssertionError: null
	at org.testng.Assert.fail(Assert.java:97)
	at org.testng.Assert.fail(Assert.java:102)
	at megastores.Forgot_Password.existing_email_id(Forgot_Password.java:120)
	at sun.reflect.NativeMethodAccessorImpl.invoke0(Native Method)
	at sun.reflect.NativeMethodAccessorImpl.invoke(NativeMethodAccessorImpl.java:62)
	at sun.reflect.DelegatingMethodAccessorImpl.invoke(DelegatingMethodAccessorImpl.java:43)
	at java.lang.reflect.Method.invoke(Method.java:498)
	at org.testng.internal.MethodInvocationHelper.invokeMethod(MethodInvocationHelper.java:135)
	at org.testng.internal.TestInvoker.invokeMethod(TestInvoker.java:598)
	at org.testng.internal.TestInvoker.invokeTestMethod(TestInvoker.java:174)
	at org.testng.internal.MethodRunner.runInSequence(MethodRunner.java:46)
	at org.testng.internal.TestInvoker$MethodInvocationAgent.invoke(TestInvoker.java:821)
	at org.testng.internal.TestInvoker.invokeTestMethods(TestInvoker.java:147)
	at org.testng.internal.TestMethodWorker.invokeTestMethods(TestMethodWorker.java:146)
	at org.testng.internal.TestMethodWorker.run(TestMethodWorker.java:128)
	at java.util.ArrayList.forEach(ArrayList.java:1257)
	at org.testng.TestRunner.privateRun(TestRunner.java:767)
	at org.testng.TestRunner.run(TestRunner.java:588)
	at org.testng.SuiteRunner.runTest(SuiteRunner.java:384)
	at org.testng.SuiteRunner.runSequentially(SuiteRunner.java:378)
	at org.testng.SuiteRunner.privateRun(SuiteRunner.java:337)
	at org.testng.SuiteRunner.run(SuiteRunner.java:286)
	at org.testng.SuiteRunnerWorker.runSuite(SuiteRunnerWorker.java:53)
	at org.testng.SuiteRunnerWorker.run(SuiteRunnerWorker.java:96)
	at org.testng.TestNG.runSuitesSequentially(TestNG.java:1214)
	at org.testng.TestNG.runSuitesLocally(TestNG.java:1136)
	at org.testng.TestNG.runSuites(TestNG.java:1066)
	at org.testng.TestNG.run(TestNG.java:1034)
	at org.testng.remote.AbstractRemoteTestNG.run(AbstractRemoteTestNG.java:115)
	at org.testng.remote.RemoteTestNG.initAndRun(RemoteTestNG.java:251)
	at org.testng.remote.RemoteTestNG.main(RemoteTestNG.java:77)
</div></td></tr></table><p class="totop"><a href="#summary">back to summary</a></p>
<h3 id="m32">megastores.Forgot_Password#existing_email_id</h3><table class="result"><tr><th>Exception</th></tr><tr><td><div class="stacktrace">java.lang.AssertionError: expected [http://54.147.24.85/megastores/forgot-password] but found [http://54.147.24.85/megastores/]
	at org.testng.Assert.fail(Assert.java:97)
	at org.testng.Assert.assertEqualsImpl(Assert.java:136)
	at org.testng.Assert.assertEquals(Assert.java:118)
	at org.testng.Assert.assertEquals(Assert.java:575)
	at org.testng.Assert.assertEquals(Assert.java:585)
	at megastores.Forgot_Password.existing_email_id(Forgot_Password.java:52)
	at sun.reflect.NativeMethodAccessorImpl.invoke0(Native Method)
	at sun.reflect.NativeMethodAccessorImpl.invoke(NativeMethodAccessorImpl.java:62)
	at sun.reflect.DelegatingMethodAccessorImpl.invoke(DelegatingMethodAccessorImpl.java:43)
	at java.lang.reflect.Method.invoke(Method.java:498)
	at org.testng.internal.MethodInvocationHelper.invokeMethod(MethodInvocationHelper.java:135)
	at org.testng.internal.TestInvoker.invokeMethod(TestInvoker.java:598)
	at org.testng.internal.TestInvoker.retryFailed(TestInvoker.java:214)
	at org.testng.internal.MethodRunner.runInSequence(MethodRunner.java:58)
	at org.testng.internal.TestInvoker$MethodInvocationAgent.invoke(TestInvoker.java:821)
	at org.testng.internal.TestInvoker.invokeTestMethods(TestInvoker.java:147)
	at org.testng.internal.TestMethodWorker.invokeTestMethods(TestMethodWorker.java:146)
	at org.testng.internal.TestMethodWorker.run(TestMethodWorker.java:128)
	at java.util.ArrayList.forEach(ArrayList.java:1257)
	at org.testng.TestRunner.privateRun(TestRunner.java:767)
	at org.testng.TestRunner.run(TestRunner.java:588)
	at org.testng.SuiteRunner.runTest(SuiteRunner.java:384)
	at org.testng.SuiteRunner.runSequentially(SuiteRunner.java:378)
	at org.testng.SuiteRunner.privateRun(SuiteRunner.java:337)
	at org.testng.SuiteRunner.run(SuiteRunner.java:286)
	at org.testng.SuiteRunnerWorker.runSuite(SuiteRunnerWorker.java:53)
	at org.testng.SuiteRunnerWorker.run(SuiteRunnerWorker.java:96)
	at org.testng.TestNG.runSuitesSequentially(TestNG.java:1214)
	at org.testng.TestNG.runSuitesLocally(TestNG.java:1136)
	at org.testng.TestNG.runSuites(TestNG.java:1066)
	at org.testng.TestNG.run(TestNG.java:1034)
	at org.testng.remote.AbstractRemoteTestNG.run(AbstractRemoteTestNG.java:115)
	at org.testng.remote.RemoteTestNG.initAndRun(RemoteTestNG.java:251)
	at org.testng.remote.RemoteTestNG.main(RemoteTestNG.java:77)
</div></td></tr></table><p class="totop"><a href="#summary">back to summary</a></p>
<h3 id="m33">megastores.Forgot_Password#empty_field</h3><table class="result"><tr><th>Messages</th></tr><tr><td><div class="messages">Empty field: Login clicked successfully<br/>Empty field: Forgot Password Link clicked successfully<br/>Test Passed : Empty field : Not redirecting user to OTP screen if the fields are empty</div></td></tr></table><p class="totop"><a href="#summary">back to summary</a></p>
<h3 id="m34">megastores.Forgot_Password#existing_phone_number</h3><table class="result"><tr><th>Messages</th></tr><tr><td><div class="messages">Existing Phone Number: Login clicked successfully<br/>Existing Phone Number: Forgot Password Link clicked successfully<br/>Existing Phone Number: Navigated to OTP screen successfully<br/>Test Passed: Existing Phone Number: Not able to Submit null OTP</div></td></tr></table><p class="totop"><a href="#summary">back to summary</a></p>
<h3 id="m35">megastores.Forgot_Password#existing_user_name</h3><table class="result"><tr><th>Messages</th></tr><tr><td><div class="messages">Existing username: Existing Phone Number: Login clicked successfully<br/>Existing username: Existing Phone Number: Forgot Password Link clicked successfully<br/>Existing username: Existing Phone Number: Navigated to OTP screen successfully<br/>Test Passed: Existing username: Existing Phone Number: Not able to Submit null OTP</div></td></tr></table><p class="totop"><a href="#summary">back to summary</a></p>
<h3 id="m36">megastores.Forgot_Password#non_existing_email_id</h3><table class="result"><tr><th>Messages</th></tr><tr><td><div class="messages">Non Existing Email: Login clicked successfully<br/>Non Existing Email: Forgot Password Link clicked successfully<br/>Test Passed: Non Existing Email: Not redirecting the user to OTP screen if the email does not exist.</div></td></tr></table><p class="totop"><a href="#summary">back to summary</a></p>
<h3 id="m37">megastores.Forgot_Password#non_existing_phone_number</h3><table class="result"><tr><th>Messages</th></tr><tr><td><div class="messages">Non Existing Phone number: Login clicked successfully<br/>Non Existing Phone number: Forgot Password Link clicked successfully<br/>Test Passed: Non Existing Phone number: Not redirecting the user to OTP screen if the phone number does not exist.</div></td></tr></table><p class="totop"><a href="#summary">back to summary</a></p>
<h3 id="m38">megastores.Forgot_Password#non_existing_username</h3><table class="result"><tr><th>Messages</th></tr><tr><td><div class="messages">Non existing username: Login clicked successfully<br/>Non existing username: Forgot Password Link clicked successfully<br/>Test Passed: Non existing username: Non Existing Phone number: Not redirecting the user to OTP screen if the phone number does not exist.</div></td></tr></table><p class="totop"><a href="#summary">back to summary</a></p>
<h2>Forgot_Username Test</h2><h3 id="m39">megastores.Forgot_Username#fgt_user_non_existing_username</h3><table class="result"><tr><th>Messages</th></tr><tr><td><div class="messages">Non-Existing Username: Login clicked successfully<br/>Non-Existing Username: Forgot Password Link clicked successfully<br/>Non-Existing Username: Forgot Username Link clicked successfully<br/>Test Passed: Non-Existing Username: Giving User Not found message if the email id does not exist</div></td></tr></table><p class="totop"><a href="#summary">back to summary</a></p>
<h3 id="m40">megastores.Forgot_Username#fgt_usr_empty_email</h3><table class="result"><tr><th>Messages</th></tr><tr><td><div class="messages">Empty Email: Login clicked successfully<br/>Empty email: Forgot Password Link clicked successfully<br/>Empty email: Forgot Username Link clicked successfully<br/>Test Passed: Empty email: Displaying message as Email is required and will not Send</div></td></tr></table><p class="totop"><a href="#summary">back to summary</a></p>
<h3 id="m41">megastores.Forgot_Username#fgt_usr_existing_username</h3><table class="result"><tr><th>Messages</th></tr><tr><td><div class="messages">Existing Username: Login clicked successfully<br/>Existing Username: Forgot Password Link clicked successfully<br/>Existing Username: Forgot Username Link clicked successfully<br/>Test Passed : Username successfully sent to email id.</div></td></tr></table><p class="totop"><a href="#summary">back to summary</a></p>
<h3 id="m42">megastores.Forgot_Username#fgt_usr_invalid_email</h3><table class="result"><tr><th>Messages</th></tr><tr><td><div class="messages">Invalid Email: Login clicked successfully<br/>Invalid email: Forgot Password Link clicked successfully<br/>Invalid email: Forgot Username Link clicked successfully<br/>Test Passed: Invalid email: Empty email: Displaying message please enter a valid email address.</div></td></tr></table><p class="totop"><a href="#summary">back to summary</a></p>
<h2>Change_Profile_Info Test</h2><h3 id="m43">megastores.Change_Profile_Info#Go_to_profile</h3><table class="result"><tr><th>Messages</th></tr><tr><td><div class="messages">Login clicked<br/>Username added<br/>Password added<br/>Submit clicked<br/>Login successfull<br/>Test Passed : User successfully directed to My account</div></td></tr></table><p class="totop"><a href="#summary">back to summary</a></p>
<h3 id="m44">megastores.Change_Profile_Info#all_filled_details</h3><table class="result"><tr><th>Messages</th></tr><tr><td><div class="messages">Test passed: Profile Updated.</div></td></tr></table><p class="totop"><a href="#summary">back to summary</a></p>
<h3 id="m45">megastores.Change_Profile_Info#empty_fname</h3><table class="result"><tr><th>Messages</th></tr><tr><td><div class="messages">Tooltip size 1<br/>Test Passed: field required message found at tooltip 0</div></td></tr></table><p class="totop"><a href="#summary">back to summary</a></p>
<h3 id="m46">megastores.Change_Profile_Info#empty_fname_lname</h3><table class="result"><tr><th>Messages</th></tr><tr><td><div class="messages">Tooltip size 2<br/>Test Passed: field required message found at tooltip 0<br/>Test Passed: field required message found at tooltip 1</div></td></tr></table><p class="totop"><a href="#summary">back to summary</a></p>
<h3 id="m47">megastores.Change_Profile_Info#lname_empty</h3><table class="result"><tr><th>Messages</th></tr><tr><td><div class="messages">Tooltip size 1<br/>Test Passed: field required message found at tooltip 0</div></td></tr></table><p class="totop"><a href="#summary">back to summary</a></p>
<h2>Change_Email Test</h2><h3 id="m48">megastores.Change_Email#Go_to_change_email</h3><table class="result"><tr><th>Messages</th></tr><tr><td><div class="messages">Login clicked<br/>Username added<br/>Password added<br/>Submit clicked<br/>Login successfull<br/>My Account Clicked successfully<br/>Test Passed: User has been directed to change password screen successfully</div></td></tr></table><p class="totop"><a href="#summary">back to summary</a></p>
<h3 id="m49">megastores.Change_Email#change_email_existing_id</h3><table class="result"><tr><th>Messages</th></tr><tr><td><div class="messages">Test Passed: Not allowing the user to change email if it already exist</div></td></tr></table><p class="totop"><a href="#summary">back to summary</a></p>
<h3 id="m50">megastores.Change_Email#change_email_invalid_email</h3><table class="result"><tr><th>Messages</th></tr><tr><td><div class="messages">Test Passed : Giving invalid email message if email format is not proper without including @<br/>Test Passed : Giving invalid email message if email format is not proper with including @ and domain name</div></td></tr></table><p class="totop"><a href="#summary">back to summary</a></p>
<h3 id="m51">megastores.Change_Email#change_email_valid_id</h3><table class="result"><tr><th>Messages</th></tr><tr><td><div class="messages">Test passed : Got message that the verification link is sent and also changed email is displayed in email text field</div></td></tr></table><p class="totop"><a href="#summary">back to summary</a></p>
<h3 id="m52">megastores.Change_Email#chng_email_empty_mail_id</h3><table class="result"><tr><th>Messages</th></tr><tr><td><div class="messages">Test Passed : Not allowing user to change email if it is empty</div></td></tr></table><p class="totop"><a href="#summary">back to summary</a></p>
<h2>Change_Password Test</h2><h3 id="m53">megastores.Change_Password#change_pass_all_empty</h3><table class="result"><tr><th class="invisible"/></tr></table><p class="totop"><a href="#summary">back to summary</a></p>
<h3 id="m54">megastores.Change_Password#change_pass_all_validdata</h3><table class="result"><tr><th>Messages</th></tr><tr><td><div class="messages">Test Passed: Password updated successfully</div></td></tr></table><p class="totop"><a href="#summary">back to summary</a></p>
<h3 id="m55">megastores.Change_Password#change_pass_format_check</h3><table class="result"><tr><th>Messages</th></tr><tr><td><div class="messages">Test Passed: Giving error for password format</div></td></tr></table><p class="totop"><a href="#summary">back to summary</a></p>
<h3 id="m56">megastores.Change_Password#change_pass_min_length_check</h3><table class="result"><tr><th>Messages</th></tr><tr><td><div class="messages">Test Passed: Giving error message if the minimum length is less than 6</div></td></tr></table><p class="totop"><a href="#summary">back to summary</a></p>
<h3 id="m57">megastores.Change_Password#change_pass_new_confirm_dont_match</h3><table class="result"><tr><th>Messages</th></tr><tr><td><div class="messages">Test Passed: Gives proper message if password dosent match the new one.</div></td></tr></table><p class="totop"><a href="#summary">back to summary</a></p>
<h3 id="m58">megastores.Change_Password#change_pass_old_empty</h3><table class="result"><tr><th>Messages</th></tr><tr><td><div class="messages">Test Passed: Giving field required message if old password not entered</div></td></tr></table><p class="totop"><a href="#summary">back to summary</a></p>
<h3 id="m59">megastores.Change_Password#change_pass_old_pass_dont_match</h3><table class="result"><tr><th>Messages</th></tr><tr><td><div class="messages">Test Passed: Giving message if old password doesn't match</div></td></tr></table><p class="totop"><a href="#summary">back to summary</a></p>
<h3 id="m60">megastores.Change_Password#go_to_change_pass</h3><table class="result"><tr><th>Messages</th></tr><tr><td><div class="messages">Login clicked<br/>Username added<br/>Password added<br/>Submit clicked<br/>Login successfull<br/>My Account Clicked successfully<br/>Test Passed: User successfully navigated to change password screen</div></td></tr></table><p class="totop"><a href="#summary">back to summary</a></p>
<h3 id="m61">megastores.Change_Password#reset_password</h3><table class="result"><tr><th>Messages</th></tr><tr><td><div class="messages">Test Passed: Password Reset successfully</div></td></tr></table><p class="totop"><a href="#summary">back to summary</a></p>
<h2>Profile_Change_Mobile_Number Test</h2><h3 id="m62">megastores.Profile_Change_Mobile_Number#Go_to_Change_mobile_number</h3><table class="result"><tr><th>Messages</th></tr><tr><td><div class="messages">Login link clicked successfully<br/>username entered<br/>password entered<br/>submit clicked successfully<br/>Login successfull<br/>My Account clicked successfully<br/>Phone icon clicked successfully</div></td></tr></table><p class="totop"><a href="#summary">back to summary</a></p>
<h3 id="m63">megastores.Profile_Change_Mobile_Number#empty_field</h3><table class="result"><tr><th>Messages</th></tr><tr><td><div class="messages">Test Passed: Not allowing the user to submit if all field is empty.</div></td></tr></table><p class="totop"><a href="#summary">back to summary</a></p>
<h3 id="m64">megastores.Profile_Change_Mobile_Number#fifteen_numbers</h3><table class="result"><tr><th>Messages</th></tr><tr><td><div class="messages">Test Passed: Allowing only number with minimum length 10 and leading user to OTP screen<br/>Test Passed: Will not allow user to submit without OTP<br/>Test Passed: Will not allow user to submit Invalid OTP</div></td></tr></table><p class="totop"><a href="#summary">back to summary</a></p>
<h3 id="m65">megastores.Profile_Change_Mobile_Number#four_alphabets</h3><table class="result"><tr><th>Messages</th></tr><tr><td><div class="messages">Will not allow the user to add only 4 alphabets since minimum is 10 characters</div></td></tr></table><p class="totop"><a href="#summary">back to summary</a></p>
<h3 id="m66">megastores.Profile_Change_Mobile_Number#four_numbers</h3><table class="result"><tr><th>Messages</th></tr><tr><td><div class="messages">Test Passed: Not allowing the user to enter less then 10 characters</div></td></tr></table><p class="totop"><a href="#summary">back to summary</a></p>
<h3 id="m67">megastores.Profile_Change_Mobile_Number#phone_number_exist</h3><table class="result"><tr><th>Messages</th></tr><tr><td><div class="messages">Test Passed: Not allowing the user to submit if all field is empty.</div></td></tr></table><p class="totop"><a href="#summary">back to summary</a></p>
<h3 id="m68">megastores.Profile_Change_Mobile_Number#sixteen_numbers</h3><table class="result"><tr><th>Messages</th></tr><tr><td><div class="messages">Test Passed: Not allowing the user to enter more then 15 characters</div></td></tr></table><p class="totop"><a href="#summary">back to summary</a></p>
<h3 id="m69">megastores.Profile_Change_Mobile_Number#ten_alphabets</h3><table class="result"><tr><th>Messages</th></tr><tr><td><div class="messages">Test Passed: Not allowing user to add alphabets even if we enter 10 alphabets.</div></td></tr></table><p class="totop"><a href="#summary">back to summary</a></p>
<h3 id="m70">megastores.Profile_Change_Mobile_Number#ten_numbers</h3><table class="result"><tr><th>Messages</th></tr><tr><td><div class="messages">Test Passed: Allowing only number with minimum length 10 and leading user to OTP screen<br/>Test Passed: Will not allow user to submit without OTP<br/>Test Passed: Will not allow user to submit Invalid OTP</div></td></tr></table><p class="totop"><a href="#summary">back to summary</a></p>
<h2>Change_Profile_Picture Test</h2><h3 id="m71">megastores.Change_Profile_Picture#edit_invalid_profile_pic</h3><table class="result"><tr><th>Messages</th></tr><tr><td><div class="messages">Invalid Image added<br/>Upload button clicked<br/>Test failed: Expected message for invalid image format does not match the current displayed message</div></td></tr><tr><th>Exception</th></tr><tr><td><div class="stacktrace">java.lang.AssertionError: null
	at org.testng.Assert.fail(Assert.java:97)
	at org.testng.Assert.fail(Assert.java:102)
	at megastores.Change_Profile_Picture.edit_invalid_profile_pic(Change_Profile_Picture.java:184)
	at sun.reflect.NativeMethodAccessorImpl.invoke0(Native Method)
	at sun.reflect.NativeMethodAccessorImpl.invoke(NativeMethodAccessorImpl.java:62)
	at sun.reflect.DelegatingMethodAccessorImpl.invoke(DelegatingMethodAccessorImpl.java:43)
	at java.lang.reflect.Method.invoke(Method.java:498)
	at org.testng.internal.MethodInvocationHelper.invokeMethod(MethodInvocationHelper.java:135)
	at org.testng.internal.TestInvoker.invokeMethod(TestInvoker.java:598)
	at org.testng.internal.TestInvoker.invokeTestMethod(TestInvoker.java:174)
	at org.testng.internal.MethodRunner.runInSequence(MethodRunner.java:46)
	at org.testng.internal.TestInvoker$MethodInvocationAgent.invoke(TestInvoker.java:821)
	at org.testng.internal.TestInvoker.invokeTestMethods(TestInvoker.java:147)
	at org.testng.internal.TestMethodWorker.invokeTestMethods(TestMethodWorker.java:146)
	at org.testng.internal.TestMethodWorker.run(TestMethodWorker.java:128)
	at java.util.ArrayList.forEach(ArrayList.java:1257)
	at org.testng.TestRunner.privateRun(TestRunner.java:767)
	at org.testng.TestRunner.run(TestRunner.java:588)
	at org.testng.SuiteRunner.runTest(SuiteRunner.java:384)
	at org.testng.SuiteRunner.runSequentially(SuiteRunner.java:378)
	at org.testng.SuiteRunner.privateRun(SuiteRunner.java:337)
	at org.testng.SuiteRunner.run(SuiteRunner.java:286)
	at org.testng.SuiteRunnerWorker.runSuite(SuiteRunnerWorker.java:53)
	at org.testng.SuiteRunnerWorker.run(SuiteRunnerWorker.java:96)
	at org.testng.TestNG.runSuitesSequentially(TestNG.java:1214)
	at org.testng.TestNG.runSuitesLocally(TestNG.java:1136)
	at org.testng.TestNG.runSuites(TestNG.java:1066)
	at org.testng.TestNG.run(TestNG.java:1034)
	at org.testng.remote.AbstractRemoteTestNG.run(AbstractRemoteTestNG.java:115)
	at org.testng.remote.RemoteTestNG.initAndRun(RemoteTestNG.java:251)
	at org.testng.remote.RemoteTestNG.main(RemoteTestNG.java:77)
</div></td></tr></table><p class="totop"><a href="#summary">back to summary</a></p>
<h3 id="m72">megastores.Change_Profile_Picture#Go_to_profile</h3><table class="result"><tr><th>Messages</th></tr><tr><td><div class="messages">Login clicked<br/>Username added<br/>Password added<br/>Submit clicked<br/>Login successfull</div></td></tr></table><p class="totop"><a href="#summary">back to summary</a></p>
<h3 id="m73">megastores.Change_Profile_Picture#edit_invalid_profile_pic</h3><table class="result"><tr><th>Messages</th></tr><tr><td><div class="messages">Invalid Image added<br/>Upload button clicked<br/>Test Passed: Profile picture did not update as the file was not an image format</div></td></tr></table><p class="totop"><a href="#summary">back to summary</a></p>
<h3 id="m74">megastores.Change_Profile_Picture#edit_valid_profile_pic</h3><table class="result"><tr><th>Messages</th></tr><tr><td><div class="messages">Valid Image added<br/>Upload button clicked<br/>Test Passed: Profile picture updated successfully.</div></td></tr></table><p class="totop"><a href="#summary">back to summary</a></p>
<h2>Goto_Productdetailview Test</h2><h3 id="m75">megastores.Goto_productdetailveiw#go_to_detailview_shopby</h3><table class="result"><tr><th>Exception</th></tr><tr><td><div class="stacktrace">java.lang.AssertionError: null
	at org.testng.Assert.fail(Assert.java:97)
	at org.testng.Assert.fail(Assert.java:102)
	at megastores.Goto_productdetailveiw.go_to_detailview_shopby(Goto_productdetailveiw.java:663)
	at sun.reflect.NativeMethodAccessorImpl.invoke0(Native Method)
	at sun.reflect.NativeMethodAccessorImpl.invoke(NativeMethodAccessorImpl.java:62)
	at sun.reflect.DelegatingMethodAccessorImpl.invoke(DelegatingMethodAccessorImpl.java:43)
	at java.lang.reflect.Method.invoke(Method.java:498)
	at org.testng.internal.MethodInvocationHelper.invokeMethod(MethodInvocationHelper.java:135)
	at org.testng.internal.TestInvoker.invokeMethod(TestInvoker.java:598)
	at org.testng.internal.TestInvoker.retryFailed(TestInvoker.java:214)
	at org.testng.internal.MethodRunner.runInSequence(MethodRunner.java:58)
	at org.testng.internal.TestInvoker$MethodInvocationAgent.invoke(TestInvoker.java:821)
	at org.testng.internal.TestInvoker.invokeTestMethods(TestInvoker.java:147)
	at org.testng.internal.TestMethodWorker.invokeTestMethods(TestMethodWorker.java:146)
	at org.testng.internal.TestMethodWorker.run(TestMethodWorker.java:128)
	at java.util.ArrayList.forEach(ArrayList.java:1257)
	at org.testng.TestRunner.privateRun(TestRunner.java:767)
	at org.testng.TestRunner.run(TestRunner.java:588)
	at org.testng.SuiteRunner.runTest(SuiteRunner.java:384)
	at org.testng.SuiteRunner.runSequentially(SuiteRunner.java:378)
	at org.testng.SuiteRunner.privateRun(SuiteRunner.java:337)
	at org.testng.SuiteRunner.run(SuiteRunner.java:286)
	at org.testng.SuiteRunnerWorker.runSuite(SuiteRunnerWorker.java:53)
	at org.testng.SuiteRunnerWorker.run(SuiteRunnerWorker.java:96)
	at org.testng.TestNG.runSuitesSequentially(TestNG.java:1214)
	at org.testng.TestNG.runSuitesLocally(TestNG.java:1136)
	at org.testng.TestNG.runSuites(TestNG.java:1066)
	at org.testng.TestNG.run(TestNG.java:1034)
	at org.testng.remote.AbstractRemoteTestNG.run(AbstractRemoteTestNG.java:115)
	at org.testng.remote.RemoteTestNG.initAndRun(RemoteTestNG.java:251)
	at org.testng.remote.RemoteTestNG.main(RemoteTestNG.java:77)
</div></td></tr></table><p class="totop"><a href="#summary">back to summary</a></p>
<h3 id="m76">megastores.Goto_productdetailveiw#goto_detailview_Dashboard</h3><table class="result"><tr><th>Messages</th></tr><tr><td><div class="messages">Test failed: VRDI merchant info is not getting displayed</div></td></tr><tr><th>Exception</th></tr><tr><td><div class="stacktrace">java.lang.AssertionError: null
	at org.testng.Assert.fail(Assert.java:97)
	at org.testng.Assert.fail(Assert.java:102)
	at megastores.Goto_productdetailveiw.goto_detailview_Dashboard(Goto_productdetailveiw.java:107)
	at sun.reflect.NativeMethodAccessorImpl.invoke0(Native Method)
	at sun.reflect.NativeMethodAccessorImpl.invoke(NativeMethodAccessorImpl.java:62)
	at sun.reflect.DelegatingMethodAccessorImpl.invoke(DelegatingMethodAccessorImpl.java:43)
	at java.lang.reflect.Method.invoke(Method.java:498)
	at org.testng.internal.MethodInvocationHelper.invokeMethod(MethodInvocationHelper.java:135)
	at org.testng.internal.TestInvoker.invokeMethod(TestInvoker.java:598)
	at org.testng.internal.TestInvoker.retryFailed(TestInvoker.java:214)
	at org.testng.internal.MethodRunner.runInSequence(MethodRunner.java:58)
	at org.testng.internal.TestInvoker$MethodInvocationAgent.invoke(TestInvoker.java:821)
	at org.testng.internal.TestInvoker.invokeTestMethods(TestInvoker.java:147)
	at org.testng.internal.TestMethodWorker.invokeTestMethods(TestMethodWorker.java:146)
	at org.testng.internal.TestMethodWorker.run(TestMethodWorker.java:128)
	at java.util.ArrayList.forEach(ArrayList.java:1257)
	at org.testng.TestRunner.privateRun(TestRunner.java:767)
	at org.testng.TestRunner.run(TestRunner.java:588)
	at org.testng.SuiteRunner.runTest(SuiteRunner.java:384)
	at org.testng.SuiteRunner.runSequentially(SuiteRunner.java:378)
	at org.testng.SuiteRunner.privateRun(SuiteRunner.java:337)
	at org.testng.SuiteRunner.run(SuiteRunner.java:286)
	at org.testng.SuiteRunnerWorker.runSuite(SuiteRunnerWorker.java:53)
	at org.testng.SuiteRunnerWorker.run(SuiteRunnerWorker.java:96)
	at org.testng.TestNG.runSuitesSequentially(TestNG.java:1214)
	at org.testng.TestNG.runSuitesLocally(TestNG.java:1136)
	at org.testng.TestNG.runSuites(TestNG.java:1066)
	at org.testng.TestNG.run(TestNG.java:1034)
	at org.testng.remote.AbstractRemoteTestNG.run(AbstractRemoteTestNG.java:115)
	at org.testng.remote.RemoteTestNG.initAndRun(RemoteTestNG.java:251)
	at org.testng.remote.RemoteTestNG.main(RemoteTestNG.java:77)
</div></td></tr></table><p class="totop"><a href="#summary">back to summary</a></p>
<h3 id="m77">megastores.Goto_productdetailveiw#goto_detailview_cart</h3><table class="result"><tr><th>Exception</th></tr><tr><td><div class="stacktrace">java.lang.AssertionError: null
	at org.testng.Assert.fail(Assert.java:97)
	at org.testng.Assert.fail(Assert.java:102)
	at megastores.Goto_productdetailveiw.goto_detailview_cart(Goto_productdetailveiw.java:961)
	at sun.reflect.NativeMethodAccessorImpl.invoke0(Native Method)
	at sun.reflect.NativeMethodAccessorImpl.invoke(NativeMethodAccessorImpl.java:62)
	at sun.reflect.DelegatingMethodAccessorImpl.invoke(DelegatingMethodAccessorImpl.java:43)
	at java.lang.reflect.Method.invoke(Method.java:498)
	at org.testng.internal.MethodInvocationHelper.invokeMethod(MethodInvocationHelper.java:135)
	at org.testng.internal.TestInvoker.invokeMethod(TestInvoker.java:598)
	at org.testng.internal.TestInvoker.retryFailed(TestInvoker.java:214)
	at org.testng.internal.MethodRunner.runInSequence(MethodRunner.java:58)
	at org.testng.internal.TestInvoker$MethodInvocationAgent.invoke(TestInvoker.java:821)
	at org.testng.internal.TestInvoker.invokeTestMethods(TestInvoker.java:147)
	at org.testng.internal.TestMethodWorker.invokeTestMethods(TestMethodWorker.java:146)
	at org.testng.internal.TestMethodWorker.run(TestMethodWorker.java:128)
	at java.util.ArrayList.forEach(ArrayList.java:1257)
	at org.testng.TestRunner.privateRun(TestRunner.java:767)
	at org.testng.TestRunner.run(TestRunner.java:588)
	at org.testng.SuiteRunner.runTest(SuiteRunner.java:384)
	at org.testng.SuiteRunner.runSequentially(SuiteRunner.java:378)
	at org.testng.SuiteRunner.privateRun(SuiteRunner.java:337)
	at org.testng.SuiteRunner.run(SuiteRunner.java:286)
	at org.testng.SuiteRunnerWorker.runSuite(SuiteRunnerWorker.java:53)
	at org.testng.SuiteRunnerWorker.run(SuiteRunnerWorker.java:96)
	at org.testng.TestNG.runSuitesSequentially(TestNG.java:1214)
	at org.testng.TestNG.runSuitesLocally(TestNG.java:1136)
	at org.testng.TestNG.runSuites(TestNG.java:1066)
	at org.testng.TestNG.run(TestNG.java:1034)
	at org.testng.remote.AbstractRemoteTestNG.run(AbstractRemoteTestNG.java:115)
	at org.testng.remote.RemoteTestNG.initAndRun(RemoteTestNG.java:251)
	at org.testng.remote.RemoteTestNG.main(RemoteTestNG.java:77)
</div></td></tr></table><p class="totop"><a href="#summary">back to summary</a></p>
<h3 id="m78">megastores.Goto_productdetailveiw#go_to_detailview_shopby</h3><table class="result"><tr><th>Exception</th></tr><tr><td><div class="stacktrace">java.lang.AssertionError: null
	at org.testng.Assert.fail(Assert.java:97)
	at org.testng.Assert.fail(Assert.java:102)
	at megastores.Goto_productdetailveiw.go_to_detailview_shopby(Goto_productdetailveiw.java:663)
	at sun.reflect.NativeMethodAccessorImpl.invoke0(Native Method)
	at sun.reflect.NativeMethodAccessorImpl.invoke(NativeMethodAccessorImpl.java:62)
	at sun.reflect.DelegatingMethodAccessorImpl.invoke(DelegatingMethodAccessorImpl.java:43)
	at java.lang.reflect.Method.invoke(Method.java:498)
	at org.testng.internal.MethodInvocationHelper.invokeMethod(MethodInvocationHelper.java:135)
	at org.testng.internal.TestInvoker.invokeMethod(TestInvoker.java:598)
	at org.testng.internal.TestInvoker.retryFailed(TestInvoker.java:214)
	at org.testng.internal.MethodRunner.runInSequence(MethodRunner.java:58)
	at org.testng.internal.TestInvoker$MethodInvocationAgent.invoke(TestInvoker.java:821)
	at org.testng.internal.TestInvoker.invokeTestMethods(TestInvoker.java:147)
	at org.testng.internal.TestMethodWorker.invokeTestMethods(TestMethodWorker.java:146)
	at org.testng.internal.TestMethodWorker.run(TestMethodWorker.java:128)
	at java.util.ArrayList.forEach(ArrayList.java:1257)
	at org.testng.TestRunner.privateRun(TestRunner.java:767)
	at org.testng.TestRunner.run(TestRunner.java:588)
	at org.testng.SuiteRunner.runTest(SuiteRunner.java:384)
	at org.testng.SuiteRunner.runSequentially(SuiteRunner.java:378)
	at org.testng.SuiteRunner.privateRun(SuiteRunner.java:337)
	at org.testng.SuiteRunner.run(SuiteRunner.java:286)
	at org.testng.SuiteRunnerWorker.runSuite(SuiteRunnerWorker.java:53)
	at org.testng.SuiteRunnerWorker.run(SuiteRunnerWorker.java:96)
	at org.testng.TestNG.runSuitesSequentially(TestNG.java:1214)
	at org.testng.TestNG.runSuitesLocally(TestNG.java:1136)
	at org.testng.TestNG.runSuites(TestNG.java:1066)
	at org.testng.TestNG.run(TestNG.java:1034)
	at org.testng.remote.AbstractRemoteTestNG.run(AbstractRemoteTestNG.java:115)
	at org.testng.remote.RemoteTestNG.initAndRun(RemoteTestNG.java:251)
	at org.testng.remote.RemoteTestNG.main(RemoteTestNG.java:77)
</div></td></tr></table><p class="totop"><a href="#summary">back to summary</a></p>
<h3 id="m79">megastores.Goto_productdetailveiw#go_to_detailview_shopby</h3><table class="result"><tr><th>Exception</th></tr><tr><td><div class="stacktrace">java.lang.AssertionError: null
	at org.testng.Assert.fail(Assert.java:97)
	at org.testng.Assert.fail(Assert.java:102)
	at megastores.Goto_productdetailveiw.go_to_detailview_shopby(Goto_productdetailveiw.java:663)
	at sun.reflect.NativeMethodAccessorImpl.invoke0(Native Method)
	at sun.reflect.NativeMethodAccessorImpl.invoke(NativeMethodAccessorImpl.java:62)
	at sun.reflect.DelegatingMethodAccessorImpl.invoke(DelegatingMethodAccessorImpl.java:43)
	at java.lang.reflect.Method.invoke(Method.java:498)
	at org.testng.internal.MethodInvocationHelper.invokeMethod(MethodInvocationHelper.java:135)
	at org.testng.internal.TestInvoker.invokeMethod(TestInvoker.java:598)
	at org.testng.internal.TestInvoker.invokeTestMethod(TestInvoker.java:174)
	at org.testng.internal.MethodRunner.runInSequence(MethodRunner.java:46)
	at org.testng.internal.TestInvoker$MethodInvocationAgent.invoke(TestInvoker.java:821)
	at org.testng.internal.TestInvoker.invokeTestMethods(TestInvoker.java:147)
	at org.testng.internal.TestMethodWorker.invokeTestMethods(TestMethodWorker.java:146)
	at org.testng.internal.TestMethodWorker.run(TestMethodWorker.java:128)
	at java.util.ArrayList.forEach(ArrayList.java:1257)
	at org.testng.TestRunner.privateRun(TestRunner.java:767)
	at org.testng.TestRunner.run(TestRunner.java:588)
	at org.testng.SuiteRunner.runTest(SuiteRunner.java:384)
	at org.testng.SuiteRunner.runSequentially(SuiteRunner.java:378)
	at org.testng.SuiteRunner.privateRun(SuiteRunner.java:337)
	at org.testng.SuiteRunner.run(SuiteRunner.java:286)
	at org.testng.SuiteRunnerWorker.runSuite(SuiteRunnerWorker.java:53)
	at org.testng.SuiteRunnerWorker.run(SuiteRunnerWorker.java:96)
	at org.testng.TestNG.runSuitesSequentially(TestNG.java:1214)
	at org.testng.TestNG.runSuitesLocally(TestNG.java:1136)
	at org.testng.TestNG.runSuites(TestNG.java:1066)
	at org.testng.TestNG.run(TestNG.java:1034)
	at org.testng.remote.AbstractRemoteTestNG.run(AbstractRemoteTestNG.java:115)
	at org.testng.remote.RemoteTestNG.initAndRun(RemoteTestNG.java:251)
	at org.testng.remote.RemoteTestNG.main(RemoteTestNG.java:77)
</div></td></tr></table><p class="totop"><a href="#summary">back to summary</a></p>
<h3 id="m80">megastores.Goto_productdetailveiw#go_to_detailview_shopby</h3><table class="result"><tr><th>Exception</th></tr><tr><td><div class="stacktrace">java.lang.AssertionError: null
	at org.testng.Assert.fail(Assert.java:97)
	at org.testng.Assert.fail(Assert.java:102)
	at megastores.Goto_productdetailveiw.go_to_detailview_shopby(Goto_productdetailveiw.java:663)
	at sun.reflect.NativeMethodAccessorImpl.invoke0(Native Method)
	at sun.reflect.NativeMethodAccessorImpl.invoke(NativeMethodAccessorImpl.java:62)
	at sun.reflect.DelegatingMethodAccessorImpl.invoke(DelegatingMethodAccessorImpl.java:43)
	at java.lang.reflect.Method.invoke(Method.java:498)
	at org.testng.internal.MethodInvocationHelper.invokeMethod(MethodInvocationHelper.java:135)
	at org.testng.internal.TestInvoker.invokeMethod(TestInvoker.java:598)
	at org.testng.internal.TestInvoker.retryFailed(TestInvoker.java:214)
	at org.testng.internal.MethodRunner.runInSequence(MethodRunner.java:58)
	at org.testng.internal.TestInvoker$MethodInvocationAgent.invoke(TestInvoker.java:821)
	at org.testng.internal.TestInvoker.invokeTestMethods(TestInvoker.java:147)
	at org.testng.internal.TestMethodWorker.invokeTestMethods(TestMethodWorker.java:146)
	at org.testng.internal.TestMethodWorker.run(TestMethodWorker.java:128)
	at java.util.ArrayList.forEach(ArrayList.java:1257)
	at org.testng.TestRunner.privateRun(TestRunner.java:767)
	at org.testng.TestRunner.run(TestRunner.java:588)
	at org.testng.SuiteRunner.runTest(SuiteRunner.java:384)
	at org.testng.SuiteRunner.runSequentially(SuiteRunner.java:378)
	at org.testng.SuiteRunner.privateRun(SuiteRunner.java:337)
	at org.testng.SuiteRunner.run(SuiteRunner.java:286)
	at org.testng.SuiteRunnerWorker.runSuite(SuiteRunnerWorker.java:53)
	at org.testng.SuiteRunnerWorker.run(SuiteRunnerWorker.java:96)
	at org.testng.TestNG.runSuitesSequentially(TestNG.java:1214)
	at org.testng.TestNG.runSuitesLocally(TestNG.java:1136)
	at org.testng.TestNG.runSuites(TestNG.java:1066)
	at org.testng.TestNG.run(TestNG.java:1034)
	at org.testng.remote.AbstractRemoteTestNG.run(AbstractRemoteTestNG.java:115)
	at org.testng.remote.RemoteTestNG.initAndRun(RemoteTestNG.java:251)
	at org.testng.remote.RemoteTestNG.main(RemoteTestNG.java:77)
</div></td></tr></table><p class="totop"><a href="#summary">back to summary</a></p>
<h3 id="m81">megastores.Goto_productdetailveiw#goto_detailview_Dashboard</h3><table class="result"><tr><th>Messages</th></tr><tr><td><div class="messages">Test failed: VRDI merchant info is not getting displayed</div></td></tr><tr><th>Exception</th></tr><tr><td><div class="stacktrace">java.lang.AssertionError: null
	at org.testng.Assert.fail(Assert.java:97)
	at org.testng.Assert.fail(Assert.java:102)
	at megastores.Goto_productdetailveiw.goto_detailview_Dashboard(Goto_productdetailveiw.java:107)
	at sun.reflect.NativeMethodAccessorImpl.invoke0(Native Method)
	at sun.reflect.NativeMethodAccessorImpl.invoke(NativeMethodAccessorImpl.java:62)
	at sun.reflect.DelegatingMethodAccessorImpl.invoke(DelegatingMethodAccessorImpl.java:43)
	at java.lang.reflect.Method.invoke(Method.java:498)
	at org.testng.internal.MethodInvocationHelper.invokeMethod(MethodInvocationHelper.java:135)
	at org.testng.internal.TestInvoker.invokeMethod(TestInvoker.java:598)
	at org.testng.internal.TestInvoker.invokeTestMethod(TestInvoker.java:174)
	at org.testng.internal.MethodRunner.runInSequence(MethodRunner.java:46)
	at org.testng.internal.TestInvoker$MethodInvocationAgent.invoke(TestInvoker.java:821)
	at org.testng.internal.TestInvoker.invokeTestMethods(TestInvoker.java:147)
	at org.testng.internal.TestMethodWorker.invokeTestMethods(TestMethodWorker.java:146)
	at org.testng.internal.TestMethodWorker.run(TestMethodWorker.java:128)
	at java.util.ArrayList.forEach(ArrayList.java:1257)
	at org.testng.TestRunner.privateRun(TestRunner.java:767)
	at org.testng.TestRunner.run(TestRunner.java:588)
	at org.testng.SuiteRunner.runTest(SuiteRunner.java:384)
	at org.testng.SuiteRunner.runSequentially(SuiteRunner.java:378)
	at org.testng.SuiteRunner.privateRun(SuiteRunner.java:337)
	at org.testng.SuiteRunner.run(SuiteRunner.java:286)
	at org.testng.SuiteRunnerWorker.runSuite(SuiteRunnerWorker.java:53)
	at org.testng.SuiteRunnerWorker.run(SuiteRunnerWorker.java:96)
	at org.testng.TestNG.runSuitesSequentially(TestNG.java:1214)
	at org.testng.TestNG.runSuitesLocally(TestNG.java:1136)
	at org.testng.TestNG.runSuites(TestNG.java:1066)
	at org.testng.TestNG.run(TestNG.java:1034)
	at org.testng.remote.AbstractRemoteTestNG.run(AbstractRemoteTestNG.java:115)
	at org.testng.remote.RemoteTestNG.initAndRun(RemoteTestNG.java:251)
	at org.testng.remote.RemoteTestNG.main(RemoteTestNG.java:77)
</div></td></tr></table><p class="totop"><a href="#summary">back to summary</a></p>
<h3 id="m82">megastores.Goto_productdetailveiw#goto_detailview_Dashboard</h3><table class="result"><tr><th>Messages</th></tr><tr><td><div class="messages">Test failed: VRDI merchant info is not getting displayed</div></td></tr><tr><th>Exception</th></tr><tr><td><div class="stacktrace">java.lang.AssertionError: null
	at org.testng.Assert.fail(Assert.java:97)
	at org.testng.Assert.fail(Assert.java:102)
	at megastores.Goto_productdetailveiw.goto_detailview_Dashboard(Goto_productdetailveiw.java:107)
	at sun.reflect.NativeMethodAccessorImpl.invoke0(Native Method)
	at sun.reflect.NativeMethodAccessorImpl.invoke(NativeMethodAccessorImpl.java:62)
	at sun.reflect.DelegatingMethodAccessorImpl.invoke(DelegatingMethodAccessorImpl.java:43)
	at java.lang.reflect.Method.invoke(Method.java:498)
	at org.testng.internal.MethodInvocationHelper.invokeMethod(MethodInvocationHelper.java:135)
	at org.testng.internal.TestInvoker.invokeMethod(TestInvoker.java:598)
	at org.testng.internal.TestInvoker.retryFailed(TestInvoker.java:214)
	at org.testng.internal.MethodRunner.runInSequence(MethodRunner.java:58)
	at org.testng.internal.TestInvoker$MethodInvocationAgent.invoke(TestInvoker.java:821)
	at org.testng.internal.TestInvoker.invokeTestMethods(TestInvoker.java:147)
	at org.testng.internal.TestMethodWorker.invokeTestMethods(TestMethodWorker.java:146)
	at org.testng.internal.TestMethodWorker.run(TestMethodWorker.java:128)
	at java.util.ArrayList.forEach(ArrayList.java:1257)
	at org.testng.TestRunner.privateRun(TestRunner.java:767)
	at org.testng.TestRunner.run(TestRunner.java:588)
	at org.testng.SuiteRunner.runTest(SuiteRunner.java:384)
	at org.testng.SuiteRunner.runSequentially(SuiteRunner.java:378)
	at org.testng.SuiteRunner.privateRun(SuiteRunner.java:337)
	at org.testng.SuiteRunner.run(SuiteRunner.java:286)
	at org.testng.SuiteRunnerWorker.runSuite(SuiteRunnerWorker.java:53)
	at org.testng.SuiteRunnerWorker.run(SuiteRunnerWorker.java:96)
	at org.testng.TestNG.runSuitesSequentially(TestNG.java:1214)
	at org.testng.TestNG.runSuitesLocally(TestNG.java:1136)
	at org.testng.TestNG.runSuites(TestNG.java:1066)
	at org.testng.TestNG.run(TestNG.java:1034)
	at org.testng.remote.AbstractRemoteTestNG.run(AbstractRemoteTestNG.java:115)
	at org.testng.remote.RemoteTestNG.initAndRun(RemoteTestNG.java:251)
	at org.testng.remote.RemoteTestNG.main(RemoteTestNG.java:77)
</div></td></tr></table><p class="totop"><a href="#summary">back to summary</a></p>
<h3 id="m83">megastores.Goto_productdetailveiw#goto_detailview_Dashboard</h3><table class="result"><tr><th>Messages</th></tr><tr><td><div class="messages">Test failed: VRDI merchant info is not getting displayed</div></td></tr><tr><th>Exception</th></tr><tr><td><div class="stacktrace">java.lang.AssertionError: null
	at org.testng.Assert.fail(Assert.java:97)
	at org.testng.Assert.fail(Assert.java:102)
	at megastores.Goto_productdetailveiw.goto_detailview_Dashboard(Goto_productdetailveiw.java:107)
	at sun.reflect.NativeMethodAccessorImpl.invoke0(Native Method)
	at sun.reflect.NativeMethodAccessorImpl.invoke(NativeMethodAccessorImpl.java:62)
	at sun.reflect.DelegatingMethodAccessorImpl.invoke(DelegatingMethodAccessorImpl.java:43)
	at java.lang.reflect.Method.invoke(Method.java:498)
	at org.testng.internal.MethodInvocationHelper.invokeMethod(MethodInvocationHelper.java:135)
	at org.testng.internal.TestInvoker.invokeMethod(TestInvoker.java:598)
	at org.testng.internal.TestInvoker.retryFailed(TestInvoker.java:214)
	at org.testng.internal.MethodRunner.runInSequence(MethodRunner.java:58)
	at org.testng.internal.TestInvoker$MethodInvocationAgent.invoke(TestInvoker.java:821)
	at org.testng.internal.TestInvoker.invokeTestMethods(TestInvoker.java:147)
	at org.testng.internal.TestMethodWorker.invokeTestMethods(TestMethodWorker.java:146)
	at org.testng.internal.TestMethodWorker.run(TestMethodWorker.java:128)
	at java.util.ArrayList.forEach(ArrayList.java:1257)
	at org.testng.TestRunner.privateRun(TestRunner.java:767)
	at org.testng.TestRunner.run(TestRunner.java:588)
	at org.testng.SuiteRunner.runTest(SuiteRunner.java:384)
	at org.testng.SuiteRunner.runSequentially(SuiteRunner.java:378)
	at org.testng.SuiteRunner.privateRun(SuiteRunner.java:337)
	at org.testng.SuiteRunner.run(SuiteRunner.java:286)
	at org.testng.SuiteRunnerWorker.runSuite(SuiteRunnerWorker.java:53)
	at org.testng.SuiteRunnerWorker.run(SuiteRunnerWorker.java:96)
	at org.testng.TestNG.runSuitesSequentially(TestNG.java:1214)
	at org.testng.TestNG.runSuitesLocally(TestNG.java:1136)
	at org.testng.TestNG.runSuites(TestNG.java:1066)
	at org.testng.TestNG.run(TestNG.java:1034)
	at org.testng.remote.AbstractRemoteTestNG.run(AbstractRemoteTestNG.java:115)
	at org.testng.remote.RemoteTestNG.initAndRun(RemoteTestNG.java:251)
	at org.testng.remote.RemoteTestNG.main(RemoteTestNG.java:77)
</div></td></tr></table><p class="totop"><a href="#summary">back to summary</a></p>
<h3 id="m84">megastores.Goto_productdetailveiw#goto_detailview_cart</h3><table class="result"><tr><th>Messages</th></tr><tr><td><div class="messages">Test failed: Merchant Info for VRDI is not getting displayed</div></td></tr><tr><th>Exception</th></tr><tr><td><div class="stacktrace">java.lang.AssertionError: null
	at org.testng.Assert.fail(Assert.java:97)
	at org.testng.Assert.fail(Assert.java:102)
	at megastores.Goto_productdetailveiw.goto_detailview_cart(Goto_productdetailveiw.java:935)
	at sun.reflect.NativeMethodAccessorImpl.invoke0(Native Method)
	at sun.reflect.NativeMethodAccessorImpl.invoke(NativeMethodAccessorImpl.java:62)
	at sun.reflect.DelegatingMethodAccessorImpl.invoke(DelegatingMethodAccessorImpl.java:43)
	at java.lang.reflect.Method.invoke(Method.java:498)
	at org.testng.internal.MethodInvocationHelper.invokeMethod(MethodInvocationHelper.java:135)
	at org.testng.internal.TestInvoker.invokeMethod(TestInvoker.java:598)
	at org.testng.internal.TestInvoker.invokeTestMethod(TestInvoker.java:174)
	at org.testng.internal.MethodRunner.runInSequence(MethodRunner.java:46)
	at org.testng.internal.TestInvoker$MethodInvocationAgent.invoke(TestInvoker.java:821)
	at org.testng.internal.TestInvoker.invokeTestMethods(TestInvoker.java:147)
	at org.testng.internal.TestMethodWorker.invokeTestMethods(TestMethodWorker.java:146)
	at org.testng.internal.TestMethodWorker.run(TestMethodWorker.java:128)
	at java.util.ArrayList.forEach(ArrayList.java:1257)
	at org.testng.TestRunner.privateRun(TestRunner.java:767)
	at org.testng.TestRunner.run(TestRunner.java:588)
	at org.testng.SuiteRunner.runTest(SuiteRunner.java:384)
	at org.testng.SuiteRunner.runSequentially(SuiteRunner.java:378)
	at org.testng.SuiteRunner.privateRun(SuiteRunner.java:337)
	at org.testng.SuiteRunner.run(SuiteRunner.java:286)
	at org.testng.SuiteRunnerWorker.runSuite(SuiteRunnerWorker.java:53)
	at org.testng.SuiteRunnerWorker.run(SuiteRunnerWorker.java:96)
	at org.testng.TestNG.runSuitesSequentially(TestNG.java:1214)
	at org.testng.TestNG.runSuitesLocally(TestNG.java:1136)
	at org.testng.TestNG.runSuites(TestNG.java:1066)
	at org.testng.TestNG.run(TestNG.java:1034)
	at org.testng.remote.AbstractRemoteTestNG.run(AbstractRemoteTestNG.java:115)
	at org.testng.remote.RemoteTestNG.initAndRun(RemoteTestNG.java:251)
	at org.testng.remote.RemoteTestNG.main(RemoteTestNG.java:77)
</div></td></tr></table><p class="totop"><a href="#summary">back to summary</a></p>
<h3 id="m85">megastores.Goto_productdetailveiw#goto_detailview_cart</h3><table class="result"><tr><th>Exception</th></tr><tr><td><div class="stacktrace">java.lang.AssertionError: null
	at org.testng.Assert.fail(Assert.java:97)
	at org.testng.Assert.fail(Assert.java:102)
	at megastores.Goto_productdetailveiw.goto_detailview_cart(Goto_productdetailveiw.java:961)
	at sun.reflect.NativeMethodAccessorImpl.invoke0(Native Method)
	at sun.reflect.NativeMethodAccessorImpl.invoke(NativeMethodAccessorImpl.java:62)
	at sun.reflect.DelegatingMethodAccessorImpl.invoke(DelegatingMethodAccessorImpl.java:43)
	at java.lang.reflect.Method.invoke(Method.java:498)
	at org.testng.internal.MethodInvocationHelper.invokeMethod(MethodInvocationHelper.java:135)
	at org.testng.internal.TestInvoker.invokeMethod(TestInvoker.java:598)
	at org.testng.internal.TestInvoker.retryFailed(TestInvoker.java:214)
	at org.testng.internal.MethodRunner.runInSequence(MethodRunner.java:58)
	at org.testng.internal.TestInvoker$MethodInvocationAgent.invoke(TestInvoker.java:821)
	at org.testng.internal.TestInvoker.invokeTestMethods(TestInvoker.java:147)
	at org.testng.internal.TestMethodWorker.invokeTestMethods(TestMethodWorker.java:146)
	at org.testng.internal.TestMethodWorker.run(TestMethodWorker.java:128)
	at java.util.ArrayList.forEach(ArrayList.java:1257)
	at org.testng.TestRunner.privateRun(TestRunner.java:767)
	at org.testng.TestRunner.run(TestRunner.java:588)
	at org.testng.SuiteRunner.runTest(SuiteRunner.java:384)
	at org.testng.SuiteRunner.runSequentially(SuiteRunner.java:378)
	at org.testng.SuiteRunner.privateRun(SuiteRunner.java:337)
	at org.testng.SuiteRunner.run(SuiteRunner.java:286)
	at org.testng.SuiteRunnerWorker.runSuite(SuiteRunnerWorker.java:53)
	at org.testng.SuiteRunnerWorker.run(SuiteRunnerWorker.java:96)
	at org.testng.TestNG.runSuitesSequentially(TestNG.java:1214)
	at org.testng.TestNG.runSuitesLocally(TestNG.java:1136)
	at org.testng.TestNG.runSuites(TestNG.java:1066)
	at org.testng.TestNG.run(TestNG.java:1034)
	at org.testng.remote.AbstractRemoteTestNG.run(AbstractRemoteTestNG.java:115)
	at org.testng.remote.RemoteTestNG.initAndRun(RemoteTestNG.java:251)
	at org.testng.remote.RemoteTestNG.main(RemoteTestNG.java:77)
</div></td></tr></table><p class="totop"><a href="#summary">back to summary</a></p>
<h3 id="m86">megastores.Goto_productdetailveiw#goto_detailview_cart</h3><table class="result"><tr><th>Exception</th></tr><tr><td><div class="stacktrace">java.lang.AssertionError: null
	at org.testng.Assert.fail(Assert.java:97)
	at org.testng.Assert.fail(Assert.java:102)
	at megastores.Goto_productdetailveiw.goto_detailview_cart(Goto_productdetailveiw.java:961)
	at sun.reflect.NativeMethodAccessorImpl.invoke0(Native Method)
	at sun.reflect.NativeMethodAccessorImpl.invoke(NativeMethodAccessorImpl.java:62)
	at sun.reflect.DelegatingMethodAccessorImpl.invoke(DelegatingMethodAccessorImpl.java:43)
	at java.lang.reflect.Method.invoke(Method.java:498)
	at org.testng.internal.MethodInvocationHelper.invokeMethod(MethodInvocationHelper.java:135)
	at org.testng.internal.TestInvoker.invokeMethod(TestInvoker.java:598)
	at org.testng.internal.TestInvoker.retryFailed(TestInvoker.java:214)
	at org.testng.internal.MethodRunner.runInSequence(MethodRunner.java:58)
	at org.testng.internal.TestInvoker$MethodInvocationAgent.invoke(TestInvoker.java:821)
	at org.testng.internal.TestInvoker.invokeTestMethods(TestInvoker.java:147)
	at org.testng.internal.TestMethodWorker.invokeTestMethods(TestMethodWorker.java:146)
	at org.testng.internal.TestMethodWorker.run(TestMethodWorker.java:128)
	at java.util.ArrayList.forEach(ArrayList.java:1257)
	at org.testng.TestRunner.privateRun(TestRunner.java:767)
	at org.testng.TestRunner.run(TestRunner.java:588)
	at org.testng.SuiteRunner.runTest(SuiteRunner.java:384)
	at org.testng.SuiteRunner.runSequentially(SuiteRunner.java:378)
	at org.testng.SuiteRunner.privateRun(SuiteRunner.java:337)
	at org.testng.SuiteRunner.run(SuiteRunner.java:286)
	at org.testng.SuiteRunnerWorker.runSuite(SuiteRunnerWorker.java:53)
	at org.testng.SuiteRunnerWorker.run(SuiteRunnerWorker.java:96)
	at org.testng.TestNG.runSuitesSequentially(TestNG.java:1214)
	at org.testng.TestNG.runSuitesLocally(TestNG.java:1136)
	at org.testng.TestNG.runSuites(TestNG.java:1066)
	at org.testng.TestNG.run(TestNG.java:1034)
	at org.testng.remote.AbstractRemoteTestNG.run(AbstractRemoteTestNG.java:115)
	at org.testng.remote.RemoteTestNG.initAndRun(RemoteTestNG.java:251)
	at org.testng.remote.RemoteTestNG.main(RemoteTestNG.java:77)
</div></td></tr></table><p class="totop"><a href="#summary">back to summary</a></p>
<h3 id="m87">megastores.Goto_productdetailveiw#goto_detailview_solar</h3><table class="result"><tr><th>Messages</th></tr><tr><td><div class="messages">Searched for Tharad<br/>Product Clicked successfully<br/>Test Passed: Navigated to detailview of Shrujan product successfully</div></td></tr></table><p class="totop"><a href="#summary">back to summary</a></p>
<h2>My_Order Test</h2><h3 id="m88">megastores.My_Order#place_order</h3><table class="result"><tr><th>Messages</th></tr><tr><td><div class="messages">Login clicked<br/>Username added<br/>Password added<br/>Submit clicked<br/>Login successfull<br/>Shop By Segment Clicked<br/>Accessories Clicked</div></td></tr><tr><th>Exception</th></tr><tr><td><div class="stacktrace">java.lang.AssertionError: null
	at org.testng.Assert.fail(Assert.java:97)
	at org.testng.Assert.fail(Assert.java:102)
	at megastores.My_Order.place_order(My_Order.java:406)
	at sun.reflect.NativeMethodAccessorImpl.invoke0(Native Method)
	at sun.reflect.NativeMethodAccessorImpl.invoke(NativeMethodAccessorImpl.java:62)
	at sun.reflect.DelegatingMethodAccessorImpl.invoke(DelegatingMethodAccessorImpl.java:43)
	at java.lang.reflect.Method.invoke(Method.java:498)
	at org.testng.internal.MethodInvocationHelper.invokeMethod(MethodInvocationHelper.java:135)
	at org.testng.internal.TestInvoker.invokeMethod(TestInvoker.java:598)
	at org.testng.internal.TestInvoker.invokeTestMethod(TestInvoker.java:174)
	at org.testng.internal.MethodRunner.runInSequence(MethodRunner.java:46)
	at org.testng.internal.TestInvoker$MethodInvocationAgent.invoke(TestInvoker.java:821)
	at org.testng.internal.TestInvoker.invokeTestMethods(TestInvoker.java:147)
	at org.testng.internal.TestMethodWorker.invokeTestMethods(TestMethodWorker.java:146)
	at org.testng.internal.TestMethodWorker.run(TestMethodWorker.java:128)
	at java.util.ArrayList.forEach(ArrayList.java:1257)
	at org.testng.TestRunner.privateRun(TestRunner.java:767)
	at org.testng.TestRunner.run(TestRunner.java:588)
	at org.testng.SuiteRunner.runTest(SuiteRunner.java:384)
	at org.testng.SuiteRunner.runSequentially(SuiteRunner.java:378)
	at org.testng.SuiteRunner.privateRun(SuiteRunner.java:337)
	at org.testng.SuiteRunner.run(SuiteRunner.java:286)
	at org.testng.SuiteRunnerWorker.runSuite(SuiteRunnerWorker.java:53)
	at org.testng.SuiteRunnerWorker.run(SuiteRunnerWorker.java:96)
	at org.testng.TestNG.runSuitesSequentially(TestNG.java:1214)
	at org.testng.TestNG.runSuitesLocally(TestNG.java:1136)
	at org.testng.TestNG.runSuites(TestNG.java:1066)
	at org.testng.TestNG.run(TestNG.java:1034)
	at org.testng.remote.AbstractRemoteTestNG.run(AbstractRemoteTestNG.java:115)
	at org.testng.remote.RemoteTestNG.initAndRun(RemoteTestNG.java:251)
	at org.testng.remote.RemoteTestNG.main(RemoteTestNG.java:77)
</div></td></tr></table><p class="totop"><a href="#summary">back to summary</a></p>
<h3 id="m89">megastores.My_Order#view_latest_order</h3><table class="result"><tr><th>Exception</th></tr><tr><td><div class="stacktrace">java.lang.AssertionError: null
	at org.testng.Assert.fail(Assert.java:97)
	at org.testng.Assert.fail(Assert.java:102)
	at megastores.My_Order.view_latest_order(My_Order.java:478)
	at sun.reflect.NativeMethodAccessorImpl.invoke0(Native Method)
	at sun.reflect.NativeMethodAccessorImpl.invoke(NativeMethodAccessorImpl.java:62)
	at sun.reflect.DelegatingMethodAccessorImpl.invoke(DelegatingMethodAccessorImpl.java:43)
	at java.lang.reflect.Method.invoke(Method.java:498)
	at org.testng.internal.MethodInvocationHelper.invokeMethod(MethodInvocationHelper.java:135)
	at org.testng.internal.TestInvoker.invokeMethod(TestInvoker.java:598)
	at org.testng.internal.TestInvoker.invokeTestMethod(TestInvoker.java:174)
	at org.testng.internal.MethodRunner.runInSequence(MethodRunner.java:46)
	at org.testng.internal.TestInvoker$MethodInvocationAgent.invoke(TestInvoker.java:821)
	at org.testng.internal.TestInvoker.invokeTestMethods(TestInvoker.java:147)
	at org.testng.internal.TestMethodWorker.invokeTestMethods(TestMethodWorker.java:146)
	at org.testng.internal.TestMethodWorker.run(TestMethodWorker.java:128)
	at java.util.ArrayList.forEach(ArrayList.java:1257)
	at org.testng.TestRunner.privateRun(TestRunner.java:767)
	at org.testng.TestRunner.run(TestRunner.java:588)
	at org.testng.SuiteRunner.runTest(SuiteRunner.java:384)
	at org.testng.SuiteRunner.runSequentially(SuiteRunner.java:378)
	at org.testng.SuiteRunner.privateRun(SuiteRunner.java:337)
	at org.testng.SuiteRunner.run(SuiteRunner.java:286)
	at org.testng.SuiteRunnerWorker.runSuite(SuiteRunnerWorker.java:53)
	at org.testng.SuiteRunnerWorker.run(SuiteRunnerWorker.java:96)
	at org.testng.TestNG.runSuitesSequentially(TestNG.java:1214)
	at org.testng.TestNG.runSuitesLocally(TestNG.java:1136)
	at org.testng.TestNG.runSuites(TestNG.java:1066)
	at org.testng.TestNG.run(TestNG.java:1034)
	at org.testng.remote.AbstractRemoteTestNG.run(AbstractRemoteTestNG.java:115)
	at org.testng.remote.RemoteTestNG.initAndRun(RemoteTestNG.java:251)
	at org.testng.remote.RemoteTestNG.main(RemoteTestNG.java:77)
</div></td></tr></table><p class="totop"><a href="#summary">back to summary</a></p>
<h2>Product_Listview_Left_Nav Test</h2><h3 id="m90">megastores.Product_Listview_Left_Nav#click_load_more</h3><table class="result"><tr><th>Exception</th></tr><tr><td><div class="stacktrace">java.lang.AssertionError: null
	at org.testng.Assert.fail(Assert.java:97)
	at org.testng.Assert.fail(Assert.java:102)
	at megastores.Product_Listview_Left_Nav.click_load_more(Product_Listview_Left_Nav.java:123)
	at sun.reflect.NativeMethodAccessorImpl.invoke0(Native Method)
	at sun.reflect.NativeMethodAccessorImpl.invoke(NativeMethodAccessorImpl.java:62)
	at sun.reflect.DelegatingMethodAccessorImpl.invoke(DelegatingMethodAccessorImpl.java:43)
	at java.lang.reflect.Method.invoke(Method.java:498)
	at org.testng.internal.MethodInvocationHelper.invokeMethod(MethodInvocationHelper.java:135)
	at org.testng.internal.TestInvoker.invokeMethod(TestInvoker.java:598)
	at org.testng.internal.TestInvoker.retryFailed(TestInvoker.java:214)
	at org.testng.internal.MethodRunner.runInSequence(MethodRunner.java:58)
	at org.testng.internal.TestInvoker$MethodInvocationAgent.invoke(TestInvoker.java:821)
	at org.testng.internal.TestInvoker.invokeTestMethods(TestInvoker.java:147)
	at org.testng.internal.TestMethodWorker.invokeTestMethods(TestMethodWorker.java:146)
	at org.testng.internal.TestMethodWorker.run(TestMethodWorker.java:128)
	at java.util.ArrayList.forEach(ArrayList.java:1257)
	at org.testng.TestRunner.privateRun(TestRunner.java:767)
	at org.testng.TestRunner.run(TestRunner.java:588)
	at org.testng.SuiteRunner.runTest(SuiteRunner.java:384)
	at org.testng.SuiteRunner.runSequentially(SuiteRunner.java:378)
	at org.testng.SuiteRunner.privateRun(SuiteRunner.java:337)
	at org.testng.SuiteRunner.run(SuiteRunner.java:286)
	at org.testng.SuiteRunnerWorker.runSuite(SuiteRunnerWorker.java:53)
	at org.testng.SuiteRunnerWorker.run(SuiteRunnerWorker.java:96)
	at org.testng.TestNG.runSuitesSequentially(TestNG.java:1214)
	at org.testng.TestNG.runSuitesLocally(TestNG.java:1136)
	at org.testng.TestNG.runSuites(TestNG.java:1066)
	at org.testng.TestNG.run(TestNG.java:1034)
	at org.testng.remote.AbstractRemoteTestNG.run(AbstractRemoteTestNG.java:115)
	at org.testng.remote.RemoteTestNG.initAndRun(RemoteTestNG.java:251)
	at org.testng.remote.RemoteTestNG.main(RemoteTestNG.java:77)
</div></td></tr></table><p class="totop"><a href="#summary">back to summary</a></p>
<h3 id="m91">megastores.Product_Listview_Left_Nav#go_to_listview</h3><table class="result"><tr><th>Exception</th></tr><tr><td><div class="stacktrace">java.lang.AssertionError: expected [http://54.147.24.85/megastores/] but found [http://54.147.24.85/megastores/#]
	at org.testng.Assert.fail(Assert.java:97)
	at org.testng.Assert.assertEqualsImpl(Assert.java:136)
	at org.testng.Assert.assertEquals(Assert.java:118)
	at org.testng.Assert.assertEquals(Assert.java:575)
	at org.testng.Assert.assertEquals(Assert.java:585)
	at megastores.Product_Listview_Left_Nav.go_to_listview(Product_Listview_Left_Nav.java:61)
	at sun.reflect.NativeMethodAccessorImpl.invoke0(Native Method)
	at sun.reflect.NativeMethodAccessorImpl.invoke(NativeMethodAccessorImpl.java:62)
	at sun.reflect.DelegatingMethodAccessorImpl.invoke(DelegatingMethodAccessorImpl.java:43)
	at java.lang.reflect.Method.invoke(Method.java:498)
	at org.testng.internal.MethodInvocationHelper.invokeMethod(MethodInvocationHelper.java:135)
	at org.testng.internal.TestInvoker.invokeMethod(TestInvoker.java:598)
	at org.testng.internal.TestInvoker.retryFailed(TestInvoker.java:214)
	at org.testng.internal.MethodRunner.runInSequence(MethodRunner.java:58)
	at org.testng.internal.TestInvoker$MethodInvocationAgent.invoke(TestInvoker.java:821)
	at org.testng.internal.TestInvoker.invokeTestMethods(TestInvoker.java:147)
	at org.testng.internal.TestMethodWorker.invokeTestMethods(TestMethodWorker.java:146)
	at org.testng.internal.TestMethodWorker.run(TestMethodWorker.java:128)
	at java.util.ArrayList.forEach(ArrayList.java:1257)
	at org.testng.TestRunner.privateRun(TestRunner.java:767)
	at org.testng.TestRunner.run(TestRunner.java:588)
	at org.testng.SuiteRunner.runTest(SuiteRunner.java:384)
	at org.testng.SuiteRunner.runSequentially(SuiteRunner.java:378)
	at org.testng.SuiteRunner.privateRun(SuiteRunner.java:337)
	at org.testng.SuiteRunner.run(SuiteRunner.java:286)
	at org.testng.SuiteRunnerWorker.runSuite(SuiteRunnerWorker.java:53)
	at org.testng.SuiteRunnerWorker.run(SuiteRunnerWorker.java:96)
	at org.testng.TestNG.runSuitesSequentially(TestNG.java:1214)
	at org.testng.TestNG.runSuitesLocally(TestNG.java:1136)
	at org.testng.TestNG.runSuites(TestNG.java:1066)
	at org.testng.TestNG.run(TestNG.java:1034)
	at org.testng.remote.AbstractRemoteTestNG.run(AbstractRemoteTestNG.java:115)
	at org.testng.remote.RemoteTestNG.initAndRun(RemoteTestNG.java:251)
	at org.testng.remote.RemoteTestNG.main(RemoteTestNG.java:77)
</div></td></tr></table><p class="totop"><a href="#summary">back to summary</a></p>
<h3 id="m92">megastores.Product_Listview_Left_Nav#click_load_more</h3><table class="result"><tr><th>Exception</th></tr><tr><td><div class="stacktrace">java.lang.AssertionError: null
	at org.testng.Assert.fail(Assert.java:97)
	at org.testng.Assert.fail(Assert.java:102)
	at megastores.Product_Listview_Left_Nav.click_load_more(Product_Listview_Left_Nav.java:123)
	at sun.reflect.NativeMethodAccessorImpl.invoke0(Native Method)
	at sun.reflect.NativeMethodAccessorImpl.invoke(NativeMethodAccessorImpl.java:62)
	at sun.reflect.DelegatingMethodAccessorImpl.invoke(DelegatingMethodAccessorImpl.java:43)
	at java.lang.reflect.Method.invoke(Method.java:498)
	at org.testng.internal.MethodInvocationHelper.invokeMethod(MethodInvocationHelper.java:135)
	at org.testng.internal.TestInvoker.invokeMethod(TestInvoker.java:598)
	at org.testng.internal.TestInvoker.retryFailed(TestInvoker.java:214)
	at org.testng.internal.MethodRunner.runInSequence(MethodRunner.java:58)
	at org.testng.internal.TestInvoker$MethodInvocationAgent.invoke(TestInvoker.java:821)
	at org.testng.internal.TestInvoker.invokeTestMethods(TestInvoker.java:147)
	at org.testng.internal.TestMethodWorker.invokeTestMethods(TestMethodWorker.java:146)
	at org.testng.internal.TestMethodWorker.run(TestMethodWorker.java:128)
	at java.util.ArrayList.forEach(ArrayList.java:1257)
	at org.testng.TestRunner.privateRun(TestRunner.java:767)
	at org.testng.TestRunner.run(TestRunner.java:588)
	at org.testng.SuiteRunner.runTest(SuiteRunner.java:384)
	at org.testng.SuiteRunner.runSequentially(SuiteRunner.java:378)
	at org.testng.SuiteRunner.privateRun(SuiteRunner.java:337)
	at org.testng.SuiteRunner.run(SuiteRunner.java:286)
	at org.testng.SuiteRunnerWorker.runSuite(SuiteRunnerWorker.java:53)
	at org.testng.SuiteRunnerWorker.run(SuiteRunnerWorker.java:96)
	at org.testng.TestNG.runSuitesSequentially(TestNG.java:1214)
	at org.testng.TestNG.runSuitesLocally(TestNG.java:1136)
	at org.testng.TestNG.runSuites(TestNG.java:1066)
	at org.testng.TestNG.run(TestNG.java:1034)
	at org.testng.remote.AbstractRemoteTestNG.run(AbstractRemoteTestNG.java:115)
	at org.testng.remote.RemoteTestNG.initAndRun(RemoteTestNG.java:251)
	at org.testng.remote.RemoteTestNG.main(RemoteTestNG.java:77)
</div></td></tr></table><p class="totop"><a href="#summary">back to summary</a></p>
<h3 id="m93">megastores.Product_Listview_Left_Nav#click_load_more</h3><table class="result"><tr><th>Exception</th></tr><tr><td><div class="stacktrace">java.lang.AssertionError: null
	at org.testng.Assert.fail(Assert.java:97)
	at org.testng.Assert.fail(Assert.java:102)
	at megastores.Product_Listview_Left_Nav.click_load_more(Product_Listview_Left_Nav.java:123)
	at sun.reflect.NativeMethodAccessorImpl.invoke0(Native Method)
	at sun.reflect.NativeMethodAccessorImpl.invoke(NativeMethodAccessorImpl.java:62)
	at sun.reflect.DelegatingMethodAccessorImpl.invoke(DelegatingMethodAccessorImpl.java:43)
	at java.lang.reflect.Method.invoke(Method.java:498)
	at org.testng.internal.MethodInvocationHelper.invokeMethod(MethodInvocationHelper.java:135)
	at org.testng.internal.TestInvoker.invokeMethod(TestInvoker.java:598)
	at org.testng.internal.TestInvoker.retryFailed(TestInvoker.java:214)
	at org.testng.internal.MethodRunner.runInSequence(MethodRunner.java:58)
	at org.testng.internal.TestInvoker$MethodInvocationAgent.invoke(TestInvoker.java:821)
	at org.testng.internal.TestInvoker.invokeTestMethods(TestInvoker.java:147)
	at org.testng.internal.TestMethodWorker.invokeTestMethods(TestMethodWorker.java:146)
	at org.testng.internal.TestMethodWorker.run(TestMethodWorker.java:128)
	at java.util.ArrayList.forEach(ArrayList.java:1257)
	at org.testng.TestRunner.privateRun(TestRunner.java:767)
	at org.testng.TestRunner.run(TestRunner.java:588)
	at org.testng.SuiteRunner.runTest(SuiteRunner.java:384)
	at org.testng.SuiteRunner.runSequentially(SuiteRunner.java:378)
	at org.testng.SuiteRunner.privateRun(SuiteRunner.java:337)
	at org.testng.SuiteRunner.run(SuiteRunner.java:286)
	at org.testng.SuiteRunnerWorker.runSuite(SuiteRunnerWorker.java:53)
	at org.testng.SuiteRunnerWorker.run(SuiteRunnerWorker.java:96)
	at org.testng.TestNG.runSuitesSequentially(TestNG.java:1214)
	at org.testng.TestNG.runSuitesLocally(TestNG.java:1136)
	at org.testng.TestNG.runSuites(TestNG.java:1066)
	at org.testng.TestNG.run(TestNG.java:1034)
	at org.testng.remote.AbstractRemoteTestNG.run(AbstractRemoteTestNG.java:115)
	at org.testng.remote.RemoteTestNG.initAndRun(RemoteTestNG.java:251)
	at org.testng.remote.RemoteTestNG.main(RemoteTestNG.java:77)
</div></td></tr></table><p class="totop"><a href="#summary">back to summary</a></p>
<h3 id="m94">megastores.Product_Listview_Left_Nav#click_load_more</h3><table class="result"><tr><th>Exception</th></tr><tr><td><div class="stacktrace">java.lang.AssertionError: null
	at org.testng.Assert.fail(Assert.java:97)
	at org.testng.Assert.fail(Assert.java:102)
	at megastores.Product_Listview_Left_Nav.click_load_more(Product_Listview_Left_Nav.java:123)
	at sun.reflect.NativeMethodAccessorImpl.invoke0(Native Method)
	at sun.reflect.NativeMethodAccessorImpl.invoke(NativeMethodAccessorImpl.java:62)
	at sun.reflect.DelegatingMethodAccessorImpl.invoke(DelegatingMethodAccessorImpl.java:43)
	at java.lang.reflect.Method.invoke(Method.java:498)
	at org.testng.internal.MethodInvocationHelper.invokeMethod(MethodInvocationHelper.java:135)
	at org.testng.internal.TestInvoker.invokeMethod(TestInvoker.java:598)
	at org.testng.internal.TestInvoker.invokeTestMethod(TestInvoker.java:174)
	at org.testng.internal.MethodRunner.runInSequence(MethodRunner.java:46)
	at org.testng.internal.TestInvoker$MethodInvocationAgent.invoke(TestInvoker.java:821)
	at org.testng.internal.TestInvoker.invokeTestMethods(TestInvoker.java:147)
	at org.testng.internal.TestMethodWorker.invokeTestMethods(TestMethodWorker.java:146)
	at org.testng.internal.TestMethodWorker.run(TestMethodWorker.java:128)
	at java.util.ArrayList.forEach(ArrayList.java:1257)
	at org.testng.TestRunner.privateRun(TestRunner.java:767)
	at org.testng.TestRunner.run(TestRunner.java:588)
	at org.testng.SuiteRunner.runTest(SuiteRunner.java:384)
	at org.testng.SuiteRunner.runSequentially(SuiteRunner.java:378)
	at org.testng.SuiteRunner.privateRun(SuiteRunner.java:337)
	at org.testng.SuiteRunner.run(SuiteRunner.java:286)
	at org.testng.SuiteRunnerWorker.runSuite(SuiteRunnerWorker.java:53)
	at org.testng.SuiteRunnerWorker.run(SuiteRunnerWorker.java:96)
	at org.testng.TestNG.runSuitesSequentially(TestNG.java:1214)
	at org.testng.TestNG.runSuitesLocally(TestNG.java:1136)
	at org.testng.TestNG.runSuites(TestNG.java:1066)
	at org.testng.TestNG.run(TestNG.java:1034)
	at org.testng.remote.AbstractRemoteTestNG.run(AbstractRemoteTestNG.java:115)
	at org.testng.remote.RemoteTestNG.initAndRun(RemoteTestNG.java:251)
	at org.testng.remote.RemoteTestNG.main(RemoteTestNG.java:77)
</div></td></tr></table><p class="totop"><a href="#summary">back to summary</a></p>
<h3 id="m95">megastores.Product_Listview_Left_Nav#go_to_listview</h3><table class="result"><tr><th>Exception</th></tr><tr><td><div class="stacktrace">java.lang.AssertionError: null
	at org.testng.Assert.fail(Assert.java:97)
	at org.testng.Assert.fail(Assert.java:102)
	at megastores.Product_Listview_Left_Nav.go_to_listview(Product_Listview_Left_Nav.java:83)
	at sun.reflect.NativeMethodAccessorImpl.invoke0(Native Method)
	at sun.reflect.NativeMethodAccessorImpl.invoke(NativeMethodAccessorImpl.java:62)
	at sun.reflect.DelegatingMethodAccessorImpl.invoke(DelegatingMethodAccessorImpl.java:43)
	at java.lang.reflect.Method.invoke(Method.java:498)
	at org.testng.internal.MethodInvocationHelper.invokeMethod(MethodInvocationHelper.java:135)
	at org.testng.internal.TestInvoker.invokeMethod(TestInvoker.java:598)
	at org.testng.internal.TestInvoker.invokeTestMethod(TestInvoker.java:174)
	at org.testng.internal.MethodRunner.runInSequence(MethodRunner.java:46)
	at org.testng.internal.TestInvoker$MethodInvocationAgent.invoke(TestInvoker.java:821)
	at org.testng.internal.TestInvoker.invokeTestMethods(TestInvoker.java:147)
	at org.testng.internal.TestMethodWorker.invokeTestMethods(TestMethodWorker.java:146)
	at org.testng.internal.TestMethodWorker.run(TestMethodWorker.java:128)
	at java.util.ArrayList.forEach(ArrayList.java:1257)
	at org.testng.TestRunner.privateRun(TestRunner.java:767)
	at org.testng.TestRunner.run(TestRunner.java:588)
	at org.testng.SuiteRunner.runTest(SuiteRunner.java:384)
	at org.testng.SuiteRunner.runSequentially(SuiteRunner.java:378)
	at org.testng.SuiteRunner.privateRun(SuiteRunner.java:337)
	at org.testng.SuiteRunner.run(SuiteRunner.java:286)
	at org.testng.SuiteRunnerWorker.runSuite(SuiteRunnerWorker.java:53)
	at org.testng.SuiteRunnerWorker.run(SuiteRunnerWorker.java:96)
	at org.testng.TestNG.runSuitesSequentially(TestNG.java:1214)
	at org.testng.TestNG.runSuitesLocally(TestNG.java:1136)
	at org.testng.TestNG.runSuites(TestNG.java:1066)
	at org.testng.TestNG.run(TestNG.java:1034)
	at org.testng.remote.AbstractRemoteTestNG.run(AbstractRemoteTestNG.java:115)
	at org.testng.remote.RemoteTestNG.initAndRun(RemoteTestNG.java:251)
	at org.testng.remote.RemoteTestNG.main(RemoteTestNG.java:77)
</div></td></tr></table><p class="totop"><a href="#summary">back to summary</a></p>
<h3 id="m96">megastores.Product_Listview_Left_Nav#go_to_listview</h3><table class="result"><tr><th>Exception</th></tr><tr><td><div class="stacktrace">java.lang.AssertionError: expected [http://54.147.24.85/megastores/] but found [http://54.147.24.85/megastores/#]
	at org.testng.Assert.fail(Assert.java:97)
	at org.testng.Assert.assertEqualsImpl(Assert.java:136)
	at org.testng.Assert.assertEquals(Assert.java:118)
	at org.testng.Assert.assertEquals(Assert.java:575)
	at org.testng.Assert.assertEquals(Assert.java:585)
	at megastores.Product_Listview_Left_Nav.go_to_listview(Product_Listview_Left_Nav.java:61)
	at sun.reflect.NativeMethodAccessorImpl.invoke0(Native Method)
	at sun.reflect.NativeMethodAccessorImpl.invoke(NativeMethodAccessorImpl.java:62)
	at sun.reflect.DelegatingMethodAccessorImpl.invoke(DelegatingMethodAccessorImpl.java:43)
	at java.lang.reflect.Method.invoke(Method.java:498)
	at org.testng.internal.MethodInvocationHelper.invokeMethod(MethodInvocationHelper.java:135)
	at org.testng.internal.TestInvoker.invokeMethod(TestInvoker.java:598)
	at org.testng.internal.TestInvoker.retryFailed(TestInvoker.java:214)
	at org.testng.internal.MethodRunner.runInSequence(MethodRunner.java:58)
	at org.testng.internal.TestInvoker$MethodInvocationAgent.invoke(TestInvoker.java:821)
	at org.testng.internal.TestInvoker.invokeTestMethods(TestInvoker.java:147)
	at org.testng.internal.TestMethodWorker.invokeTestMethods(TestMethodWorker.java:146)
	at org.testng.internal.TestMethodWorker.run(TestMethodWorker.java:128)
	at java.util.ArrayList.forEach(ArrayList.java:1257)
	at org.testng.TestRunner.privateRun(TestRunner.java:767)
	at org.testng.TestRunner.run(TestRunner.java:588)
	at org.testng.SuiteRunner.runTest(SuiteRunner.java:384)
	at org.testng.SuiteRunner.runSequentially(SuiteRunner.java:378)
	at org.testng.SuiteRunner.privateRun(SuiteRunner.java:337)
	at org.testng.SuiteRunner.run(SuiteRunner.java:286)
	at org.testng.SuiteRunnerWorker.runSuite(SuiteRunnerWorker.java:53)
	at org.testng.SuiteRunnerWorker.run(SuiteRunnerWorker.java:96)
	at org.testng.TestNG.runSuitesSequentially(TestNG.java:1214)
	at org.testng.TestNG.runSuitesLocally(TestNG.java:1136)
	at org.testng.TestNG.runSuites(TestNG.java:1066)
	at org.testng.TestNG.run(TestNG.java:1034)
	at org.testng.remote.AbstractRemoteTestNG.run(AbstractRemoteTestNG.java:115)
	at org.testng.remote.RemoteTestNG.initAndRun(RemoteTestNG.java:251)
	at org.testng.remote.RemoteTestNG.main(RemoteTestNG.java:77)
</div></td></tr></table><p class="totop"><a href="#summary">back to summary</a></p>
<h3 id="m97">megastores.Product_Listview_Left_Nav#go_to_listview</h3><table class="result"><tr><th>Exception</th></tr><tr><td><div class="stacktrace">java.lang.AssertionError: expected [http://54.147.24.85/megastores/] but found [http://54.147.24.85/megastores/#]
	at org.testng.Assert.fail(Assert.java:97)
	at org.testng.Assert.assertEqualsImpl(Assert.java:136)
	at org.testng.Assert.assertEquals(Assert.java:118)
	at org.testng.Assert.assertEquals(Assert.java:575)
	at org.testng.Assert.assertEquals(Assert.java:585)
	at megastores.Product_Listview_Left_Nav.go_to_listview(Product_Listview_Left_Nav.java:61)
	at sun.reflect.NativeMethodAccessorImpl.invoke0(Native Method)
	at sun.reflect.NativeMethodAccessorImpl.invoke(NativeMethodAccessorImpl.java:62)
	at sun.reflect.DelegatingMethodAccessorImpl.invoke(DelegatingMethodAccessorImpl.java:43)
	at java.lang.reflect.Method.invoke(Method.java:498)
	at org.testng.internal.MethodInvocationHelper.invokeMethod(MethodInvocationHelper.java:135)
	at org.testng.internal.TestInvoker.invokeMethod(TestInvoker.java:598)
	at org.testng.internal.TestInvoker.retryFailed(TestInvoker.java:214)
	at org.testng.internal.MethodRunner.runInSequence(MethodRunner.java:58)
	at org.testng.internal.TestInvoker$MethodInvocationAgent.invoke(TestInvoker.java:821)
	at org.testng.internal.TestInvoker.invokeTestMethods(TestInvoker.java:147)
	at org.testng.internal.TestMethodWorker.invokeTestMethods(TestMethodWorker.java:146)
	at org.testng.internal.TestMethodWorker.run(TestMethodWorker.java:128)
	at java.util.ArrayList.forEach(ArrayList.java:1257)
	at org.testng.TestRunner.privateRun(TestRunner.java:767)
	at org.testng.TestRunner.run(TestRunner.java:588)
	at org.testng.SuiteRunner.runTest(SuiteRunner.java:384)
	at org.testng.SuiteRunner.runSequentially(SuiteRunner.java:378)
	at org.testng.SuiteRunner.privateRun(SuiteRunner.java:337)
	at org.testng.SuiteRunner.run(SuiteRunner.java:286)
	at org.testng.SuiteRunnerWorker.runSuite(SuiteRunnerWorker.java:53)
	at org.testng.SuiteRunnerWorker.run(SuiteRunnerWorker.java:96)
	at org.testng.TestNG.runSuitesSequentially(TestNG.java:1214)
	at org.testng.TestNG.runSuitesLocally(TestNG.java:1136)
	at org.testng.TestNG.runSuites(TestNG.java:1066)
	at org.testng.TestNG.run(TestNG.java:1034)
	at org.testng.remote.AbstractRemoteTestNG.run(AbstractRemoteTestNG.java:115)
	at org.testng.remote.RemoteTestNG.initAndRun(RemoteTestNG.java:251)
	at org.testng.remote.RemoteTestNG.main(RemoteTestNG.java:77)
</div></td></tr></table><p class="totop"><a href="#summary">back to summary</a></p>
<h2>Search_Goto_Detailview Test</h2><h3 id="m98">megastores.Search_Goto_Detailview#goto_detailview_mohmed_khatri</h3><table class="result"><tr><th>Messages</th></tr><tr><td><div class="messages">Searched for Ajrakh<br/>Product Clicked successfully<br/>Test Passed: Navigated to detailview of Mohmed Khatri product successfully</div></td></tr></table><p class="totop"><a href="#summary">back to summary</a></p>
<h3 id="m99">megastores.Search_Goto_Detailview#goto_detailview_vrdi</h3><table class="result"><tr><th>Messages</th></tr><tr><td><div class="messages">Searched for Batik Kurti<br/>Product Clicked successfully<br/>Test Passed: Navigated to detailview of VRDI product successfully</div></td></tr></table><p class="totop"><a href="#summary">back to summary</a></p>
<h3 id="m100">megastores.Search_Goto_Detailview#search_Goto_detailview_shrujan</h3><table class="result"><tr><th>Messages</th></tr><tr><td><div class="messages">Searched for Tharad<br/>Product Clicked successfully<br/>Test Passed: Navigated to detailview of Shrujan product successfully</div></td></tr></table><p class="totop"><a href="#summary">back to summary</a></p>
<h2>Top_Category Test</h2><h3 id="m101">megastores.Top_Category#click_bag</h3><table class="result"><tr><th>Messages</th></tr><tr><td><div class="messages">Test Passed: Bags clicked in Top Category</div></td></tr></table><p class="totop"><a href="#summary">back to summary</a></p>
<h3 id="m102">megastores.Top_Category#click_load_more</h3><table class="result"><tr><th>Messages</th></tr><tr><td><div class="messages">Test Passed: Load more not displayed reached till the end of the listview</div></td></tr></table><p class="totop"><a href="#summary">back to summary</a></p>
<h2>Address Test</h2><h3 id="m103">megastores.Address#valid_add_address_default</h3><table class="result"><tr><th>Messages</th></tr><tr><td><div class="messages">Address clicked successfully<br/>Test failed: Address Tab not getting displayed or the Tab does not consist of title Addresses<br/>Address clicked successfully</div></td></tr><tr><th>Exception</th></tr><tr><td><div class="stacktrace">java.lang.AssertionError: null
	at org.testng.Assert.fail(Assert.java:97)
	at org.testng.Assert.fail(Assert.java:102)
	at megastores.Address.valid_add_address_default(Address.java:676)
	at sun.reflect.NativeMethodAccessorImpl.invoke0(Native Method)
	at sun.reflect.NativeMethodAccessorImpl.invoke(NativeMethodAccessorImpl.java:62)
	at sun.reflect.DelegatingMethodAccessorImpl.invoke(DelegatingMethodAccessorImpl.java:43)
	at java.lang.reflect.Method.invoke(Method.java:498)
	at org.testng.internal.MethodInvocationHelper.invokeMethod(MethodInvocationHelper.java:135)
	at org.testng.internal.TestInvoker.invokeMethod(TestInvoker.java:598)
	at org.testng.internal.TestInvoker.invokeTestMethod(TestInvoker.java:174)
	at org.testng.internal.MethodRunner.runInSequence(MethodRunner.java:46)
	at org.testng.internal.TestInvoker$MethodInvocationAgent.invoke(TestInvoker.java:821)
	at org.testng.internal.TestInvoker.invokeTestMethods(TestInvoker.java:147)
	at org.testng.internal.TestMethodWorker.invokeTestMethods(TestMethodWorker.java:146)
	at org.testng.internal.TestMethodWorker.run(TestMethodWorker.java:128)
	at java.util.ArrayList.forEach(ArrayList.java:1257)
	at org.testng.TestRunner.privateRun(TestRunner.java:767)
	at org.testng.TestRunner.run(TestRunner.java:588)
	at org.testng.SuiteRunner.runTest(SuiteRunner.java:384)
	at org.testng.SuiteRunner.runSequentially(SuiteRunner.java:378)
	at org.testng.SuiteRunner.privateRun(SuiteRunner.java:337)
	at org.testng.SuiteRunner.run(SuiteRunner.java:286)
	at org.testng.SuiteRunnerWorker.runSuite(SuiteRunnerWorker.java:53)
	at org.testng.SuiteRunnerWorker.run(SuiteRunnerWorker.java:96)
	at org.testng.TestNG.runSuitesSequentially(TestNG.java:1214)
	at org.testng.TestNG.runSuitesLocally(TestNG.java:1136)
	at org.testng.TestNG.runSuites(TestNG.java:1066)
	at org.testng.TestNG.run(TestNG.java:1034)
	at org.testng.remote.AbstractRemoteTestNG.run(AbstractRemoteTestNG.java:115)
	at org.testng.remote.RemoteTestNG.initAndRun(RemoteTestNG.java:251)
	at org.testng.remote.RemoteTestNG.main(RemoteTestNG.java:77)
</div></td></tr></table><p class="totop"><a href="#summary">back to summary</a></p>
<h3 id="m104">megastores.Address#delete_added_address_default</h3><table class="result"><tr><th>Messages</th></tr><tr><td><div class="messages">Address clicked successfully<br/>Added Address Not found at position 0, it might already be deleted.<br/>Added Address Not found at position 1, it might already be deleted.<br/>Added Address Not found at position 2, it might already be deleted.<br/>Added Address Not found at position 3, it might already be deleted.<br/>Added Address Not found at position 4, it might already be deleted.</div></td></tr></table><p class="totop"><a href="#summary">back to summary</a></p>
<h3 id="m105">megastores.Address#delete_added_address_no_default</h3><table class="result"><tr><th>Messages</th></tr><tr><td><div class="messages">Address clicked successfully<br/>Added Address Not found at position 0<br/>Added Address Not found at position 1<br/>Added Address Not found at position 2<br/>Added Address Not found at position 3<br/>Address deleted successfully.</div></td></tr></table><p class="totop"><a href="#summary">back to summary</a></p>
<h3 id="m106">megastores.Address#delete_address</h3><table class="result"><tr><th>Messages</th></tr><tr><td><div class="messages">Address clicked successfully<br/>Action clicked sucessfully<br/>Delete clicked successfully<br/>Address deleted successfully.</div></td></tr></table><p class="totop"><a href="#summary">back to summary</a></p>
<h3 id="m107">megastores.Address#edit_details</h3><table class="result"><tr><th>Messages</th></tr><tr><td><div class="messages">Address clicked successfully<br/>Action clicked sucessfully<br/>Edit clicked successfully<br/>Test Passed: Address getting updated successfully.</div></td></tr></table><p class="totop"><a href="#summary">back to summary</a></p>
<h3 id="m108">megastores.Address#empty_address</h3><table class="result"><tr><th>Messages</th></tr><tr><td><div class="messages">Address Tab clicked successfully<br/>Test Passed: Giving error message(Field required) on all fields.</div></td></tr></table><p class="totop"><a href="#summary">back to summary</a></p>
<h3 id="m109">megastores.Address#existing_address_title</h3><table class="result"><tr><th>Messages</th></tr><tr><td><div class="messages">Test Passed: Not able to save address if the title already exist</div></td></tr></table><p class="totop"><a href="#summary">back to summary</a></p>
<h3 id="m110">megastores.Address#goto_address</h3><table class="result"><tr><th>Messages</th></tr><tr><td><div class="messages">Login clicked<br/>Username added<br/>Password added<br/>Submit clicked<br/>Login successfull<br/>My Account Clicked successfully<br/>Address clicked successfully</div></td></tr></table><p class="totop"><a href="#summary">back to summary</a></p>
<h3 id="m111">megastores.Address#valid_add_address</h3><table class="result"><tr><th>Messages</th></tr><tr><td><div class="messages">Address clicked successfully<br/>Test Passed: Address added successfully with all the valid details</div></td></tr></table><p class="totop"><a href="#summary">back to summary</a></p>
<h3 id="m112">megastores.Address#valid_add_address_default</h3><table class="result"><tr><th>Messages</th></tr><tr><td><div class="messages">Address clicked successfully<br/>Test Passed: Address added successfully with default and with all the valid details</div></td></tr></table><p class="totop"><a href="#summary">back to summary</a></p>
<h2>Resend_Email_Verification_Link Test</h2><h3 id="m113">megastores.Resend_Email_Verification_Link#Go_to_My_Account</h3><table class="result"><tr><th>Messages</th></tr><tr><td><div class="messages">Login clicked<br/>Username added<br/>Password added<br/>Submit clicked<br/>Login successfull<br/>My Account Clicked successfully</div></td></tr></table><p class="totop"><a href="#summary">back to summary</a></p>
<h3 id="m114">megastores.Resend_Email_Verification_Link#empty_email</h3><table class="result"><tr><th>Messages</th></tr><tr><td><div class="messages">Test Passed : Email is required</div></td></tr></table><p class="totop"><a href="#summary">back to summary</a></p>
<h3 id="m115">megastores.Resend_Email_Verification_Link#existing_mail</h3><table class="result"><tr><th>Messages</th></tr><tr><td><div class="messages">Test Passed : Giving message on email id exist.</div></td></tr></table><p class="totop"><a href="#summary">back to summary</a></p>
<h3 id="m116">megastores.Resend_Email_Verification_Link#invalid_email</h3><table class="result"><tr><th>Messages</th></tr><tr><td><div class="messages">Test Passed : Giving invalid email message if email format is not proper without including @<br/>Test Passed : Giving invalid email message if email format is not proper with including @ and domain name</div></td></tr></table><p class="totop"><a href="#summary">back to summary</a></p>
<h3 id="m117">megastores.Resend_Email_Verification_Link#valid_email</h3><table class="result"><tr><th class="invisible"/></tr></table><p class="totop"><a href="#summary">back to summary</a></p>
<h2>add_multiple_merchant_product_into_cart_from_login</h2><h3 id="m118">megastores.add_multiple_merchant_product_into_cart_from_login#add_product_diff_merchant_guest</h3><table class="result"><tr><th>Messages</th></tr><tr><td><div class="messages">Add to cart clicked for product from merchant 1<br/>Product: 38314 added successfully.<br/>Add to cart clicked for product from merchant 2<br/>Cancel Button Clicked<br/>Add to cart clicked again for product from merchant 2<br/>Ok button clicked.<br/>Product: 38380 added successfully.</div></td></tr></table><p class="totop"><a href="#summary">back to summary</a></p>
<h3 id="m119">megastores.add_multiple_merchant_product_into_cart_from_login#goto_product_listview</h3><table class="result"><tr><th>Messages</th></tr><tr><td><div class="messages">Login successfull<br/>Go to dashboard<br/>Test Passed: Navigated to product listview</div></td></tr></table><p class="totop"><a href="#summary">back to summary</a></p>
<h2>Add_multiple_merchant_products_into_cart_guest</h2><h3 id="m120">megastores.Add_multiple_merchant_products_into_cart_guest#add_product_diff_merchant_guest</h3><table class="result"><tr><th>Messages</th></tr><tr><td><div class="messages">Add to cart clicked for product from merchant 1<br/>Product: 38380 added successfully.<br/>Add to cart clicked for product from merchant 2<br/>Product: 38376 added successfully.</div></td></tr></table><p class="totop"><a href="#summary">back to summary</a></p>
<h3 id="m121">megastores.Add_multiple_merchant_products_into_cart_guest#add_product_multiple_merchant_guest</h3><table class="result"><tr><th>Messages</th></tr><tr><td><div class="messages">Test Passed: Navigated to product listview</div></td></tr></table><p class="totop"><a href="#summary">back to summary</a></p>
<h2>Add_to_fav_login</h2><h3 id="m122">megastores.Add_to_fav_login#Goto_productdetailview</h3><table class="result"><tr><th>Exception</th></tr><tr><td><div class="stacktrace">java.lang.AssertionError: null
	at org.testng.Assert.fail(Assert.java:97)
	at org.testng.Assert.fail(Assert.java:102)
	at megastores.Add_to_fav_login.Goto_productdetailview(Add_to_fav_login.java:161)
	at sun.reflect.NativeMethodAccessorImpl.invoke0(Native Method)
	at sun.reflect.NativeMethodAccessorImpl.invoke(NativeMethodAccessorImpl.java:62)
	at sun.reflect.DelegatingMethodAccessorImpl.invoke(DelegatingMethodAccessorImpl.java:43)
	at java.lang.reflect.Method.invoke(Method.java:498)
	at org.testng.internal.MethodInvocationHelper.invokeMethod(MethodInvocationHelper.java:135)
	at org.testng.internal.TestInvoker.invokeMethod(TestInvoker.java:598)
	at org.testng.internal.TestInvoker.retryFailed(TestInvoker.java:214)
	at org.testng.internal.MethodRunner.runInSequence(MethodRunner.java:58)
	at org.testng.internal.TestInvoker$MethodInvocationAgent.invoke(TestInvoker.java:821)
	at org.testng.internal.TestInvoker.invokeTestMethods(TestInvoker.java:147)
	at org.testng.internal.TestMethodWorker.invokeTestMethods(TestMethodWorker.java:146)
	at org.testng.internal.TestMethodWorker.run(TestMethodWorker.java:128)
	at java.util.ArrayList.forEach(ArrayList.java:1257)
	at org.testng.TestRunner.privateRun(TestRunner.java:767)
	at org.testng.TestRunner.run(TestRunner.java:588)
	at org.testng.SuiteRunner.runTest(SuiteRunner.java:384)
	at org.testng.SuiteRunner.runSequentially(SuiteRunner.java:378)
	at org.testng.SuiteRunner.privateRun(SuiteRunner.java:337)
	at org.testng.SuiteRunner.run(SuiteRunner.java:286)
	at org.testng.SuiteRunnerWorker.runSuite(SuiteRunnerWorker.java:53)
	at org.testng.SuiteRunnerWorker.run(SuiteRunnerWorker.java:96)
	at org.testng.TestNG.runSuitesSequentially(TestNG.java:1214)
	at org.testng.TestNG.runSuitesLocally(TestNG.java:1136)
	at org.testng.TestNG.runSuites(TestNG.java:1066)
	at org.testng.TestNG.run(TestNG.java:1034)
	at org.testng.remote.AbstractRemoteTestNG.run(AbstractRemoteTestNG.java:115)
	at org.testng.remote.RemoteTestNG.initAndRun(RemoteTestNG.java:251)
	at org.testng.remote.RemoteTestNG.main(RemoteTestNG.java:77)
</div></td></tr></table><p class="totop"><a href="#summary">back to summary</a></p>
<h3 id="m123">megastores.Add_to_fav_login#add_prod_fav_login</h3><table class="result"><tr><th>Exception</th></tr><tr><td><div class="stacktrace">org.openqa.selenium.NoSuchSessionException: invalid session id
Build info: version: &apos;3.141.59&apos;, revision: &apos;e82be7d358&apos;, time: &apos;2018-11-14T08:25:48&apos;
System info: host: &apos;RAHUL&apos;, ip: &apos;192.168.43.138&apos;, os.name: &apos;Windows 10&apos;, os.arch: &apos;amd64&apos;, os.version: &apos;10.0&apos;, java.version: &apos;1.8.0_211&apos;
Driver info: org.openqa.selenium.chrome.ChromeDriver
Capabilities {acceptInsecureCerts: false, browserName: chrome, browserVersion: 83.0.4103.97, chrome: {chromedriverVersion: 83.0.4103.39 (ccbf011cb2d2b..., userDataDir: C:\Users\Admin\AppData\Loca...}, goog:chromeOptions: {debuggerAddress: localhost:50360}, javascriptEnabled: true, networkConnectionEnabled: false, pageLoadStrategy: normal, platform: WINDOWS, platformName: WINDOWS, proxy: Proxy(), setWindowRect: true, strictFileInteractability: false, timeouts: {implicit: 0, pageLoad: 300000, script: 30000}, unhandledPromptBehavior: dismiss and notify, webauthn:virtualAuthenticators: true}
Session ID: a61ccebe0874cb813a3c562659a2e4a8
	at sun.reflect.NativeConstructorAccessorImpl.newInstance0(Native Method)
	at sun.reflect.NativeConstructorAccessorImpl.newInstance(NativeConstructorAccessorImpl.java:62)
	at sun.reflect.DelegatingConstructorAccessorImpl.newInstance(DelegatingConstructorAccessorImpl.java:45)
	at java.lang.reflect.Constructor.newInstance(Constructor.java:423)
	at org.openqa.selenium.remote.http.W3CHttpResponseCodec.createException(W3CHttpResponseCodec.java:187)
	at org.openqa.selenium.remote.http.W3CHttpResponseCodec.decode(W3CHttpResponseCodec.java:122)
	at org.openqa.selenium.remote.http.W3CHttpResponseCodec.decode(W3CHttpResponseCodec.java:49)
	at org.openqa.selenium.remote.HttpCommandExecutor.execute(HttpCommandExecutor.java:158)
	at org.openqa.selenium.remote.service.DriverCommandExecutor.execute(DriverCommandExecutor.java:83)
	at org.openqa.selenium.remote.RemoteWebDriver.execute(RemoteWebDriver.java:552)
	at org.openqa.selenium.remote.RemoteWebDriver.execute(RemoteWebDriver.java:609)
	at org.openqa.selenium.remote.RemoteWebDriver.getWindowHandle(RemoteWebDriver.java:472)
	at megastores.Add_to_fav_login.add_prod_fav_login(Add_to_fav_login.java:169)
	at sun.reflect.NativeMethodAccessorImpl.invoke0(Native Method)
	at sun.reflect.NativeMethodAccessorImpl.invoke(NativeMethodAccessorImpl.java:62)
	at sun.reflect.DelegatingMethodAccessorImpl.invoke(DelegatingMethodAccessorImpl.java:43)
	at java.lang.reflect.Method.invoke(Method.java:498)
	at org.testng.internal.MethodInvocationHelper.invokeMethod(MethodInvocationHelper.java:135)
	at org.testng.internal.TestInvoker.invokeMethod(TestInvoker.java:598)
	at org.testng.internal.TestInvoker.retryFailed(TestInvoker.java:214)
	at org.testng.internal.MethodRunner.runInSequence(MethodRunner.java:58)
	at org.testng.internal.TestInvoker$MethodInvocationAgent.invoke(TestInvoker.java:821)
	at org.testng.internal.TestInvoker.invokeTestMethods(TestInvoker.java:147)
	at org.testng.internal.TestMethodWorker.invokeTestMethods(TestMethodWorker.java:146)
	at org.testng.internal.TestMethodWorker.run(TestMethodWorker.java:128)
	at java.util.ArrayList.forEach(ArrayList.java:1257)
	at org.testng.TestRunner.privateRun(TestRunner.java:767)
	at org.testng.TestRunner.run(TestRunner.java:588)
	at org.testng.SuiteRunner.runTest(SuiteRunner.java:384)
	at org.testng.SuiteRunner.runSequentially(SuiteRunner.java:378)
	at org.testng.SuiteRunner.privateRun(SuiteRunner.java:337)
	at org.testng.SuiteRunner.run(SuiteRunner.java:286)
	at org.testng.SuiteRunnerWorker.runSuite(SuiteRunnerWorker.java:53)
	at org.testng.SuiteRunnerWorker.run(SuiteRunnerWorker.java:96)
	at org.testng.TestNG.runSuitesSequentially(TestNG.java:1214)
	at org.testng.TestNG.runSuitesLocally(TestNG.java:1136)
	at org.testng.TestNG.runSuites(TestNG.java:1066)
	at org.testng.TestNG.run(TestNG.java:1034)
	at org.testng.remote.AbstractRemoteTestNG.run(AbstractRemoteTestNG.java:115)
	at org.testng.remote.RemoteTestNG.initAndRun(RemoteTestNG.java:251)
	at org.testng.remote.RemoteTestNG.main(RemoteTestNG.java:77)
</div></td></tr></table><p class="totop"><a href="#summary">back to summary</a></p>
<h3 id="m124">megastores.Add_to_fav_login#Goto_productdetailview</h3><table class="result"><tr><th>Exception</th></tr><tr><td><div class="stacktrace">java.lang.AssertionError: null
	at org.testng.Assert.fail(Assert.java:97)
	at org.testng.Assert.fail(Assert.java:102)
	at megastores.Add_to_fav_login.Goto_productdetailview(Add_to_fav_login.java:161)
	at sun.reflect.NativeMethodAccessorImpl.invoke0(Native Method)
	at sun.reflect.NativeMethodAccessorImpl.invoke(NativeMethodAccessorImpl.java:62)
	at sun.reflect.DelegatingMethodAccessorImpl.invoke(DelegatingMethodAccessorImpl.java:43)
	at java.lang.reflect.Method.invoke(Method.java:498)
	at org.testng.internal.MethodInvocationHelper.invokeMethod(MethodInvocationHelper.java:135)
	at org.testng.internal.TestInvoker.invokeMethod(TestInvoker.java:598)
	at org.testng.internal.TestInvoker.retryFailed(TestInvoker.java:214)
	at org.testng.internal.MethodRunner.runInSequence(MethodRunner.java:58)
	at org.testng.internal.TestInvoker$MethodInvocationAgent.invoke(TestInvoker.java:821)
	at org.testng.internal.TestInvoker.invokeTestMethods(TestInvoker.java:147)
	at org.testng.internal.TestMethodWorker.invokeTestMethods(TestMethodWorker.java:146)
	at org.testng.internal.TestMethodWorker.run(TestMethodWorker.java:128)
	at java.util.ArrayList.forEach(ArrayList.java:1257)
	at org.testng.TestRunner.privateRun(TestRunner.java:767)
	at org.testng.TestRunner.run(TestRunner.java:588)
	at org.testng.SuiteRunner.runTest(SuiteRunner.java:384)
	at org.testng.SuiteRunner.runSequentially(SuiteRunner.java:378)
	at org.testng.SuiteRunner.privateRun(SuiteRunner.java:337)
	at org.testng.SuiteRunner.run(SuiteRunner.java:286)
	at org.testng.SuiteRunnerWorker.runSuite(SuiteRunnerWorker.java:53)
	at org.testng.SuiteRunnerWorker.run(SuiteRunnerWorker.java:96)
	at org.testng.TestNG.runSuitesSequentially(TestNG.java:1214)
	at org.testng.TestNG.runSuitesLocally(TestNG.java:1136)
	at org.testng.TestNG.runSuites(TestNG.java:1066)
	at org.testng.TestNG.run(TestNG.java:1034)
	at org.testng.remote.AbstractRemoteTestNG.run(AbstractRemoteTestNG.java:115)
	at org.testng.remote.RemoteTestNG.initAndRun(RemoteTestNG.java:251)
	at org.testng.remote.RemoteTestNG.main(RemoteTestNG.java:77)
</div></td></tr></table><p class="totop"><a href="#summary">back to summary</a></p>
<h3 id="m125">megastores.Add_to_fav_login#Goto_productdetailview</h3><table class="result"><tr><th>Exception</th></tr><tr><td><div class="stacktrace">java.lang.AssertionError: null
	at org.testng.Assert.fail(Assert.java:97)
	at org.testng.Assert.fail(Assert.java:102)
	at megastores.Add_to_fav_login.Goto_productdetailview(Add_to_fav_login.java:161)
	at sun.reflect.NativeMethodAccessorImpl.invoke0(Native Method)
	at sun.reflect.NativeMethodAccessorImpl.invoke(NativeMethodAccessorImpl.java:62)
	at sun.reflect.DelegatingMethodAccessorImpl.invoke(DelegatingMethodAccessorImpl.java:43)
	at java.lang.reflect.Method.invoke(Method.java:498)
	at org.testng.internal.MethodInvocationHelper.invokeMethod(MethodInvocationHelper.java:135)
	at org.testng.internal.TestInvoker.invokeMethod(TestInvoker.java:598)
	at org.testng.internal.TestInvoker.retryFailed(TestInvoker.java:214)
	at org.testng.internal.MethodRunner.runInSequence(MethodRunner.java:58)
	at org.testng.internal.TestInvoker$MethodInvocationAgent.invoke(TestInvoker.java:821)
	at org.testng.internal.TestInvoker.invokeTestMethods(TestInvoker.java:147)
	at org.testng.internal.TestMethodWorker.invokeTestMethods(TestMethodWorker.java:146)
	at org.testng.internal.TestMethodWorker.run(TestMethodWorker.java:128)
	at java.util.ArrayList.forEach(ArrayList.java:1257)
	at org.testng.TestRunner.privateRun(TestRunner.java:767)
	at org.testng.TestRunner.run(TestRunner.java:588)
	at org.testng.SuiteRunner.runTest(SuiteRunner.java:384)
	at org.testng.SuiteRunner.runSequentially(SuiteRunner.java:378)
	at org.testng.SuiteRunner.privateRun(SuiteRunner.java:337)
	at org.testng.SuiteRunner.run(SuiteRunner.java:286)
	at org.testng.SuiteRunnerWorker.runSuite(SuiteRunnerWorker.java:53)
	at org.testng.SuiteRunnerWorker.run(SuiteRunnerWorker.java:96)
	at org.testng.TestNG.runSuitesSequentially(TestNG.java:1214)
	at org.testng.TestNG.runSuitesLocally(TestNG.java:1136)
	at org.testng.TestNG.runSuites(TestNG.java:1066)
	at org.testng.TestNG.run(TestNG.java:1034)
	at org.testng.remote.AbstractRemoteTestNG.run(AbstractRemoteTestNG.java:115)
	at org.testng.remote.RemoteTestNG.initAndRun(RemoteTestNG.java:251)
	at org.testng.remote.RemoteTestNG.main(RemoteTestNG.java:77)
</div></td></tr></table><p class="totop"><a href="#summary">back to summary</a></p>
<h3 id="m126">megastores.Add_to_fav_login#Goto_productdetailview</h3><table class="result"><tr><th>Messages</th></tr><tr><td><div class="messages">clicked on login button successfully<br/>Username entered successfully<br/>Password enetered successfully<br/>Logged in successfully<br/>Login successfull<br/>go to dashboard</div></td></tr><tr><th>Exception</th></tr><tr><td><div class="stacktrace">java.lang.AssertionError: null
	at org.testng.Assert.fail(Assert.java:97)
	at org.testng.Assert.fail(Assert.java:102)
	at megastores.Add_to_fav_login.Goto_productdetailview(Add_to_fav_login.java:161)
	at sun.reflect.NativeMethodAccessorImpl.invoke0(Native Method)
	at sun.reflect.NativeMethodAccessorImpl.invoke(NativeMethodAccessorImpl.java:62)
	at sun.reflect.DelegatingMethodAccessorImpl.invoke(DelegatingMethodAccessorImpl.java:43)
	at java.lang.reflect.Method.invoke(Method.java:498)
	at org.testng.internal.MethodInvocationHelper.invokeMethod(MethodInvocationHelper.java:135)
	at org.testng.internal.TestInvoker.invokeMethod(TestInvoker.java:598)
	at org.testng.internal.TestInvoker.invokeTestMethod(TestInvoker.java:174)
	at org.testng.internal.MethodRunner.runInSequence(MethodRunner.java:46)
	at org.testng.internal.TestInvoker$MethodInvocationAgent.invoke(TestInvoker.java:821)
	at org.testng.internal.TestInvoker.invokeTestMethods(TestInvoker.java:147)
	at org.testng.internal.TestMethodWorker.invokeTestMethods(TestMethodWorker.java:146)
	at org.testng.internal.TestMethodWorker.run(TestMethodWorker.java:128)
	at java.util.ArrayList.forEach(ArrayList.java:1257)
	at org.testng.TestRunner.privateRun(TestRunner.java:767)
	at org.testng.TestRunner.run(TestRunner.java:588)
	at org.testng.SuiteRunner.runTest(SuiteRunner.java:384)
	at org.testng.SuiteRunner.runSequentially(SuiteRunner.java:378)
	at org.testng.SuiteRunner.privateRun(SuiteRunner.java:337)
	at org.testng.SuiteRunner.run(SuiteRunner.java:286)
	at org.testng.SuiteRunnerWorker.runSuite(SuiteRunnerWorker.java:53)
	at org.testng.SuiteRunnerWorker.run(SuiteRunnerWorker.java:96)
	at org.testng.TestNG.runSuitesSequentially(TestNG.java:1214)
	at org.testng.TestNG.runSuitesLocally(TestNG.java:1136)
	at org.testng.TestNG.runSuites(TestNG.java:1066)
	at org.testng.TestNG.run(TestNG.java:1034)
	at org.testng.remote.AbstractRemoteTestNG.run(AbstractRemoteTestNG.java:115)
	at org.testng.remote.RemoteTestNG.initAndRun(RemoteTestNG.java:251)
	at org.testng.remote.RemoteTestNG.main(RemoteTestNG.java:77)
</div></td></tr></table><p class="totop"><a href="#summary">back to summary</a></p>
<h3 id="m127">megastores.Add_to_fav_login#add_prod_fav_login</h3><table class="result"><tr><th>Exception</th></tr><tr><td><div class="stacktrace">org.openqa.selenium.NoSuchSessionException: invalid session id
Build info: version: &apos;3.141.59&apos;, revision: &apos;e82be7d358&apos;, time: &apos;2018-11-14T08:25:48&apos;
System info: host: &apos;RAHUL&apos;, ip: &apos;192.168.43.138&apos;, os.name: &apos;Windows 10&apos;, os.arch: &apos;amd64&apos;, os.version: &apos;10.0&apos;, java.version: &apos;1.8.0_211&apos;
Driver info: org.openqa.selenium.chrome.ChromeDriver
Capabilities {acceptInsecureCerts: false, browserName: chrome, browserVersion: 83.0.4103.97, chrome: {chromedriverVersion: 83.0.4103.39 (ccbf011cb2d2b..., userDataDir: C:\Users\Admin\AppData\Loca...}, goog:chromeOptions: {debuggerAddress: localhost:50360}, javascriptEnabled: true, networkConnectionEnabled: false, pageLoadStrategy: normal, platform: WINDOWS, platformName: WINDOWS, proxy: Proxy(), setWindowRect: true, strictFileInteractability: false, timeouts: {implicit: 0, pageLoad: 300000, script: 30000}, unhandledPromptBehavior: dismiss and notify, webauthn:virtualAuthenticators: true}
Session ID: a61ccebe0874cb813a3c562659a2e4a8
	at sun.reflect.NativeConstructorAccessorImpl.newInstance0(Native Method)
	at sun.reflect.NativeConstructorAccessorImpl.newInstance(NativeConstructorAccessorImpl.java:62)
	at sun.reflect.DelegatingConstructorAccessorImpl.newInstance(DelegatingConstructorAccessorImpl.java:45)
	at java.lang.reflect.Constructor.newInstance(Constructor.java:423)
	at org.openqa.selenium.remote.http.W3CHttpResponseCodec.createException(W3CHttpResponseCodec.java:187)
	at org.openqa.selenium.remote.http.W3CHttpResponseCodec.decode(W3CHttpResponseCodec.java:122)
	at org.openqa.selenium.remote.http.W3CHttpResponseCodec.decode(W3CHttpResponseCodec.java:49)
	at org.openqa.selenium.remote.HttpCommandExecutor.execute(HttpCommandExecutor.java:158)
	at org.openqa.selenium.remote.service.DriverCommandExecutor.execute(DriverCommandExecutor.java:83)
	at org.openqa.selenium.remote.RemoteWebDriver.execute(RemoteWebDriver.java:552)
	at org.openqa.selenium.remote.RemoteWebDriver$RemoteTargetLocator.window(RemoteWebDriver.java:903)
	at megastores.Add_to_fav_login.add_prod_fav_login(Add_to_fav_login.java:250)
	at sun.reflect.NativeMethodAccessorImpl.invoke0(Native Method)
	at sun.reflect.NativeMethodAccessorImpl.invoke(NativeMethodAccessorImpl.java:62)
	at sun.reflect.DelegatingMethodAccessorImpl.invoke(DelegatingMethodAccessorImpl.java:43)
	at java.lang.reflect.Method.invoke(Method.java:498)
	at org.testng.internal.MethodInvocationHelper.invokeMethod(MethodInvocationHelper.java:135)
	at org.testng.internal.TestInvoker.invokeMethod(TestInvoker.java:598)
	at org.testng.internal.TestInvoker.invokeTestMethod(TestInvoker.java:174)
	at org.testng.internal.MethodRunner.runInSequence(MethodRunner.java:46)
	at org.testng.internal.TestInvoker$MethodInvocationAgent.invoke(TestInvoker.java:821)
	at org.testng.internal.TestInvoker.invokeTestMethods(TestInvoker.java:147)
	at org.testng.internal.TestMethodWorker.invokeTestMethods(TestMethodWorker.java:146)
	at org.testng.internal.TestMethodWorker.run(TestMethodWorker.java:128)
	at java.util.ArrayList.forEach(ArrayList.java:1257)
	at org.testng.TestRunner.privateRun(TestRunner.java:767)
	at org.testng.TestRunner.run(TestRunner.java:588)
	at org.testng.SuiteRunner.runTest(SuiteRunner.java:384)
	at org.testng.SuiteRunner.runSequentially(SuiteRunner.java:378)
	at org.testng.SuiteRunner.privateRun(SuiteRunner.java:337)
	at org.testng.SuiteRunner.run(SuiteRunner.java:286)
	at org.testng.SuiteRunnerWorker.runSuite(SuiteRunnerWorker.java:53)
	at org.testng.SuiteRunnerWorker.run(SuiteRunnerWorker.java:96)
	at org.testng.TestNG.runSuitesSequentially(TestNG.java:1214)
	at org.testng.TestNG.runSuitesLocally(TestNG.java:1136)
	at org.testng.TestNG.runSuites(TestNG.java:1066)
	at org.testng.TestNG.run(TestNG.java:1034)
	at org.testng.remote.AbstractRemoteTestNG.run(AbstractRemoteTestNG.java:115)
	at org.testng.remote.RemoteTestNG.initAndRun(RemoteTestNG.java:251)
	at org.testng.remote.RemoteTestNG.main(RemoteTestNG.java:77)
</div></td></tr></table><p class="totop"><a href="#summary">back to summary</a></p>
<h3 id="m128">megastores.Add_to_fav_login#add_prod_fav_login</h3><table class="result"><tr><th>Exception</th></tr><tr><td><div class="stacktrace">org.openqa.selenium.NoSuchSessionException: invalid session id
Build info: version: &apos;3.141.59&apos;, revision: &apos;e82be7d358&apos;, time: &apos;2018-11-14T08:25:48&apos;
System info: host: &apos;RAHUL&apos;, ip: &apos;192.168.43.138&apos;, os.name: &apos;Windows 10&apos;, os.arch: &apos;amd64&apos;, os.version: &apos;10.0&apos;, java.version: &apos;1.8.0_211&apos;
Driver info: org.openqa.selenium.chrome.ChromeDriver
Capabilities {acceptInsecureCerts: false, browserName: chrome, browserVersion: 83.0.4103.97, chrome: {chromedriverVersion: 83.0.4103.39 (ccbf011cb2d2b..., userDataDir: C:\Users\Admin\AppData\Loca...}, goog:chromeOptions: {debuggerAddress: localhost:50360}, javascriptEnabled: true, networkConnectionEnabled: false, pageLoadStrategy: normal, platform: WINDOWS, platformName: WINDOWS, proxy: Proxy(), setWindowRect: true, strictFileInteractability: false, timeouts: {implicit: 0, pageLoad: 300000, script: 30000}, unhandledPromptBehavior: dismiss and notify, webauthn:virtualAuthenticators: true}
Session ID: a61ccebe0874cb813a3c562659a2e4a8
	at sun.reflect.NativeConstructorAccessorImpl.newInstance0(Native Method)
	at sun.reflect.NativeConstructorAccessorImpl.newInstance(NativeConstructorAccessorImpl.java:62)
	at sun.reflect.DelegatingConstructorAccessorImpl.newInstance(DelegatingConstructorAccessorImpl.java:45)
	at java.lang.reflect.Constructor.newInstance(Constructor.java:423)
	at org.openqa.selenium.remote.http.W3CHttpResponseCodec.createException(W3CHttpResponseCodec.java:187)
	at org.openqa.selenium.remote.http.W3CHttpResponseCodec.decode(W3CHttpResponseCodec.java:122)
	at org.openqa.selenium.remote.http.W3CHttpResponseCodec.decode(W3CHttpResponseCodec.java:49)
	at org.openqa.selenium.remote.HttpCommandExecutor.execute(HttpCommandExecutor.java:158)
	at org.openqa.selenium.remote.service.DriverCommandExecutor.execute(DriverCommandExecutor.java:83)
	at org.openqa.selenium.remote.RemoteWebDriver.execute(RemoteWebDriver.java:552)
	at org.openqa.selenium.remote.RemoteWebDriver.execute(RemoteWebDriver.java:609)
	at org.openqa.selenium.remote.RemoteWebDriver.getWindowHandle(RemoteWebDriver.java:472)
	at megastores.Add_to_fav_login.add_prod_fav_login(Add_to_fav_login.java:169)
	at sun.reflect.NativeMethodAccessorImpl.invoke0(Native Method)
	at sun.reflect.NativeMethodAccessorImpl.invoke(NativeMethodAccessorImpl.java:62)
	at sun.reflect.DelegatingMethodAccessorImpl.invoke(DelegatingMethodAccessorImpl.java:43)
	at java.lang.reflect.Method.invoke(Method.java:498)
	at org.testng.internal.MethodInvocationHelper.invokeMethod(MethodInvocationHelper.java:135)
	at org.testng.internal.TestInvoker.invokeMethod(TestInvoker.java:598)
	at org.testng.internal.TestInvoker.retryFailed(TestInvoker.java:214)
	at org.testng.internal.MethodRunner.runInSequence(MethodRunner.java:58)
	at org.testng.internal.TestInvoker$MethodInvocationAgent.invoke(TestInvoker.java:821)
	at org.testng.internal.TestInvoker.invokeTestMethods(TestInvoker.java:147)
	at org.testng.internal.TestMethodWorker.invokeTestMethods(TestMethodWorker.java:146)
	at org.testng.internal.TestMethodWorker.run(TestMethodWorker.java:128)
	at java.util.ArrayList.forEach(ArrayList.java:1257)
	at org.testng.TestRunner.privateRun(TestRunner.java:767)
	at org.testng.TestRunner.run(TestRunner.java:588)
	at org.testng.SuiteRunner.runTest(SuiteRunner.java:384)
	at org.testng.SuiteRunner.runSequentially(SuiteRunner.java:378)
	at org.testng.SuiteRunner.privateRun(SuiteRunner.java:337)
	at org.testng.SuiteRunner.run(SuiteRunner.java:286)
	at org.testng.SuiteRunnerWorker.runSuite(SuiteRunnerWorker.java:53)
	at org.testng.SuiteRunnerWorker.run(SuiteRunnerWorker.java:96)
	at org.testng.TestNG.runSuitesSequentially(TestNG.java:1214)
	at org.testng.TestNG.runSuitesLocally(TestNG.java:1136)
	at org.testng.TestNG.runSuites(TestNG.java:1066)
	at org.testng.TestNG.run(TestNG.java:1034)
	at org.testng.remote.AbstractRemoteTestNG.run(AbstractRemoteTestNG.java:115)
	at org.testng.remote.RemoteTestNG.initAndRun(RemoteTestNG.java:251)
	at org.testng.remote.RemoteTestNG.main(RemoteTestNG.java:77)
</div></td></tr></table><p class="totop"><a href="#summary">back to summary</a></p>
<h3 id="m129">megastores.Add_to_fav_login#add_prod_fav_login</h3><table class="result"><tr><th>Exception</th></tr><tr><td><div class="stacktrace">org.openqa.selenium.NoSuchSessionException: invalid session id
Build info: version: &apos;3.141.59&apos;, revision: &apos;e82be7d358&apos;, time: &apos;2018-11-14T08:25:48&apos;
System info: host: &apos;RAHUL&apos;, ip: &apos;192.168.43.138&apos;, os.name: &apos;Windows 10&apos;, os.arch: &apos;amd64&apos;, os.version: &apos;10.0&apos;, java.version: &apos;1.8.0_211&apos;
Driver info: org.openqa.selenium.chrome.ChromeDriver
Capabilities {acceptInsecureCerts: false, browserName: chrome, browserVersion: 83.0.4103.97, chrome: {chromedriverVersion: 83.0.4103.39 (ccbf011cb2d2b..., userDataDir: C:\Users\Admin\AppData\Loca...}, goog:chromeOptions: {debuggerAddress: localhost:50360}, javascriptEnabled: true, networkConnectionEnabled: false, pageLoadStrategy: normal, platform: WINDOWS, platformName: WINDOWS, proxy: Proxy(), setWindowRect: true, strictFileInteractability: false, timeouts: {implicit: 0, pageLoad: 300000, script: 30000}, unhandledPromptBehavior: dismiss and notify, webauthn:virtualAuthenticators: true}
Session ID: a61ccebe0874cb813a3c562659a2e4a8
	at sun.reflect.NativeConstructorAccessorImpl.newInstance0(Native Method)
	at sun.reflect.NativeConstructorAccessorImpl.newInstance(NativeConstructorAccessorImpl.java:62)
	at sun.reflect.DelegatingConstructorAccessorImpl.newInstance(DelegatingConstructorAccessorImpl.java:45)
	at java.lang.reflect.Constructor.newInstance(Constructor.java:423)
	at org.openqa.selenium.remote.http.W3CHttpResponseCodec.createException(W3CHttpResponseCodec.java:187)
	at org.openqa.selenium.remote.http.W3CHttpResponseCodec.decode(W3CHttpResponseCodec.java:122)
	at org.openqa.selenium.remote.http.W3CHttpResponseCodec.decode(W3CHttpResponseCodec.java:49)
	at org.openqa.selenium.remote.HttpCommandExecutor.execute(HttpCommandExecutor.java:158)
	at org.openqa.selenium.remote.service.DriverCommandExecutor.execute(DriverCommandExecutor.java:83)
	at org.openqa.selenium.remote.RemoteWebDriver.execute(RemoteWebDriver.java:552)
	at org.openqa.selenium.remote.RemoteWebDriver.execute(RemoteWebDriver.java:609)
	at org.openqa.selenium.remote.RemoteWebDriver.getWindowHandle(RemoteWebDriver.java:472)
	at megastores.Add_to_fav_login.add_prod_fav_login(Add_to_fav_login.java:169)
	at sun.reflect.NativeMethodAccessorImpl.invoke0(Native Method)
	at sun.reflect.NativeMethodAccessorImpl.invoke(NativeMethodAccessorImpl.java:62)
	at sun.reflect.DelegatingMethodAccessorImpl.invoke(DelegatingMethodAccessorImpl.java:43)
	at java.lang.reflect.Method.invoke(Method.java:498)
	at org.testng.internal.MethodInvocationHelper.invokeMethod(MethodInvocationHelper.java:135)
	at org.testng.internal.TestInvoker.invokeMethod(TestInvoker.java:598)
	at org.testng.internal.TestInvoker.retryFailed(TestInvoker.java:214)
	at org.testng.internal.MethodRunner.runInSequence(MethodRunner.java:58)
	at org.testng.internal.TestInvoker$MethodInvocationAgent.invoke(TestInvoker.java:821)
	at org.testng.internal.TestInvoker.invokeTestMethods(TestInvoker.java:147)
	at org.testng.internal.TestMethodWorker.invokeTestMethods(TestMethodWorker.java:146)
	at org.testng.internal.TestMethodWorker.run(TestMethodWorker.java:128)
	at java.util.ArrayList.forEach(ArrayList.java:1257)
	at org.testng.TestRunner.privateRun(TestRunner.java:767)
	at org.testng.TestRunner.run(TestRunner.java:588)
	at org.testng.SuiteRunner.runTest(SuiteRunner.java:384)
	at org.testng.SuiteRunner.runSequentially(SuiteRunner.java:378)
	at org.testng.SuiteRunner.privateRun(SuiteRunner.java:337)
	at org.testng.SuiteRunner.run(SuiteRunner.java:286)
	at org.testng.SuiteRunnerWorker.runSuite(SuiteRunnerWorker.java:53)
	at org.testng.SuiteRunnerWorker.run(SuiteRunnerWorker.java:96)
	at org.testng.TestNG.runSuitesSequentially(TestNG.java:1214)
	at org.testng.TestNG.runSuitesLocally(TestNG.java:1136)
	at org.testng.TestNG.runSuites(TestNG.java:1066)
	at org.testng.TestNG.run(TestNG.java:1034)
	at org.testng.remote.AbstractRemoteTestNG.run(AbstractRemoteTestNG.java:115)
	at org.testng.remote.RemoteTestNG.initAndRun(RemoteTestNG.java:251)
	at org.testng.remote.RemoteTestNG.main(RemoteTestNG.java:77)
</div></td></tr></table><p class="totop"><a href="#summary">back to summary</a></p>
<h2>Addtofav_guest</h2><h3 id="m130">megastores.Addtofav_guest#favlogin</h3><table class="result"><tr><th>Messages</th></tr><tr><td><div class="messages">clicked on fav successfully<br/>Test failed: None of the expected messages occured</div></td></tr><tr><th>Exception</th></tr><tr><td><div class="stacktrace">java.lang.AssertionError: null
	at org.testng.Assert.fail(Assert.java:97)
	at org.testng.Assert.fail(Assert.java:102)
	at megastores.Addtofav_guest.favlogin(Addtofav_guest.java:303)
	at sun.reflect.NativeMethodAccessorImpl.invoke0(Native Method)
	at sun.reflect.NativeMethodAccessorImpl.invoke(NativeMethodAccessorImpl.java:62)
	at sun.reflect.DelegatingMethodAccessorImpl.invoke(DelegatingMethodAccessorImpl.java:43)
	at java.lang.reflect.Method.invoke(Method.java:498)
	at org.testng.internal.MethodInvocationHelper.invokeMethod(MethodInvocationHelper.java:135)
	at org.testng.internal.TestInvoker.invokeMethod(TestInvoker.java:598)
	at org.testng.internal.TestInvoker.retryFailed(TestInvoker.java:214)
	at org.testng.internal.MethodRunner.runInSequence(MethodRunner.java:58)
	at org.testng.internal.TestInvoker$MethodInvocationAgent.invoke(TestInvoker.java:821)
	at org.testng.internal.TestInvoker.invokeTestMethods(TestInvoker.java:147)
	at org.testng.internal.TestMethodWorker.invokeTestMethods(TestMethodWorker.java:146)
	at org.testng.internal.TestMethodWorker.run(TestMethodWorker.java:128)
	at java.util.ArrayList.forEach(ArrayList.java:1257)
	at org.testng.TestRunner.privateRun(TestRunner.java:767)
	at org.testng.TestRunner.run(TestRunner.java:588)
	at org.testng.SuiteRunner.runTest(SuiteRunner.java:384)
	at org.testng.SuiteRunner.runSequentially(SuiteRunner.java:378)
	at org.testng.SuiteRunner.privateRun(SuiteRunner.java:337)
	at org.testng.SuiteRunner.run(SuiteRunner.java:286)
	at org.testng.SuiteRunnerWorker.runSuite(SuiteRunnerWorker.java:53)
	at org.testng.SuiteRunnerWorker.run(SuiteRunnerWorker.java:96)
	at org.testng.TestNG.runSuitesSequentially(TestNG.java:1214)
	at org.testng.TestNG.runSuitesLocally(TestNG.java:1136)
	at org.testng.TestNG.runSuites(TestNG.java:1066)
	at org.testng.TestNG.run(TestNG.java:1034)
	at org.testng.remote.AbstractRemoteTestNG.run(AbstractRemoteTestNG.java:115)
	at org.testng.remote.RemoteTestNG.initAndRun(RemoteTestNG.java:251)
	at org.testng.remote.RemoteTestNG.main(RemoteTestNG.java:77)
</div></td></tr></table><p class="totop"><a href="#summary">back to summary</a></p>
<h3 id="m131">megastores.Addtofav_guest#favlogin</h3><table class="result"><tr><th>Messages</th></tr><tr><td><div class="messages">clicked on fav successfully<br/>Test failed: None of the expected messages occured</div></td></tr><tr><th>Exception</th></tr><tr><td><div class="stacktrace">java.lang.AssertionError: null
	at org.testng.Assert.fail(Assert.java:97)
	at org.testng.Assert.fail(Assert.java:102)
	at megastores.Addtofav_guest.favlogin(Addtofav_guest.java:303)
	at sun.reflect.NativeMethodAccessorImpl.invoke0(Native Method)
	at sun.reflect.NativeMethodAccessorImpl.invoke(NativeMethodAccessorImpl.java:62)
	at sun.reflect.DelegatingMethodAccessorImpl.invoke(DelegatingMethodAccessorImpl.java:43)
	at java.lang.reflect.Method.invoke(Method.java:498)
	at org.testng.internal.MethodInvocationHelper.invokeMethod(MethodInvocationHelper.java:135)
	at org.testng.internal.TestInvoker.invokeMethod(TestInvoker.java:598)
	at org.testng.internal.TestInvoker.invokeTestMethod(TestInvoker.java:174)
	at org.testng.internal.MethodRunner.runInSequence(MethodRunner.java:46)
	at org.testng.internal.TestInvoker$MethodInvocationAgent.invoke(TestInvoker.java:821)
	at org.testng.internal.TestInvoker.invokeTestMethods(TestInvoker.java:147)
	at org.testng.internal.TestMethodWorker.invokeTestMethods(TestMethodWorker.java:146)
	at org.testng.internal.TestMethodWorker.run(TestMethodWorker.java:128)
	at java.util.ArrayList.forEach(ArrayList.java:1257)
	at org.testng.TestRunner.privateRun(TestRunner.java:767)
	at org.testng.TestRunner.run(TestRunner.java:588)
	at org.testng.SuiteRunner.runTest(SuiteRunner.java:384)
	at org.testng.SuiteRunner.runSequentially(SuiteRunner.java:378)
	at org.testng.SuiteRunner.privateRun(SuiteRunner.java:337)
	at org.testng.SuiteRunner.run(SuiteRunner.java:286)
	at org.testng.SuiteRunnerWorker.runSuite(SuiteRunnerWorker.java:53)
	at org.testng.SuiteRunnerWorker.run(SuiteRunnerWorker.java:96)
	at org.testng.TestNG.runSuitesSequentially(TestNG.java:1214)
	at org.testng.TestNG.runSuitesLocally(TestNG.java:1136)
	at org.testng.TestNG.runSuites(TestNG.java:1066)
	at org.testng.TestNG.run(TestNG.java:1034)
	at org.testng.remote.AbstractRemoteTestNG.run(AbstractRemoteTestNG.java:115)
	at org.testng.remote.RemoteTestNG.initAndRun(RemoteTestNG.java:251)
	at org.testng.remote.RemoteTestNG.main(RemoteTestNG.java:77)
</div></td></tr></table><p class="totop"><a href="#summary">back to summary</a></p>
<h3 id="m132">megastores.Addtofav_guest#favlogin</h3><table class="result"><tr><th>Messages</th></tr><tr><td><div class="messages">clicked on fav successfully<br/>Test failed: None of the expected messages occured</div></td></tr><tr><th>Exception</th></tr><tr><td><div class="stacktrace">java.lang.AssertionError: null
	at org.testng.Assert.fail(Assert.java:97)
	at org.testng.Assert.fail(Assert.java:102)
	at megastores.Addtofav_guest.favlogin(Addtofav_guest.java:303)
	at sun.reflect.NativeMethodAccessorImpl.invoke0(Native Method)
	at sun.reflect.NativeMethodAccessorImpl.invoke(NativeMethodAccessorImpl.java:62)
	at sun.reflect.DelegatingMethodAccessorImpl.invoke(DelegatingMethodAccessorImpl.java:43)
	at java.lang.reflect.Method.invoke(Method.java:498)
	at org.testng.internal.MethodInvocationHelper.invokeMethod(MethodInvocationHelper.java:135)
	at org.testng.internal.TestInvoker.invokeMethod(TestInvoker.java:598)
	at org.testng.internal.TestInvoker.retryFailed(TestInvoker.java:214)
	at org.testng.internal.MethodRunner.runInSequence(MethodRunner.java:58)
	at org.testng.internal.TestInvoker$MethodInvocationAgent.invoke(TestInvoker.java:821)
	at org.testng.internal.TestInvoker.invokeTestMethods(TestInvoker.java:147)
	at org.testng.internal.TestMethodWorker.invokeTestMethods(TestMethodWorker.java:146)
	at org.testng.internal.TestMethodWorker.run(TestMethodWorker.java:128)
	at java.util.ArrayList.forEach(ArrayList.java:1257)
	at org.testng.TestRunner.privateRun(TestRunner.java:767)
	at org.testng.TestRunner.run(TestRunner.java:588)
	at org.testng.SuiteRunner.runTest(SuiteRunner.java:384)
	at org.testng.SuiteRunner.runSequentially(SuiteRunner.java:378)
	at org.testng.SuiteRunner.privateRun(SuiteRunner.java:337)
	at org.testng.SuiteRunner.run(SuiteRunner.java:286)
	at org.testng.SuiteRunnerWorker.runSuite(SuiteRunnerWorker.java:53)
	at org.testng.SuiteRunnerWorker.run(SuiteRunnerWorker.java:96)
	at org.testng.TestNG.runSuitesSequentially(TestNG.java:1214)
	at org.testng.TestNG.runSuitesLocally(TestNG.java:1136)
	at org.testng.TestNG.runSuites(TestNG.java:1066)
	at org.testng.TestNG.run(TestNG.java:1034)
	at org.testng.remote.AbstractRemoteTestNG.run(AbstractRemoteTestNG.java:115)
	at org.testng.remote.RemoteTestNG.initAndRun(RemoteTestNG.java:251)
	at org.testng.remote.RemoteTestNG.main(RemoteTestNG.java:77)
</div></td></tr></table><p class="totop"><a href="#summary">back to summary</a></p>
<h3 id="m133">megastores.Addtofav_guest#favlogin</h3><table class="result"><tr><th>Messages</th></tr><tr><td><div class="messages">clicked on fav successfully<br/>Test failed: None of the expected messages occured</div></td></tr><tr><th>Exception</th></tr><tr><td><div class="stacktrace">java.lang.AssertionError: null
	at org.testng.Assert.fail(Assert.java:97)
	at org.testng.Assert.fail(Assert.java:102)
	at megastores.Addtofav_guest.favlogin(Addtofav_guest.java:303)
	at sun.reflect.NativeMethodAccessorImpl.invoke0(Native Method)
	at sun.reflect.NativeMethodAccessorImpl.invoke(NativeMethodAccessorImpl.java:62)
	at sun.reflect.DelegatingMethodAccessorImpl.invoke(DelegatingMethodAccessorImpl.java:43)
	at java.lang.reflect.Method.invoke(Method.java:498)
	at org.testng.internal.MethodInvocationHelper.invokeMethod(MethodInvocationHelper.java:135)
	at org.testng.internal.TestInvoker.invokeMethod(TestInvoker.java:598)
	at org.testng.internal.TestInvoker.retryFailed(TestInvoker.java:214)
	at org.testng.internal.MethodRunner.runInSequence(MethodRunner.java:58)
	at org.testng.internal.TestInvoker$MethodInvocationAgent.invoke(TestInvoker.java:821)
	at org.testng.internal.TestInvoker.invokeTestMethods(TestInvoker.java:147)
	at org.testng.internal.TestMethodWorker.invokeTestMethods(TestMethodWorker.java:146)
	at org.testng.internal.TestMethodWorker.run(TestMethodWorker.java:128)
	at java.util.ArrayList.forEach(ArrayList.java:1257)
	at org.testng.TestRunner.privateRun(TestRunner.java:767)
	at org.testng.TestRunner.run(TestRunner.java:588)
	at org.testng.SuiteRunner.runTest(SuiteRunner.java:384)
	at org.testng.SuiteRunner.runSequentially(SuiteRunner.java:378)
	at org.testng.SuiteRunner.privateRun(SuiteRunner.java:337)
	at org.testng.SuiteRunner.run(SuiteRunner.java:286)
	at org.testng.SuiteRunnerWorker.runSuite(SuiteRunnerWorker.java:53)
	at org.testng.SuiteRunnerWorker.run(SuiteRunnerWorker.java:96)
	at org.testng.TestNG.runSuitesSequentially(TestNG.java:1214)
	at org.testng.TestNG.runSuitesLocally(TestNG.java:1136)
	at org.testng.TestNG.runSuites(TestNG.java:1066)
	at org.testng.TestNG.run(TestNG.java:1034)
	at org.testng.remote.AbstractRemoteTestNG.run(AbstractRemoteTestNG.java:115)
	at org.testng.remote.RemoteTestNG.initAndRun(RemoteTestNG.java:251)
	at org.testng.remote.RemoteTestNG.main(RemoteTestNG.java:77)
</div></td></tr></table><p class="totop"><a href="#summary">back to summary</a></p>
<h3 id="m134">megastores.Addtofav_guest#clickonfav_and_login</h3><table class="result"><tr><th>Messages</th></tr><tr><td><div class="messages">go to featured-products<br/>clicked on product successfully<br/>Focus shifted to product detail tab successfully<br/>clicked on fav successfully<br/>username entered successfully<br/>password entered successfully<br/>clicked on login button successfully<br/>Login successfull</div></td></tr></table><p class="totop"><a href="#summary">back to summary</a></p>
<h2>Blog_post</h2><h3 id="m135">megastores.Blog_post#blog_post</h3><table class="result"><tr><th>Messages</th></tr><tr><td><div class="messages">clicked on blog button successfully<br/>clicked on first blog successfully<br/>Blog loaded successfully</div></td></tr></table><p class="totop"><a href="#summary">back to summary</a></p>
<h2>featured_segment</h2><h3 id="m136">megastores.featured_segment#featured_segment</h3><table class="result"><tr><th>Messages</th></tr><tr><td><div class="messages">clicked on first blog successfully<br/>clicked on first blog successfully<br/>Products loaded successfully</div></td></tr></table><p class="totop"><a href="#summary">back to summary</a></p>
<h2>Filters</h2><h3 id="m137">megastores.Filters#filter</h3><table class="result"><tr><th>Messages</th></tr><tr><td><div class="messages">clicked on segment successfully<br/>clicked on accessories successfully</div></td></tr><tr><th>Exception</th></tr><tr><td><div class="stacktrace">java.lang.AssertionError: null
	at org.testng.Assert.fail(Assert.java:97)
	at org.testng.Assert.fail(Assert.java:102)
	at megastores.Filters.filter(Filters.java:178)
	at sun.reflect.NativeMethodAccessorImpl.invoke0(Native Method)
	at sun.reflect.NativeMethodAccessorImpl.invoke(NativeMethodAccessorImpl.java:62)
	at sun.reflect.DelegatingMethodAccessorImpl.invoke(DelegatingMethodAccessorImpl.java:43)
	at java.lang.reflect.Method.invoke(Method.java:498)
	at org.testng.internal.MethodInvocationHelper.invokeMethod(MethodInvocationHelper.java:135)
	at org.testng.internal.TestInvoker.invokeMethod(TestInvoker.java:598)
	at org.testng.internal.TestInvoker.retryFailed(TestInvoker.java:214)
	at org.testng.internal.MethodRunner.runInSequence(MethodRunner.java:58)
	at org.testng.internal.TestInvoker$MethodInvocationAgent.invoke(TestInvoker.java:821)
	at org.testng.internal.TestInvoker.invokeTestMethods(TestInvoker.java:147)
	at org.testng.internal.TestMethodWorker.invokeTestMethods(TestMethodWorker.java:146)
	at org.testng.internal.TestMethodWorker.run(TestMethodWorker.java:128)
	at java.util.ArrayList.forEach(ArrayList.java:1257)
	at org.testng.TestRunner.privateRun(TestRunner.java:767)
	at org.testng.TestRunner.run(TestRunner.java:588)
	at org.testng.SuiteRunner.runTest(SuiteRunner.java:384)
	at org.testng.SuiteRunner.runSequentially(SuiteRunner.java:378)
	at org.testng.SuiteRunner.privateRun(SuiteRunner.java:337)
	at org.testng.SuiteRunner.run(SuiteRunner.java:286)
	at org.testng.SuiteRunnerWorker.runSuite(SuiteRunnerWorker.java:53)
	at org.testng.SuiteRunnerWorker.run(SuiteRunnerWorker.java:96)
	at org.testng.TestNG.runSuitesSequentially(TestNG.java:1214)
	at org.testng.TestNG.runSuitesLocally(TestNG.java:1136)
	at org.testng.TestNG.runSuites(TestNG.java:1066)
	at org.testng.TestNG.run(TestNG.java:1034)
	at org.testng.remote.AbstractRemoteTestNG.run(AbstractRemoteTestNG.java:115)
	at org.testng.remote.RemoteTestNG.initAndRun(RemoteTestNG.java:251)
	at org.testng.remote.RemoteTestNG.main(RemoteTestNG.java:77)
</div></td></tr></table><p class="totop"><a href="#summary">back to summary</a></p>
<h3 id="m138">megastores.Filters#filter</h3><table class="result"><tr><th>Messages</th></tr><tr><td><div class="messages">clicked on segment successfully<br/>clicked on accessories successfully</div></td></tr><tr><th>Exception</th></tr><tr><td><div class="stacktrace">java.lang.AssertionError: null
	at org.testng.Assert.fail(Assert.java:97)
	at org.testng.Assert.fail(Assert.java:102)
	at megastores.Filters.filter(Filters.java:178)
	at sun.reflect.NativeMethodAccessorImpl.invoke0(Native Method)
	at sun.reflect.NativeMethodAccessorImpl.invoke(NativeMethodAccessorImpl.java:62)
	at sun.reflect.DelegatingMethodAccessorImpl.invoke(DelegatingMethodAccessorImpl.java:43)
	at java.lang.reflect.Method.invoke(Method.java:498)
	at org.testng.internal.MethodInvocationHelper.invokeMethod(MethodInvocationHelper.java:135)
	at org.testng.internal.TestInvoker.invokeMethod(TestInvoker.java:598)
	at org.testng.internal.TestInvoker.retryFailed(TestInvoker.java:214)
	at org.testng.internal.MethodRunner.runInSequence(MethodRunner.java:58)
	at org.testng.internal.TestInvoker$MethodInvocationAgent.invoke(TestInvoker.java:821)
	at org.testng.internal.TestInvoker.invokeTestMethods(TestInvoker.java:147)
	at org.testng.internal.TestMethodWorker.invokeTestMethods(TestMethodWorker.java:146)
	at org.testng.internal.TestMethodWorker.run(TestMethodWorker.java:128)
	at java.util.ArrayList.forEach(ArrayList.java:1257)
	at org.testng.TestRunner.privateRun(TestRunner.java:767)
	at org.testng.TestRunner.run(TestRunner.java:588)
	at org.testng.SuiteRunner.runTest(SuiteRunner.java:384)
	at org.testng.SuiteRunner.runSequentially(SuiteRunner.java:378)
	at org.testng.SuiteRunner.privateRun(SuiteRunner.java:337)
	at org.testng.SuiteRunner.run(SuiteRunner.java:286)
	at org.testng.SuiteRunnerWorker.runSuite(SuiteRunnerWorker.java:53)
	at org.testng.SuiteRunnerWorker.run(SuiteRunnerWorker.java:96)
	at org.testng.TestNG.runSuitesSequentially(TestNG.java:1214)
	at org.testng.TestNG.runSuitesLocally(TestNG.java:1136)
	at org.testng.TestNG.runSuites(TestNG.java:1066)
	at org.testng.TestNG.run(TestNG.java:1034)
	at org.testng.remote.AbstractRemoteTestNG.run(AbstractRemoteTestNG.java:115)
	at org.testng.remote.RemoteTestNG.initAndRun(RemoteTestNG.java:251)
	at org.testng.remote.RemoteTestNG.main(RemoteTestNG.java:77)
</div></td></tr></table><p class="totop"><a href="#summary">back to summary</a></p>
<h3 id="m139">megastores.Filters#filter</h3><table class="result"><tr><th>Messages</th></tr><tr><td><div class="messages">clicked on segment successfully<br/>clicked on accessories successfully</div></td></tr><tr><th>Exception</th></tr><tr><td><div class="stacktrace">java.lang.AssertionError: null
	at org.testng.Assert.fail(Assert.java:97)
	at org.testng.Assert.fail(Assert.java:102)
	at megastores.Filters.filter(Filters.java:178)
	at sun.reflect.NativeMethodAccessorImpl.invoke0(Native Method)
	at sun.reflect.NativeMethodAccessorImpl.invoke(NativeMethodAccessorImpl.java:62)
	at sun.reflect.DelegatingMethodAccessorImpl.invoke(DelegatingMethodAccessorImpl.java:43)
	at java.lang.reflect.Method.invoke(Method.java:498)
	at org.testng.internal.MethodInvocationHelper.invokeMethod(MethodInvocationHelper.java:135)
	at org.testng.internal.TestInvoker.invokeMethod(TestInvoker.java:598)
	at org.testng.internal.TestInvoker.invokeTestMethod(TestInvoker.java:174)
	at org.testng.internal.MethodRunner.runInSequence(MethodRunner.java:46)
	at org.testng.internal.TestInvoker$MethodInvocationAgent.invoke(TestInvoker.java:821)
	at org.testng.internal.TestInvoker.invokeTestMethods(TestInvoker.java:147)
	at org.testng.internal.TestMethodWorker.invokeTestMethods(TestMethodWorker.java:146)
	at org.testng.internal.TestMethodWorker.run(TestMethodWorker.java:128)
	at java.util.ArrayList.forEach(ArrayList.java:1257)
	at org.testng.TestRunner.privateRun(TestRunner.java:767)
	at org.testng.TestRunner.run(TestRunner.java:588)
	at org.testng.SuiteRunner.runTest(SuiteRunner.java:384)
	at org.testng.SuiteRunner.runSequentially(SuiteRunner.java:378)
	at org.testng.SuiteRunner.privateRun(SuiteRunner.java:337)
	at org.testng.SuiteRunner.run(SuiteRunner.java:286)
	at org.testng.SuiteRunnerWorker.runSuite(SuiteRunnerWorker.java:53)
	at org.testng.SuiteRunnerWorker.run(SuiteRunnerWorker.java:96)
	at org.testng.TestNG.runSuitesSequentially(TestNG.java:1214)
	at org.testng.TestNG.runSuitesLocally(TestNG.java:1136)
	at org.testng.TestNG.runSuites(TestNG.java:1066)
	at org.testng.TestNG.run(TestNG.java:1034)
	at org.testng.remote.AbstractRemoteTestNG.run(AbstractRemoteTestNG.java:115)
	at org.testng.remote.RemoteTestNG.initAndRun(RemoteTestNG.java:251)
	at org.testng.remote.RemoteTestNG.main(RemoteTestNG.java:77)
</div></td></tr></table><p class="totop"><a href="#summary">back to summary</a></p>
<h3 id="m140">megastores.Filters#filter</h3><table class="result"><tr><th>Messages</th></tr><tr><td><div class="messages">clicked on segment successfully<br/>clicked on accessories successfully</div></td></tr><tr><th>Exception</th></tr><tr><td><div class="stacktrace">java.lang.AssertionError: null
	at org.testng.Assert.fail(Assert.java:97)
	at org.testng.Assert.fail(Assert.java:102)
	at megastores.Filters.filter(Filters.java:178)
	at sun.reflect.NativeMethodAccessorImpl.invoke0(Native Method)
	at sun.reflect.NativeMethodAccessorImpl.invoke(NativeMethodAccessorImpl.java:62)
	at sun.reflect.DelegatingMethodAccessorImpl.invoke(DelegatingMethodAccessorImpl.java:43)
	at java.lang.reflect.Method.invoke(Method.java:498)
	at org.testng.internal.MethodInvocationHelper.invokeMethod(MethodInvocationHelper.java:135)
	at org.testng.internal.TestInvoker.invokeMethod(TestInvoker.java:598)
	at org.testng.internal.TestInvoker.retryFailed(TestInvoker.java:214)
	at org.testng.internal.MethodRunner.runInSequence(MethodRunner.java:58)
	at org.testng.internal.TestInvoker$MethodInvocationAgent.invoke(TestInvoker.java:821)
	at org.testng.internal.TestInvoker.invokeTestMethods(TestInvoker.java:147)
	at org.testng.internal.TestMethodWorker.invokeTestMethods(TestMethodWorker.java:146)
	at org.testng.internal.TestMethodWorker.run(TestMethodWorker.java:128)
	at java.util.ArrayList.forEach(ArrayList.java:1257)
	at org.testng.TestRunner.privateRun(TestRunner.java:767)
	at org.testng.TestRunner.run(TestRunner.java:588)
	at org.testng.SuiteRunner.runTest(SuiteRunner.java:384)
	at org.testng.SuiteRunner.runSequentially(SuiteRunner.java:378)
	at org.testng.SuiteRunner.privateRun(SuiteRunner.java:337)
	at org.testng.SuiteRunner.run(SuiteRunner.java:286)
	at org.testng.SuiteRunnerWorker.runSuite(SuiteRunnerWorker.java:53)
	at org.testng.SuiteRunnerWorker.run(SuiteRunnerWorker.java:96)
	at org.testng.TestNG.runSuitesSequentially(TestNG.java:1214)
	at org.testng.TestNG.runSuitesLocally(TestNG.java:1136)
	at org.testng.TestNG.runSuites(TestNG.java:1066)
	at org.testng.TestNG.run(TestNG.java:1034)
	at org.testng.remote.AbstractRemoteTestNG.run(AbstractRemoteTestNG.java:115)
	at org.testng.remote.RemoteTestNG.initAndRun(RemoteTestNG.java:251)
	at org.testng.remote.RemoteTestNG.main(RemoteTestNG.java:77)
</div></td></tr></table><p class="totop"><a href="#summary">back to summary</a></p>
<h2>Goto_artisans_and_producers_page_goto_shrujan_detail_view_from_here</h2><h3 id="m141">megastores.Goto_artisans_and_producers_page_goto_shrujan_detail_view_from_here#goto_artisans_producers</h3><table class="result"><tr><th>Messages</th></tr><tr><td><div class="messages">clicked on artisans and producers successfully<br/>clicked on Shrujan successfully<br/>Shrujan loaded successfully<br/>Story loaded successfully<br/>Embroidery page loaded successfully</div></td></tr></table><p class="totop"><a href="#summary">back to summary</a></p>
<h2>place_order_login_withcondition</h2><h3 id="m142">megastores.place_order_login_withcondition#place_order_login</h3><table class="result"><tr><th>Messages</th></tr><tr><td><div class="messages">clicked on login button successfully<br/>Username entered successfully<br/>Password entered successfully<br/>clicked on login button successfully<br/>Login successfull<br/>Clicked on go to cart successfully<br/>Clicked on clear cart successfully<br/>Clicked on ok button successfully<br/>Go to dashboard<br/>Clicked on segment successfully<br/>Clicked on accessories successfully<br/>Failed to add product into cart</div></td></tr><tr><th>Exception</th></tr><tr><td><div class="stacktrace">java.lang.AssertionError: null
	at org.testng.Assert.fail(Assert.java:97)
	at org.testng.Assert.fail(Assert.java:102)
	at megastores.place_order_login_withcondition.place_order_login(place_order_login_withcondition.java:293)
	at sun.reflect.NativeMethodAccessorImpl.invoke0(Native Method)
	at sun.reflect.NativeMethodAccessorImpl.invoke(NativeMethodAccessorImpl.java:62)
	at sun.reflect.DelegatingMethodAccessorImpl.invoke(DelegatingMethodAccessorImpl.java:43)
	at java.lang.reflect.Method.invoke(Method.java:498)
	at org.testng.internal.MethodInvocationHelper.invokeMethod(MethodInvocationHelper.java:135)
	at org.testng.internal.TestInvoker.invokeMethod(TestInvoker.java:598)
	at org.testng.internal.TestInvoker.invokeTestMethod(TestInvoker.java:174)
	at org.testng.internal.MethodRunner.runInSequence(MethodRunner.java:46)
	at org.testng.internal.TestInvoker$MethodInvocationAgent.invoke(TestInvoker.java:821)
	at org.testng.internal.TestInvoker.invokeTestMethods(TestInvoker.java:147)
	at org.testng.internal.TestMethodWorker.invokeTestMethods(TestMethodWorker.java:146)
	at org.testng.internal.TestMethodWorker.run(TestMethodWorker.java:128)
	at java.util.ArrayList.forEach(ArrayList.java:1257)
	at org.testng.TestRunner.privateRun(TestRunner.java:767)
	at org.testng.TestRunner.run(TestRunner.java:588)
	at org.testng.SuiteRunner.runTest(SuiteRunner.java:384)
	at org.testng.SuiteRunner.runSequentially(SuiteRunner.java:378)
	at org.testng.SuiteRunner.privateRun(SuiteRunner.java:337)
	at org.testng.SuiteRunner.run(SuiteRunner.java:286)
	at org.testng.SuiteRunnerWorker.runSuite(SuiteRunnerWorker.java:53)
	at org.testng.SuiteRunnerWorker.run(SuiteRunnerWorker.java:96)
	at org.testng.TestNG.runSuitesSequentially(TestNG.java:1214)
	at org.testng.TestNG.runSuitesLocally(TestNG.java:1136)
	at org.testng.TestNG.runSuites(TestNG.java:1066)
	at org.testng.TestNG.run(TestNG.java:1034)
	at org.testng.remote.AbstractRemoteTestNG.run(AbstractRemoteTestNG.java:115)
	at org.testng.remote.RemoteTestNG.initAndRun(RemoteTestNG.java:251)
	at org.testng.remote.RemoteTestNG.main(RemoteTestNG.java:77)
</div></td></tr></table><p class="totop"><a href="#summary">back to summary</a></p>
<h2>product_review_thumb_login </h2><h3 id="m143">megastores.product_review_thumb_login#vote_review</h3><table class="result"><tr><th>Messages</th></tr><tr><td><div class="messages">Go to trending product<br/>Clicked on product successfully<br/>Focus shifted to product detail view successfully<br/>Go to review tab</div></td></tr><tr><th>Exception</th></tr><tr><td><div class="stacktrace">java.lang.AssertionError: null
	at org.testng.Assert.fail(Assert.java:97)
	at org.testng.Assert.fail(Assert.java:102)
	at megastores.product_review_thumb_login.vote_review(product_review_thumb_login.java:236)
	at sun.reflect.NativeMethodAccessorImpl.invoke0(Native Method)
	at sun.reflect.NativeMethodAccessorImpl.invoke(NativeMethodAccessorImpl.java:62)
	at sun.reflect.DelegatingMethodAccessorImpl.invoke(DelegatingMethodAccessorImpl.java:43)
	at java.lang.reflect.Method.invoke(Method.java:498)
	at org.testng.internal.MethodInvocationHelper.invokeMethod(MethodInvocationHelper.java:135)
	at org.testng.internal.TestInvoker.invokeMethod(TestInvoker.java:598)
	at org.testng.internal.TestInvoker.retryFailed(TestInvoker.java:214)
	at org.testng.internal.MethodRunner.runInSequence(MethodRunner.java:58)
	at org.testng.internal.TestInvoker$MethodInvocationAgent.invoke(TestInvoker.java:821)
	at org.testng.internal.TestInvoker.invokeTestMethods(TestInvoker.java:147)
	at org.testng.internal.TestMethodWorker.invokeTestMethods(TestMethodWorker.java:146)
	at org.testng.internal.TestMethodWorker.run(TestMethodWorker.java:128)
	at java.util.ArrayList.forEach(ArrayList.java:1257)
	at org.testng.TestRunner.privateRun(TestRunner.java:767)
	at org.testng.TestRunner.run(TestRunner.java:588)
	at org.testng.SuiteRunner.runTest(SuiteRunner.java:384)
	at org.testng.SuiteRunner.runSequentially(SuiteRunner.java:378)
	at org.testng.SuiteRunner.privateRun(SuiteRunner.java:337)
	at org.testng.SuiteRunner.run(SuiteRunner.java:286)
	at org.testng.SuiteRunnerWorker.runSuite(SuiteRunnerWorker.java:53)
	at org.testng.SuiteRunnerWorker.run(SuiteRunnerWorker.java:96)
	at org.testng.TestNG.runSuitesSequentially(TestNG.java:1214)
	at org.testng.TestNG.runSuitesLocally(TestNG.java:1136)
	at org.testng.TestNG.runSuites(TestNG.java:1066)
	at org.testng.TestNG.run(TestNG.java:1034)
	at org.testng.remote.AbstractRemoteTestNG.run(AbstractRemoteTestNG.java:115)
	at org.testng.remote.RemoteTestNG.initAndRun(RemoteTestNG.java:251)
	at org.testng.remote.RemoteTestNG.main(RemoteTestNG.java:77)
</div></td></tr></table><p class="totop"><a href="#summary">back to summary</a></p>
<h3 id="m144">megastores.product_review_thumb_login#vote_review</h3><table class="result"><tr><th>Messages</th></tr><tr><td><div class="messages">Go to trending product<br/>Clicked on product successfully<br/>Focus shifted to product detail view successfully<br/>Go to review tab</div></td></tr><tr><th>Exception</th></tr><tr><td><div class="stacktrace">java.lang.AssertionError: null
	at org.testng.Assert.fail(Assert.java:97)
	at org.testng.Assert.fail(Assert.java:102)
	at megastores.product_review_thumb_login.vote_review(product_review_thumb_login.java:236)
	at sun.reflect.NativeMethodAccessorImpl.invoke0(Native Method)
	at sun.reflect.NativeMethodAccessorImpl.invoke(NativeMethodAccessorImpl.java:62)
	at sun.reflect.DelegatingMethodAccessorImpl.invoke(DelegatingMethodAccessorImpl.java:43)
	at java.lang.reflect.Method.invoke(Method.java:498)
	at org.testng.internal.MethodInvocationHelper.invokeMethod(MethodInvocationHelper.java:135)
	at org.testng.internal.TestInvoker.invokeMethod(TestInvoker.java:598)
	at org.testng.internal.TestInvoker.retryFailed(TestInvoker.java:214)
	at org.testng.internal.MethodRunner.runInSequence(MethodRunner.java:58)
	at org.testng.internal.TestInvoker$MethodInvocationAgent.invoke(TestInvoker.java:821)
	at org.testng.internal.TestInvoker.invokeTestMethods(TestInvoker.java:147)
	at org.testng.internal.TestMethodWorker.invokeTestMethods(TestMethodWorker.java:146)
	at org.testng.internal.TestMethodWorker.run(TestMethodWorker.java:128)
	at java.util.ArrayList.forEach(ArrayList.java:1257)
	at org.testng.TestRunner.privateRun(TestRunner.java:767)
	at org.testng.TestRunner.run(TestRunner.java:588)
	at org.testng.SuiteRunner.runTest(SuiteRunner.java:384)
	at org.testng.SuiteRunner.runSequentially(SuiteRunner.java:378)
	at org.testng.SuiteRunner.privateRun(SuiteRunner.java:337)
	at org.testng.SuiteRunner.run(SuiteRunner.java:286)
	at org.testng.SuiteRunnerWorker.runSuite(SuiteRunnerWorker.java:53)
	at org.testng.SuiteRunnerWorker.run(SuiteRunnerWorker.java:96)
	at org.testng.TestNG.runSuitesSequentially(TestNG.java:1214)
	at org.testng.TestNG.runSuitesLocally(TestNG.java:1136)
	at org.testng.TestNG.runSuites(TestNG.java:1066)
	at org.testng.TestNG.run(TestNG.java:1034)
	at org.testng.remote.AbstractRemoteTestNG.run(AbstractRemoteTestNG.java:115)
	at org.testng.remote.RemoteTestNG.initAndRun(RemoteTestNG.java:251)
	at org.testng.remote.RemoteTestNG.main(RemoteTestNG.java:77)
</div></td></tr></table><p class="totop"><a href="#summary">back to summary</a></p>
<h3 id="m145">megastores.product_review_thumb_login#vote_review</h3><table class="result"><tr><th>Messages</th></tr><tr><td><div class="messages">Go to dashboard<br/>Go to trending products<br/>Product selected successfully<br/>Focus shifted to product detail view successfully<br/>Go to review tab</div></td></tr><tr><th>Exception</th></tr><tr><td><div class="stacktrace">java.lang.AssertionError: null
	at org.testng.Assert.fail(Assert.java:97)
	at org.testng.Assert.fail(Assert.java:102)
	at megastores.product_review_thumb_login.vote_review(product_review_thumb_login.java:190)
	at sun.reflect.NativeMethodAccessorImpl.invoke0(Native Method)
	at sun.reflect.NativeMethodAccessorImpl.invoke(NativeMethodAccessorImpl.java:62)
	at sun.reflect.DelegatingMethodAccessorImpl.invoke(DelegatingMethodAccessorImpl.java:43)
	at java.lang.reflect.Method.invoke(Method.java:498)
	at org.testng.internal.MethodInvocationHelper.invokeMethod(MethodInvocationHelper.java:135)
	at org.testng.internal.TestInvoker.invokeMethod(TestInvoker.java:598)
	at org.testng.internal.TestInvoker.invokeTestMethod(TestInvoker.java:174)
	at org.testng.internal.MethodRunner.runInSequence(MethodRunner.java:46)
	at org.testng.internal.TestInvoker$MethodInvocationAgent.invoke(TestInvoker.java:821)
	at org.testng.internal.TestInvoker.invokeTestMethods(TestInvoker.java:147)
	at org.testng.internal.TestMethodWorker.invokeTestMethods(TestMethodWorker.java:146)
	at org.testng.internal.TestMethodWorker.run(TestMethodWorker.java:128)
	at java.util.ArrayList.forEach(ArrayList.java:1257)
	at org.testng.TestRunner.privateRun(TestRunner.java:767)
	at org.testng.TestRunner.run(TestRunner.java:588)
	at org.testng.SuiteRunner.runTest(SuiteRunner.java:384)
	at org.testng.SuiteRunner.runSequentially(SuiteRunner.java:378)
	at org.testng.SuiteRunner.privateRun(SuiteRunner.java:337)
	at org.testng.SuiteRunner.run(SuiteRunner.java:286)
	at org.testng.SuiteRunnerWorker.runSuite(SuiteRunnerWorker.java:53)
	at org.testng.SuiteRunnerWorker.run(SuiteRunnerWorker.java:96)
	at org.testng.TestNG.runSuitesSequentially(TestNG.java:1214)
	at org.testng.TestNG.runSuitesLocally(TestNG.java:1136)
	at org.testng.TestNG.runSuites(TestNG.java:1066)
	at org.testng.TestNG.run(TestNG.java:1034)
	at org.testng.remote.AbstractRemoteTestNG.run(AbstractRemoteTestNG.java:115)
	at org.testng.remote.RemoteTestNG.initAndRun(RemoteTestNG.java:251)
	at org.testng.remote.RemoteTestNG.main(RemoteTestNG.java:77)
</div></td></tr></table><p class="totop"><a href="#summary">back to summary</a></p>
<h3 id="m146">megastores.product_review_thumb_login#vote_review</h3><table class="result"><tr><th>Messages</th></tr><tr><td><div class="messages">Go to trending product<br/>Clicked on product successfully<br/>Focus shifted to product detail view successfully<br/>Go to review tab</div></td></tr><tr><th>Exception</th></tr><tr><td><div class="stacktrace">java.lang.AssertionError: null
	at org.testng.Assert.fail(Assert.java:97)
	at org.testng.Assert.fail(Assert.java:102)
	at megastores.product_review_thumb_login.vote_review(product_review_thumb_login.java:236)
	at sun.reflect.NativeMethodAccessorImpl.invoke0(Native Method)
	at sun.reflect.NativeMethodAccessorImpl.invoke(NativeMethodAccessorImpl.java:62)
	at sun.reflect.DelegatingMethodAccessorImpl.invoke(DelegatingMethodAccessorImpl.java:43)
	at java.lang.reflect.Method.invoke(Method.java:498)
	at org.testng.internal.MethodInvocationHelper.invokeMethod(MethodInvocationHelper.java:135)
	at org.testng.internal.TestInvoker.invokeMethod(TestInvoker.java:598)
	at org.testng.internal.TestInvoker.retryFailed(TestInvoker.java:214)
	at org.testng.internal.MethodRunner.runInSequence(MethodRunner.java:58)
	at org.testng.internal.TestInvoker$MethodInvocationAgent.invoke(TestInvoker.java:821)
	at org.testng.internal.TestInvoker.invokeTestMethods(TestInvoker.java:147)
	at org.testng.internal.TestMethodWorker.invokeTestMethods(TestMethodWorker.java:146)
	at org.testng.internal.TestMethodWorker.run(TestMethodWorker.java:128)
	at java.util.ArrayList.forEach(ArrayList.java:1257)
	at org.testng.TestRunner.privateRun(TestRunner.java:767)
	at org.testng.TestRunner.run(TestRunner.java:588)
	at org.testng.SuiteRunner.runTest(SuiteRunner.java:384)
	at org.testng.SuiteRunner.runSequentially(SuiteRunner.java:378)
	at org.testng.SuiteRunner.privateRun(SuiteRunner.java:337)
	at org.testng.SuiteRunner.run(SuiteRunner.java:286)
	at org.testng.SuiteRunnerWorker.runSuite(SuiteRunnerWorker.java:53)
	at org.testng.SuiteRunnerWorker.run(SuiteRunnerWorker.java:96)
	at org.testng.TestNG.runSuitesSequentially(TestNG.java:1214)
	at org.testng.TestNG.runSuitesLocally(TestNG.java:1136)
	at org.testng.TestNG.runSuites(TestNG.java:1066)
	at org.testng.TestNG.run(TestNG.java:1034)
	at org.testng.remote.AbstractRemoteTestNG.run(AbstractRemoteTestNG.java:115)
	at org.testng.remote.RemoteTestNG.initAndRun(RemoteTestNG.java:251)
	at org.testng.remote.RemoteTestNG.main(RemoteTestNG.java:77)
</div></td></tr></table><p class="totop"><a href="#summary">back to summary</a></p>
<h3 id="m147">megastores.product_review_thumb_login#goto_login</h3><table class="result"><tr><th>Messages</th></tr><tr><td><div class="messages">Username entered successfully<br/>Password entered successfully<br/>Clicked on login button successfully<br/>Login successfull</div></td></tr></table><p class="totop"><a href="#summary">back to summary</a></p>
<h2>product_reviewt_thumb_guest</h2><h3 id="m148">megastores.product_reviewt_thumb_guest#vote_review_guest</h3><table class="result"><tr><th>Messages</th></tr><tr><td><div class="messages">Go to trending product<br/>Clicked on product successfully<br/>Focus shifted to product detail view successfully<br/>Go to review tab</div></td></tr><tr><th>Exception</th></tr><tr><td><div class="stacktrace">java.lang.AssertionError: null
	at org.testng.Assert.fail(Assert.java:97)
	at org.testng.Assert.fail(Assert.java:102)
	at megastores.product_reviewt_thumb_guest.vote_review_guest(product_reviewt_thumb_guest.java:232)
	at sun.reflect.NativeMethodAccessorImpl.invoke0(Native Method)
	at sun.reflect.NativeMethodAccessorImpl.invoke(NativeMethodAccessorImpl.java:62)
	at sun.reflect.DelegatingMethodAccessorImpl.invoke(DelegatingMethodAccessorImpl.java:43)
	at java.lang.reflect.Method.invoke(Method.java:498)
	at org.testng.internal.MethodInvocationHelper.invokeMethod(MethodInvocationHelper.java:135)
	at org.testng.internal.TestInvoker.invokeMethod(TestInvoker.java:598)
	at org.testng.internal.TestInvoker.invokeTestMethod(TestInvoker.java:174)
	at org.testng.internal.MethodRunner.runInSequence(MethodRunner.java:46)
	at org.testng.internal.TestInvoker$MethodInvocationAgent.invoke(TestInvoker.java:821)
	at org.testng.internal.TestInvoker.invokeTestMethods(TestInvoker.java:147)
	at org.testng.internal.TestMethodWorker.invokeTestMethods(TestMethodWorker.java:146)
	at org.testng.internal.TestMethodWorker.run(TestMethodWorker.java:128)
	at java.util.ArrayList.forEach(ArrayList.java:1257)
	at org.testng.TestRunner.privateRun(TestRunner.java:767)
	at org.testng.TestRunner.run(TestRunner.java:588)
	at org.testng.SuiteRunner.runTest(SuiteRunner.java:384)
	at org.testng.SuiteRunner.runSequentially(SuiteRunner.java:378)
	at org.testng.SuiteRunner.privateRun(SuiteRunner.java:337)
	at org.testng.SuiteRunner.run(SuiteRunner.java:286)
	at org.testng.SuiteRunnerWorker.runSuite(SuiteRunnerWorker.java:53)
	at org.testng.SuiteRunnerWorker.run(SuiteRunnerWorker.java:96)
	at org.testng.TestNG.runSuitesSequentially(TestNG.java:1214)
	at org.testng.TestNG.runSuitesLocally(TestNG.java:1136)
	at org.testng.TestNG.runSuites(TestNG.java:1066)
	at org.testng.TestNG.run(TestNG.java:1034)
	at org.testng.remote.AbstractRemoteTestNG.run(AbstractRemoteTestNG.java:115)
	at org.testng.remote.RemoteTestNG.initAndRun(RemoteTestNG.java:251)
	at org.testng.remote.RemoteTestNG.main(RemoteTestNG.java:77)
</div></td></tr></table><p class="totop"><a href="#summary">back to summary</a></p>
<h2>Quick_view_guest</h2><h3 id="m149">megastores.Quick_view_guest#quickview_guest</h3><table class="result"><tr><th>Messages</th></tr><tr><td><div class="messages">Product selected sucessfully<br/>Clicked on quick view button sucessfully<br/>Clicked on cancle button of quick view sucessfully</div></td></tr></table><p class="totop"><a href="#summary">back to summary</a></p>
<h2>Quick_view_login</h2><h3 id="m150">megastores.Quick_view_login#quickview_login</h3><table class="result"><tr><th>Messages</th></tr><tr><td><div class="messages">Clicked on login button sucessfully<br/>Username added sucessfully<br/>Password added sucessfully<br/>Clicked on login button sucessfully<br/>Login successfull<br/>Go to dashboard<br/>Product selected successfully<br/>Clicked on quick view button successfully<br/>Clicked on cancel button successfully</div></td></tr></table><p class="totop"><a href="#summary">back to summary</a></p>
<h2>Registration</h2><h3 id="m151">megastores.Registration#register</h3><table class="result"><tr><th>Messages</th></tr><tr><td><div class="messages">Clicked on register button successfully<br/>First name entered successfully<br/>Last name entered successfully<br/>Username entered successfully<br/>Country code selected successfully<br/>Phone no. entered successfully<br/>Email id entered successfully<br/>Password entered successfully<br/>Confirm password entered successfully</div></td></tr><tr><th>Exception</th></tr><tr><td><div class="stacktrace">java.lang.AssertionError: null
	at org.testng.Assert.fail(Assert.java:97)
	at org.testng.Assert.fail(Assert.java:102)
	at megastores.Registration.register(Registration.java:142)
	at sun.reflect.NativeMethodAccessorImpl.invoke0(Native Method)
	at sun.reflect.NativeMethodAccessorImpl.invoke(NativeMethodAccessorImpl.java:62)
	at sun.reflect.DelegatingMethodAccessorImpl.invoke(DelegatingMethodAccessorImpl.java:43)
	at java.lang.reflect.Method.invoke(Method.java:498)
	at org.testng.internal.MethodInvocationHelper.invokeMethod(MethodInvocationHelper.java:135)
	at org.testng.internal.TestInvoker.invokeMethod(TestInvoker.java:598)
	at org.testng.internal.TestInvoker.retryFailed(TestInvoker.java:214)
	at org.testng.internal.MethodRunner.runInSequence(MethodRunner.java:58)
	at org.testng.internal.TestInvoker$MethodInvocationAgent.invoke(TestInvoker.java:821)
	at org.testng.internal.TestInvoker.invokeTestMethods(TestInvoker.java:147)
	at org.testng.internal.TestMethodWorker.invokeTestMethods(TestMethodWorker.java:146)
	at org.testng.internal.TestMethodWorker.run(TestMethodWorker.java:128)
	at java.util.ArrayList.forEach(ArrayList.java:1257)
	at org.testng.TestRunner.privateRun(TestRunner.java:767)
	at org.testng.TestRunner.run(TestRunner.java:588)
	at org.testng.SuiteRunner.runTest(SuiteRunner.java:384)
	at org.testng.SuiteRunner.runSequentially(SuiteRunner.java:378)
	at org.testng.SuiteRunner.privateRun(SuiteRunner.java:337)
	at org.testng.SuiteRunner.run(SuiteRunner.java:286)
	at org.testng.SuiteRunnerWorker.runSuite(SuiteRunnerWorker.java:53)
	at org.testng.SuiteRunnerWorker.run(SuiteRunnerWorker.java:96)
	at org.testng.TestNG.runSuitesSequentially(TestNG.java:1214)
	at org.testng.TestNG.runSuitesLocally(TestNG.java:1136)
	at org.testng.TestNG.runSuites(TestNG.java:1066)
	at org.testng.TestNG.run(TestNG.java:1034)
	at org.testng.remote.AbstractRemoteTestNG.run(AbstractRemoteTestNG.java:115)
	at org.testng.remote.RemoteTestNG.initAndRun(RemoteTestNG.java:251)
	at org.testng.remote.RemoteTestNG.main(RemoteTestNG.java:77)
</div></td></tr></table><p class="totop"><a href="#summary">back to summary</a></p>
<h3 id="m152">megastores.Registration#register</h3><table class="result"><tr><th>Messages</th></tr><tr><td><div class="messages">Clicked on register button successfully<br/>First name entered successfully<br/>Last name entered successfully<br/>Username entered successfully<br/>Country code selected successfully<br/>Phone no. entered successfully<br/>Email id entered successfully<br/>Password entered successfully<br/>Confirm password entered successfully</div></td></tr><tr><th>Exception</th></tr><tr><td><div class="stacktrace">java.lang.AssertionError: null
	at org.testng.Assert.fail(Assert.java:97)
	at org.testng.Assert.fail(Assert.java:102)
	at megastores.Registration.register(Registration.java:142)
	at sun.reflect.NativeMethodAccessorImpl.invoke0(Native Method)
	at sun.reflect.NativeMethodAccessorImpl.invoke(NativeMethodAccessorImpl.java:62)
	at sun.reflect.DelegatingMethodAccessorImpl.invoke(DelegatingMethodAccessorImpl.java:43)
	at java.lang.reflect.Method.invoke(Method.java:498)
	at org.testng.internal.MethodInvocationHelper.invokeMethod(MethodInvocationHelper.java:135)
	at org.testng.internal.TestInvoker.invokeMethod(TestInvoker.java:598)
	at org.testng.internal.TestInvoker.invokeTestMethod(TestInvoker.java:174)
	at org.testng.internal.MethodRunner.runInSequence(MethodRunner.java:46)
	at org.testng.internal.TestInvoker$MethodInvocationAgent.invoke(TestInvoker.java:821)
	at org.testng.internal.TestInvoker.invokeTestMethods(TestInvoker.java:147)
	at org.testng.internal.TestMethodWorker.invokeTestMethods(TestMethodWorker.java:146)
	at org.testng.internal.TestMethodWorker.run(TestMethodWorker.java:128)
	at java.util.ArrayList.forEach(ArrayList.java:1257)
	at org.testng.TestRunner.privateRun(TestRunner.java:767)
	at org.testng.TestRunner.run(TestRunner.java:588)
	at org.testng.SuiteRunner.runTest(SuiteRunner.java:384)
	at org.testng.SuiteRunner.runSequentially(SuiteRunner.java:378)
	at org.testng.SuiteRunner.privateRun(SuiteRunner.java:337)
	at org.testng.SuiteRunner.run(SuiteRunner.java:286)
	at org.testng.SuiteRunnerWorker.runSuite(SuiteRunnerWorker.java:53)
	at org.testng.SuiteRunnerWorker.run(SuiteRunnerWorker.java:96)
	at org.testng.TestNG.runSuitesSequentially(TestNG.java:1214)
	at org.testng.TestNG.runSuitesLocally(TestNG.java:1136)
	at org.testng.TestNG.runSuites(TestNG.java:1066)
	at org.testng.TestNG.run(TestNG.java:1034)
	at org.testng.remote.AbstractRemoteTestNG.run(AbstractRemoteTestNG.java:115)
	at org.testng.remote.RemoteTestNG.initAndRun(RemoteTestNG.java:251)
	at org.testng.remote.RemoteTestNG.main(RemoteTestNG.java:77)
</div></td></tr></table><p class="totop"><a href="#summary">back to summary</a></p>
<h3 id="m153">megastores.Registration#register</h3><table class="result"><tr><th>Messages</th></tr><tr><td><div class="messages">Clicked on register button successfully<br/>First name entered successfully<br/>Last name entered successfully<br/>Username entered successfully<br/>Country code selected successfully<br/>Phone no. entered successfully<br/>Email id entered successfully<br/>Password entered successfully<br/>Confirm password entered successfully</div></td></tr><tr><th>Exception</th></tr><tr><td><div class="stacktrace">java.lang.AssertionError: null
	at org.testng.Assert.fail(Assert.java:97)
	at org.testng.Assert.fail(Assert.java:102)
	at megastores.Registration.register(Registration.java:142)
	at sun.reflect.NativeMethodAccessorImpl.invoke0(Native Method)
	at sun.reflect.NativeMethodAccessorImpl.invoke(NativeMethodAccessorImpl.java:62)
	at sun.reflect.DelegatingMethodAccessorImpl.invoke(DelegatingMethodAccessorImpl.java:43)
	at java.lang.reflect.Method.invoke(Method.java:498)
	at org.testng.internal.MethodInvocationHelper.invokeMethod(MethodInvocationHelper.java:135)
	at org.testng.internal.TestInvoker.invokeMethod(TestInvoker.java:598)
	at org.testng.internal.TestInvoker.retryFailed(TestInvoker.java:214)
	at org.testng.internal.MethodRunner.runInSequence(MethodRunner.java:58)
	at org.testng.internal.TestInvoker$MethodInvocationAgent.invoke(TestInvoker.java:821)
	at org.testng.internal.TestInvoker.invokeTestMethods(TestInvoker.java:147)
	at org.testng.internal.TestMethodWorker.invokeTestMethods(TestMethodWorker.java:146)
	at org.testng.internal.TestMethodWorker.run(TestMethodWorker.java:128)
	at java.util.ArrayList.forEach(ArrayList.java:1257)
	at org.testng.TestRunner.privateRun(TestRunner.java:767)
	at org.testng.TestRunner.run(TestRunner.java:588)
	at org.testng.SuiteRunner.runTest(SuiteRunner.java:384)
	at org.testng.SuiteRunner.runSequentially(SuiteRunner.java:378)
	at org.testng.SuiteRunner.privateRun(SuiteRunner.java:337)
	at org.testng.SuiteRunner.run(SuiteRunner.java:286)
	at org.testng.SuiteRunnerWorker.runSuite(SuiteRunnerWorker.java:53)
	at org.testng.SuiteRunnerWorker.run(SuiteRunnerWorker.java:96)
	at org.testng.TestNG.runSuitesSequentially(TestNG.java:1214)
	at org.testng.TestNG.runSuitesLocally(TestNG.java:1136)
	at org.testng.TestNG.runSuites(TestNG.java:1066)
	at org.testng.TestNG.run(TestNG.java:1034)
	at org.testng.remote.AbstractRemoteTestNG.run(AbstractRemoteTestNG.java:115)
	at org.testng.remote.RemoteTestNG.initAndRun(RemoteTestNG.java:251)
	at org.testng.remote.RemoteTestNG.main(RemoteTestNG.java:77)
</div></td></tr></table><p class="totop"><a href="#summary">back to summary</a></p>
<h3 id="m154">megastores.Registration#register</h3><table class="result"><tr><th>Messages</th></tr><tr><td><div class="messages">Clicked on register button successfully<br/>First name entered successfully<br/>Last name entered successfully<br/>Username entered successfully<br/>Country code selected successfully<br/>Phone no. entered successfully<br/>Email id entered successfully<br/>Password entered successfully<br/>Confirm password entered successfully</div></td></tr><tr><th>Exception</th></tr><tr><td><div class="stacktrace">java.lang.AssertionError: null
	at org.testng.Assert.fail(Assert.java:97)
	at org.testng.Assert.fail(Assert.java:102)
	at megastores.Registration.register(Registration.java:142)
	at sun.reflect.NativeMethodAccessorImpl.invoke0(Native Method)
	at sun.reflect.NativeMethodAccessorImpl.invoke(NativeMethodAccessorImpl.java:62)
	at sun.reflect.DelegatingMethodAccessorImpl.invoke(DelegatingMethodAccessorImpl.java:43)
	at java.lang.reflect.Method.invoke(Method.java:498)
	at org.testng.internal.MethodInvocationHelper.invokeMethod(MethodInvocationHelper.java:135)
	at org.testng.internal.TestInvoker.invokeMethod(TestInvoker.java:598)
	at org.testng.internal.TestInvoker.retryFailed(TestInvoker.java:214)
	at org.testng.internal.MethodRunner.runInSequence(MethodRunner.java:58)
	at org.testng.internal.TestInvoker$MethodInvocationAgent.invoke(TestInvoker.java:821)
	at org.testng.internal.TestInvoker.invokeTestMethods(TestInvoker.java:147)
	at org.testng.internal.TestMethodWorker.invokeTestMethods(TestMethodWorker.java:146)
	at org.testng.internal.TestMethodWorker.run(TestMethodWorker.java:128)
	at java.util.ArrayList.forEach(ArrayList.java:1257)
	at org.testng.TestRunner.privateRun(TestRunner.java:767)
	at org.testng.TestRunner.run(TestRunner.java:588)
	at org.testng.SuiteRunner.runTest(SuiteRunner.java:384)
	at org.testng.SuiteRunner.runSequentially(SuiteRunner.java:378)
	at org.testng.SuiteRunner.privateRun(SuiteRunner.java:337)
	at org.testng.SuiteRunner.run(SuiteRunner.java:286)
	at org.testng.SuiteRunnerWorker.runSuite(SuiteRunnerWorker.java:53)
	at org.testng.SuiteRunnerWorker.run(SuiteRunnerWorker.java:96)
	at org.testng.TestNG.runSuitesSequentially(TestNG.java:1214)
	at org.testng.TestNG.runSuitesLocally(TestNG.java:1136)
	at org.testng.TestNG.runSuites(TestNG.java:1066)
	at org.testng.TestNG.run(TestNG.java:1034)
	at org.testng.remote.AbstractRemoteTestNG.run(AbstractRemoteTestNG.java:115)
	at org.testng.remote.RemoteTestNG.initAndRun(RemoteTestNG.java:251)
	at org.testng.remote.RemoteTestNG.main(RemoteTestNG.java:77)
</div></td></tr></table><p class="totop"><a href="#summary">back to summary</a></p>
</body>
</html>
