<?xml version="1.0" encoding="UTF-8"?>
<!-- Generated by org.testng.reporters.JUnitReportReporter -->
<testsuite skipped="0" hostname="Rahul" name="megastores.MerchantRegistration" tests="12" failures="1" timestamp="2020-06-12T16:35:29 IST" time="225.095" errors="0">
  <testcase name="openUrl" time="15.498" classname="megastores.MerchantRegistration"/>
  <system-out>
Browser launched !!  </system-out>
  <testcase name="EmptyFields" time="25.610" classname="megastores.MerchantRegistration">
    <failure type="java.lang.AssertionError" message="null">
      <![CDATA[java.lang.AssertionError: null
at org.testng.Assert.fail(Assert.java:97)
at org.testng.Assert.fail(Assert.java:102)
at megastores.MerchantRegistration.EmptyFields(MerchantRegistration.java:119)
at sun.reflect.NativeMethodAccessorImpl.invoke0(Native Method)
at sun.reflect.NativeMethodAccessorImpl.invoke(NativeMethodAccessorImpl.java:62)
at sun.reflect.DelegatingMethodAccessorImpl.invoke(DelegatingMethodAccessorImpl.java:43)
at java.lang.reflect.Method.invoke(Method.java:498)
at org.testng.internal.MethodInvocationHelper.invokeMethod(MethodInvocationHelper.java:135)
at org.testng.internal.TestInvoker.invokeMethod(TestInvoker.java:598)
at org.testng.internal.TestInvoker.invokeTestMethod(TestInvoker.java:174)
at org.testng.internal.MethodRunner.runInSequence(MethodRunner.java:46)
at org.testng.internal.TestInvoker$MethodInvocationAgent.invoke(TestInvoker.java:821)
at org.testng.internal.TestInvoker.invokeTestMethods(TestInvoker.java:147)
at org.testng.internal.TestMethodWorker.invokeTestMethods(TestMethodWorker.java:146)
at org.testng.internal.TestMethodWorker.run(TestMethodWorker.java:128)
at java.util.ArrayList.forEach(ArrayList.java:1257)
at org.testng.TestRunner.privateRun(TestRunner.java:767)
at org.testng.TestRunner.run(TestRunner.java:588)
at org.testng.SuiteRunner.runTest(SuiteRunner.java:384)
at org.testng.SuiteRunner.runSequentially(SuiteRunner.java:378)
at org.testng.SuiteRunner.privateRun(SuiteRunner.java:337)
at org.testng.SuiteRunner.run(SuiteRunner.java:286)
at org.testng.SuiteRunnerWorker.runSuite(SuiteRunnerWorker.java:53)
at org.testng.SuiteRunnerWorker.run(SuiteRunnerWorker.java:96)
at org.testng.TestNG.runSuitesSequentially(TestNG.java:1214)
at org.testng.TestNG.runSuitesLocally(TestNG.java:1136)
at org.testng.TestNG.runSuites(TestNG.java:1066)
at org.testng.TestNG.run(TestNG.java:1034)
at org.testng.remote.AbstractRemoteTestNG.run(AbstractRemoteTestNG.java:115)
at org.testng.remote.RemoteTestNG.initAndRun(RemoteTestNG.java:251)
at org.testng.remote.RemoteTestNG.main(RemoteTestNG.java:77)
]]>
    </failure>
  </testcase> <!-- EmptyFields -->
  <system-out>
Test failed for empty fields  </system-out>
  <testcase name="inValidUsernameLength" time="5.297" classname="megastores.MerchantRegistration"/>
  <system-out>
Test passed for invalid username length : Please enter at least 5 characters.  </system-out>
  <testcase name="inValidNumericUsername" time="3.312" classname="megastores.MerchantRegistration"/>
  <system-out>
Test passed for invalid numeric username : Only Number not allowed.  </system-out>
  <testcase name="inValidNumericShopName" time="12.083" classname="megastores.MerchantRegistration"/>
  <system-out>
Test passed for invalid numeric shop name : Only Number not allowed.  </system-out>
  <testcase name="inValidPasswordlength" time="14.202" classname="megastores.MerchantRegistration"/>
  <system-out>
Test passed for invalid Password length : Minimum 6 character are required  </system-out>
  <testcase name="inValidPasswordCombination" time="14.326" classname="megastores.MerchantRegistration"/>
  <system-out>
Test passed for invalid Password Combination : Minimum 6 characters are mandatory, containing at least 1 lower case letter, 1 digit, and 1 symbol.  </system-out>
  <testcase name="retypePasswordNoMatch" time="16.422" classname="megastores.MerchantRegistration"/>
  <system-out>
Test passed for Retype password didn't match : Password doesn't matched  </system-out>
  <testcase name="invalidEmail" time="20.542" classname="megastores.MerchantRegistration"/>
  <system-out>
Test passed for Invalid Email : Please enter valid email.  </system-out>
  <testcase name="invalidMobile" time="23.104" classname="megastores.MerchantRegistration"/>
  <system-out>
Test passed for Invalid Phone No. : Enter 10 digit mobile number  </system-out>
  <testcase name="invalidPincode" time="29.552" classname="megastores.MerchantRegistration"/>
  <system-out>
Test passed for Invalid Pincode : Enter valid pincode  </system-out>
  <testcase name="validData" time="45.147" classname="megastores.MerchantRegistration"/>
  <system-out>
Test passed for valid data : OTP has been sent to your registered number  </system-out>
</testsuite> <!-- megastores.MerchantRegistration -->
