<?xml version="1.0" encoding="UTF-8"?>
<!-- Generated by org.testng.reporters.JUnitReportReporter -->
<testsuite skipped="3" hostname="Rahul" name="megastores.Registration" tests="4" failures="1" timestamp="2020-06-12T16:35:29 IST" time="210.025" errors="0">
  <testcase name="register" time="52.144" classname="megastores.Registration">
    <skipped/>
  </testcase> <!-- register -->
  <system-out>
Clicked on register button successfully First name entered successfully Last name entered successfully Username entered successfully Country code selected successfully Phone no. entered successfully Email id entered successfully Password entered successfully Confirm password entered successfully  </system-out>
  <testcase name="register" time="52.458" classname="megastores.Registration">
    <skipped/>
  </testcase> <!-- register -->
  <system-out>
Clicked on register button successfully First name entered successfully Last name entered successfully Username entered successfully Country code selected successfully Phone no. entered successfully Email id entered successfully Password entered successfully Confirm password entered successfully  </system-out>
  <testcase name="register" time="52.624" classname="megastores.Registration">
    <skipped/>
  </testcase> <!-- register -->
  <system-out>
Clicked on register button successfully First name entered successfully Last name entered successfully Username entered successfully Country code selected successfully Phone no. entered successfully Email id entered successfully Password entered successfully Confirm password entered successfully  </system-out>
  <testcase name="register" time="52.799" classname="megastores.Registration">
    <failure type="java.lang.AssertionError" message="null">
      <![CDATA[java.lang.AssertionError: null
at org.testng.Assert.fail(Assert.java:97)
at org.testng.Assert.fail(Assert.java:102)
at megastores.Registration.register(Registration.java:142)
at sun.reflect.NativeMethodAccessorImpl.invoke0(Native Method)
at sun.reflect.NativeMethodAccessorImpl.invoke(NativeMethodAccessorImpl.java:62)
at sun.reflect.DelegatingMethodAccessorImpl.invoke(DelegatingMethodAccessorImpl.java:43)
at java.lang.reflect.Method.invoke(Method.java:498)
at org.testng.internal.MethodInvocationHelper.invokeMethod(MethodInvocationHelper.java:135)
at org.testng.internal.TestInvoker.invokeMethod(TestInvoker.java:598)
at org.testng.internal.TestInvoker.retryFailed(TestInvoker.java:214)
at org.testng.internal.MethodRunner.runInSequence(MethodRunner.java:58)
at org.testng.internal.TestInvoker$MethodInvocationAgent.invoke(TestInvoker.java:821)
at org.testng.internal.TestInvoker.invokeTestMethods(TestInvoker.java:147)
at org.testng.internal.TestMethodWorker.invokeTestMethods(TestMethodWorker.java:146)
at org.testng.internal.TestMethodWorker.run(TestMethodWorker.java:128)
at java.util.ArrayList.forEach(ArrayList.java:1257)
at org.testng.TestRunner.privateRun(TestRunner.java:767)
at org.testng.TestRunner.run(TestRunner.java:588)
at org.testng.SuiteRunner.runTest(SuiteRunner.java:384)
at org.testng.SuiteRunner.runSequentially(SuiteRunner.java:378)
at org.testng.SuiteRunner.privateRun(SuiteRunner.java:337)
at org.testng.SuiteRunner.run(SuiteRunner.java:286)
at org.testng.SuiteRunnerWorker.runSuite(SuiteRunnerWorker.java:53)
at org.testng.SuiteRunnerWorker.run(SuiteRunnerWorker.java:96)
at org.testng.TestNG.runSuitesSequentially(TestNG.java:1214)
at org.testng.TestNG.runSuitesLocally(TestNG.java:1136)
at org.testng.TestNG.runSuites(TestNG.java:1066)
at org.testng.TestNG.run(TestNG.java:1034)
at org.testng.remote.AbstractRemoteTestNG.run(AbstractRemoteTestNG.java:115)
at org.testng.remote.RemoteTestNG.initAndRun(RemoteTestNG.java:251)
at org.testng.remote.RemoteTestNG.main(RemoteTestNG.java:77)
]]>
    </failure>
  </testcase> <!-- register -->
  <system-out>
Clicked on register button successfully First name entered successfully Last name entered successfully Username entered successfully Country code selected successfully Phone no. entered successfully Email id entered successfully Password entered successfully Confirm password entered successfully  </system-out>
</testsuite> <!-- megastores.Registration -->
