<?xml version="1.0" encoding="UTF-8"?>
<!-- Generated by org.testng.reporters.JUnitReportReporter -->
<testsuite skipped="3" hostname="Rahul" name="megastores.product_review_thumb_login" tests="5" failures="1" timestamp="2020-06-12T16:35:29 IST" time="193.236" errors="0">
  <testcase name="goto_login" time="37.509" classname="megastores.product_review_thumb_login"/>
  <system-out>
Username entered successfully Password entered successfully Clicked on login button successfully Login successfull  </system-out>
  <testcase name="vote_review" time="32.875" classname="megastores.product_review_thumb_login">
    <skipped/>
  </testcase> <!-- vote_review -->
  <system-out>
Go to trending product Clicked on product successfully Focus shifted to product detail view successfully Go to review tab  </system-out>
  <testcase name="vote_review" time="56.551" classname="megastores.product_review_thumb_login">
    <skipped/>
  </testcase> <!-- vote_review -->
  <system-out>
Go to dashboard Go to trending products Product selected successfully Focus shifted to product detail view successfully Go to review tab  </system-out>
  <testcase name="vote_review" time="32.922" classname="megastores.product_review_thumb_login">
    <skipped/>
  </testcase> <!-- vote_review -->
  <system-out>
Go to trending product Clicked on product successfully Focus shifted to product detail view successfully Go to review tab  </system-out>
  <testcase name="vote_review" time="33.379" classname="megastores.product_review_thumb_login">
    <failure type="java.lang.AssertionError" message="null">
      <![CDATA[java.lang.AssertionError: null
at org.testng.Assert.fail(Assert.java:97)
at org.testng.Assert.fail(Assert.java:102)
at megastores.product_review_thumb_login.vote_review(product_review_thumb_login.java:236)
at sun.reflect.NativeMethodAccessorImpl.invoke0(Native Method)
at sun.reflect.NativeMethodAccessorImpl.invoke(NativeMethodAccessorImpl.java:62)
at sun.reflect.DelegatingMethodAccessorImpl.invoke(DelegatingMethodAccessorImpl.java:43)
at java.lang.reflect.Method.invoke(Method.java:498)
at org.testng.internal.MethodInvocationHelper.invokeMethod(MethodInvocationHelper.java:135)
at org.testng.internal.TestInvoker.invokeMethod(TestInvoker.java:598)
at org.testng.internal.TestInvoker.retryFailed(TestInvoker.java:214)
at org.testng.internal.MethodRunner.runInSequence(MethodRunner.java:58)
at org.testng.internal.TestInvoker$MethodInvocationAgent.invoke(TestInvoker.java:821)
at org.testng.internal.TestInvoker.invokeTestMethods(TestInvoker.java:147)
at org.testng.internal.TestMethodWorker.invokeTestMethods(TestMethodWorker.java:146)
at org.testng.internal.TestMethodWorker.run(TestMethodWorker.java:128)
at java.util.ArrayList.forEach(ArrayList.java:1257)
at org.testng.TestRunner.privateRun(TestRunner.java:767)
at org.testng.TestRunner.run(TestRunner.java:588)
at org.testng.SuiteRunner.runTest(SuiteRunner.java:384)
at org.testng.SuiteRunner.runSequentially(SuiteRunner.java:378)
at org.testng.SuiteRunner.privateRun(SuiteRunner.java:337)
at org.testng.SuiteRunner.run(SuiteRunner.java:286)
at org.testng.SuiteRunnerWorker.runSuite(SuiteRunnerWorker.java:53)
at org.testng.SuiteRunnerWorker.run(SuiteRunnerWorker.java:96)
at org.testng.TestNG.runSuitesSequentially(TestNG.java:1214)
at org.testng.TestNG.runSuitesLocally(TestNG.java:1136)
at org.testng.TestNG.runSuites(TestNG.java:1066)
at org.testng.TestNG.run(TestNG.java:1034)
at org.testng.remote.AbstractRemoteTestNG.run(AbstractRemoteTestNG.java:115)
at org.testng.remote.RemoteTestNG.initAndRun(RemoteTestNG.java:251)
at org.testng.remote.RemoteTestNG.main(RemoteTestNG.java:77)
]]>
    </failure>
  </testcase> <!-- vote_review -->
  <system-out>
Go to trending product Clicked on product successfully Focus shifted to product detail view successfully Go to review tab  </system-out>
</testsuite> <!-- megastores.product_review_thumb_login -->
